INFO  18:23:47,681 [saros-DispatchContext] (NegotiationPacketListener.java:227) Starting Saros 16.0.1 running:
  Java Version: 1.8.0_251
  Java Vendor: Oracle Corporation
  Eclipse Runtime Version: 3.17.100.v20200203-0917
  Operating System: Windows 10 (10.0)
  Hardware Architecture: amd64
INFO  18:23:47,712 [saros-DispatchContext] (NegotiationPacketListener.java:227) initializing context...
INFO  18:23:48,343 [saros-DispatchContext] (NegotiationPacketListener.java:227) initializing preference default values
INFO  18:23:48,403 [saros-DispatchContext] (NegotiationPacketListener.java:227) successfully initialized context
INFO  18:24:56,644 [saros-DispatchContext] (NegotiationPacketListener.java:227) received invitation from oop_scal@saros-con.imp.fu-berlin.de/Saros [negotiation id: -885922707940550925, session id: 481315070, version: 16.0.1]
INFO  18:25:15,069 [ModalContext] (SarosSessionManager.java:288) joined uninitialized Saros session
INFO  18:25:15,071 [ModalContext] (DataTransferManager.java:269) establishing connection to oop_scal@saros-con.imp.fu-berlin.de/Saros from zhang_laptopoop@saros-con.imp.fu-berlin.de/Saros using stream service XMPP-Socks5-Stream-Service
WARN  18:25:17,502 [Smack Listener Processor (0)] (SubscriptionHandler.java:128) received error presence package from saros_481315070@conference.saros-con.imp.fu-berlin.de/zhang_laptopoop@saros-con.imp.fu-berlin.de/Saros, condition: not-authorized, message: A password is required to enter this room
INFO  18:25:17,524 [saros-DispatchContext] (SarosSession.java:354) user zhang_oop2020@saros-con.imp.fu-berlin.de/Saros joined session
INFO  18:25:18,319 [saros-DispatchContext] (NegotiationPacketListener.java:310) received project negotiation from oop_scal@saros-con.imp.fu-berlin.de/Saros with negotiation id: -4919441205276836510
DEBUG 18:25:18,664 [Smack Listener Processor (0)] (MultiUserChatStateManager.java:98) Incoming Message from saros_481315070@conference.saros-con.imp.fu-berlin.de/oop_scal@saros-con.imp.fu-berlin.de/Saros with state: active
DEBUG 18:25:18,704 [Smack Listener Processor (0)] (MultiUserChatStateManager.java:98) Incoming Message from saros_481315070@conference.saros-con.imp.fu-berlin.de/zhang_oop2020@saros-con.imp.fu-berlin.de/Saros with state: active
DEBUG 18:25:18,882 [Smack Listener Processor (0)] (MultiUserChatStateManager.java:98) Incoming Message from saros_481315070@conference.saros-con.imp.fu-berlin.de/zhang_laptopoop@saros-con.imp.fu-berlin.de/Saros with state: active
DEBUG 18:25:21,680 [Smack Listener Processor (0)] (MultiUserChatStateManager.java:98) Incoming Message from saros_481315070@conference.saros-con.imp.fu-berlin.de/oop_scal@saros-con.imp.fu-berlin.de/Saros with state: composing
DEBUG 18:25:22,091 [Smack Listener Processor (0)] (MultiUserChatStateManager.java:98) Incoming Message from saros_481315070@conference.saros-con.imp.fu-berlin.de/oop_scal@saros-con.imp.fu-berlin.de/Saros with state: inactive
INFO  18:25:23,166 [saros-DispatchContext] (SarosSession.java:389) user oop_scal@saros-con.imp.fu-berlin.de/Saros now has Projects and can process IResourceActivities
WARN  18:25:26,481 [pool-8-thread-1] (Socks5StreamService.java:329) [SOCKS5Transport] Received response connection without a running connect
DEBUG 18:25:26,776 [Smack Listener Processor (0)] (MultiUserChatStateManager.java:98) Incoming Message from saros_481315070@conference.saros-con.imp.fu-berlin.de/oop_scal@saros-con.imp.fu-berlin.de/Saros with state: composing
DEBUG 18:25:27,302 [Smack Listener Processor (0)] (MultiUserChatStateManager.java:98) Incoming Message from saros_481315070@conference.saros-con.imp.fu-berlin.de/oop_scal@saros-con.imp.fu-berlin.de/Saros with state: inactive
INFO  18:25:29,081 [saros-DispatchContext] (SarosSession.java:389) user oop_scal@saros-con.imp.fu-berlin.de/Saros now has Projects and can process IResourceActivities
DEBUG 18:25:29,136 [Smack Listener Processor (0)] (MultiUserChatStateManager.java:98) Incoming Message from saros_481315070@conference.saros-con.imp.fu-berlin.de/oop_scal@saros-con.imp.fu-berlin.de/Saros with state: composing
DEBUG 18:25:29,347 [Smack Listener Processor (0)] (MultiUserChatStateManager.java:98) Incoming Message from saros_481315070@conference.saros-con.imp.fu-berlin.de/oop_scal@saros-con.imp.fu-berlin.de/Saros with state: inactive
DEBUG 18:25:30,081 [Smack Listener Processor (0)] (MultiUserChatStateManager.java:98) Incoming Message from saros_481315070@conference.saros-con.imp.fu-berlin.de/oop_scal@saros-con.imp.fu-berlin.de/Saros with state: composing
WARN  18:25:30,111 [Worker-13: Building] (SharedResourcesManager.java:332) Resource changed while paused:
C(0) /
C(0) /FBdemo
C(0) /FBdemo/src
C(0) /FBdemo/src/main
C(0) /FBdemo/src/main/java
C(0) /FBdemo/src/main/java/univpm
C(0) /FBdemo/src/main/java/univpm/esempio
C(0) /FBdemo/src/main/java/univpm/esempio/App
C(M) /FBdemo/src/main/java/univpm/esempio/App/DemoApplication.java
C(0) /FBdemo/src/main/java/univpm/esempio/App/controller
C(M) /FBdemo/src/main/java/univpm/esempio/App/controller/simpleRestController.java
C(0) /FBdemo/src/main/java/univpm/esempio/interf
C(M) /FBdemo/src/main/java/univpm/esempio/interf/Download.java
C(0) /FBdemo/src/main/java/univpm/esempio/model
C(M) /FBdemo/src/main/java/univpm/esempio/model/ALL_post.java
C(M) /FBdemo/src/main/java/univpm/esempio/model/FB_page_info.java
C(M) /FBdemo/src/main/java/univpm/esempio/model/modello.java
C(M) /FBdemo/src/main/java/univpm/esempio/model/page_post.java
A /FBdemo/target
A * /FBdemo/target/classes
A * /FBdemo/target/classes/univpm
A * /FBdemo/target/classes/univpm/esempio
A * /FBdemo/target/classes/univpm/esempio/App
A * /FBdemo/target/classes/univpm/esempio/App/DemoApplication.class
A * /FBdemo/target/classes/univpm/esempio/App/controller
A * /FBdemo/target/classes/univpm/esempio/App/controller/simpleRestController.class
A * /FBdemo/target/classes/univpm/esempio/interf
A * /FBdemo/target/classes/univpm/esempio/interf/Download.class
A * /FBdemo/target/classes/univpm/esempio/model
A * /FBdemo/target/classes/univpm/esempio/model/ALL_post.class
A * /FBdemo/target/classes/univpm/esempio/model/FB_page_info$metric_values.class
A * /FBdemo/target/classes/univpm/esempio/model/FB_page_info.class
A * /FBdemo/target/classes/univpm/esempio/model/modello.class
A * /FBdemo/target/classes/univpm/esempio/model/page_post$Impression.class
A * /FBdemo/target/classes/univpm/esempio/model/page_post$Reactions.class
A * /FBdemo/target/classes/univpm/esempio/model/page_post$property.class
A * /FBdemo/target/classes/univpm/esempio/model/page_post.class
A * /FBdemo/target/test-classes
A * /FBdemo/target/test-classes/univpm
A * /FBdemo/target/test-classes/univpm/esempio
A * /FBdemo/target/test-classes/univpm/esempio/demo
A * /FBdemo/target/test-classes/univpm/esempio/demo/DemoApplicationTests.class

DEBUG 18:25:30,126 [Smack Listener Processor (0)] (MultiUserChatStateManager.java:98) Incoming Message from saros_481315070@conference.saros-con.imp.fu-berlin.de/oop_scal@saros-con.imp.fu-berlin.de/Saros with state: inactive
DEBUG 18:25:30,479 [Smack Listener Processor (0)] (MultiUserChatStateManager.java:98) Incoming Message from saros_481315070@conference.saros-con.imp.fu-berlin.de/oop_scal@saros-con.imp.fu-berlin.de/Saros with state: composing
DEBUG 18:25:30,602 [Smack Listener Processor (0)] (MultiUserChatStateManager.java:98) Incoming Message from saros_481315070@conference.saros-con.imp.fu-berlin.de/oop_scal@saros-con.imp.fu-berlin.de/Saros with state: inactive
DEBUG 18:25:30,903 [Smack Listener Processor (0)] (MultiUserChatStateManager.java:98) Incoming Message from saros_481315070@conference.saros-con.imp.fu-berlin.de/oop_scal@saros-con.imp.fu-berlin.de/Saros with state: composing
DEBUG 18:25:30,905 [Smack Listener Processor (0)] (MultiUserChatStateManager.java:98) Incoming Message from saros_481315070@conference.saros-con.imp.fu-berlin.de/oop_scal@saros-con.imp.fu-berlin.de/Saros with state: inactive
DEBUG 18:25:30,906 [Smack Listener Processor (0)] (MultiUserChatStateManager.java:98) Incoming Message from saros_481315070@conference.saros-con.imp.fu-berlin.de/oop_scal@saros-con.imp.fu-berlin.de/Saros with state: composing
DEBUG 18:25:31,569 [Smack Listener Processor (0)] (MultiUserChatStateManager.java:98) Incoming Message from saros_481315070@conference.saros-con.imp.fu-berlin.de/oop_scal@saros-con.imp.fu-berlin.de/Saros with state: inactive
DEBUG 18:25:31,569 [Smack Listener Processor (0)] (MultiUserChatStateManager.java:98) Incoming Message from saros_481315070@conference.saros-con.imp.fu-berlin.de/oop_scal@saros-con.imp.fu-berlin.de/Saros with state: composing
DEBUG 18:25:31,612 [Smack Listener Processor (0)] (MultiUserChatStateManager.java:98) Incoming Message from saros_481315070@conference.saros-con.imp.fu-berlin.de/oop_scal@saros-con.imp.fu-berlin.de/Saros with state: inactive
DEBUG 18:25:32,354 [Smack Listener Processor (0)] (MultiUserChatStateManager.java:98) Incoming Message from saros_481315070@conference.saros-con.imp.fu-berlin.de/oop_scal@saros-con.imp.fu-berlin.de/Saros with state: composing
DEBUG 18:25:33,353 [Smack Listener Processor (0)] (MultiUserChatStateManager.java:98) Incoming Message from saros_481315070@conference.saros-con.imp.fu-berlin.de/oop_scal@saros-con.imp.fu-berlin.de/Saros with state: inactive
DEBUG 18:25:35,967 [Smack Listener Processor (0)] (MultiUserChatStateManager.java:98) Incoming Message from saros_481315070@conference.saros-con.imp.fu-berlin.de/oop_scal@saros-con.imp.fu-berlin.de/Saros with state: composing
DEBUG 18:25:36,107 [Smack Listener Processor (0)] (MultiUserChatStateManager.java:98) Incoming Message from saros_481315070@conference.saros-con.imp.fu-berlin.de/oop_scal@saros-con.imp.fu-berlin.de/Saros with state: inactive
DEBUG 18:25:36,410 [Smack Listener Processor (0)] (MultiUserChatStateManager.java:98) Incoming Message from saros_481315070@conference.saros-con.imp.fu-berlin.de/oop_scal@saros-con.imp.fu-berlin.de/Saros with state: composing
DEBUG 18:25:36,547 [Smack Listener Processor (0)] (MultiUserChatStateManager.java:98) Incoming Message from saros_481315070@conference.saros-con.imp.fu-berlin.de/oop_scal@saros-con.imp.fu-berlin.de/Saros with state: inactive
DEBUG 18:25:37,194 [Smack Listener Processor (0)] (MultiUserChatStateManager.java:98) Incoming Message from saros_481315070@conference.saros-con.imp.fu-berlin.de/oop_scal@saros-con.imp.fu-berlin.de/Saros with state: composing
DEBUG 18:25:37,555 [Smack Listener Processor (0)] (MultiUserChatStateManager.java:98) Incoming Message from saros_481315070@conference.saros-con.imp.fu-berlin.de/oop_scal@saros-con.imp.fu-berlin.de/Saros with state: inactive
ERROR 18:42:17,303 [saros-activity-sender] (ActivitySequencer.java:528) failed to sent activities: [JupiterActivity(timestamp: [16,68], operation: Noop(0,''), source: zhang_laptopoop@saros-con.imp.fu-berlin.de/Saros), JupiterActivity(timestamp: [16,79], operation: Noop(0,''), source: zhang_laptopoop@saros-con.imp.fu-berlin.de/Saros), JupiterActivity(timestamp: [16,33], operation: Noop(0,''), source: zhang_laptopoop@saros-con.imp.fu-berlin.de/Saros), JupiterActivity(timestamp: [16,56], operation: Noop(0,''), source: zhang_laptopoop@saros-con.imp.fu-berlin.de/Saros)]
java.io.IOException: not connected to oop_scal@saros-con.imp.fu-berlin.de/Saros [connection identifier=saros-main-session]
	at saros.net.internal.XMPPTransmitter.send(XMPPTransmitter.java:96)
	at saros.session.internal.ActivitySequencer.sendActivities(ActivitySequencer.java:526)
	at saros.session.internal.ActivitySequencer.access$3(ActivitySequencer.java:461)
	at saros.session.internal.ActivitySequencer$2.run(ActivitySequencer.java:147)
	at saros.util.ThreadUtils$1.run(ThreadUtils.java:34)
	at java.lang.Thread.run(Unknown Source)
INFO  18:42:17,320 [saros-kill-session-tx] (SarosSessionManager.java:332) session stopped
ERROR 18:42:28,400 [Smack Packet Reader (0)] (XMPPConnectionService.java:104) XMPP connection error: 
java.net.SocketTimeoutException: Read timed out
	at java.net.SocketInputStream.socketRead0(Native Method)
	at java.net.SocketInputStream.socketRead(Unknown Source)
	at java.net.SocketInputStream.read(Unknown Source)
	at java.net.SocketInputStream.read(Unknown Source)
	at sun.security.ssl.InputRecord.readFully(Unknown Source)
	at sun.security.ssl.InputRecord.read(Unknown Source)
	at sun.security.ssl.SSLSocketImpl.readRecord(Unknown Source)
	at sun.security.ssl.SSLSocketImpl.readDataRecord(Unknown Source)
	at sun.security.ssl.AppInputStream.read(Unknown Source)
	at sun.nio.cs.StreamDecoder.readBytes(Unknown Source)
	at sun.nio.cs.StreamDecoder.implRead(Unknown Source)
	at sun.nio.cs.StreamDecoder.read(Unknown Source)
	at java.io.InputStreamReader.read(Unknown Source)
	at java.io.BufferedReader.fill(Unknown Source)
	at java.io.BufferedReader.read1(Unknown Source)
	at java.io.BufferedReader.read(Unknown Source)
	at org.xmlpull.mxp1.MXParser.fillBuf(MXParser.java:2992)
	at org.xmlpull.mxp1.MXParser.more(MXParser.java:3046)
	at org.xmlpull.mxp1.MXParser.nextImpl(MXParser.java:1144)
	at org.xmlpull.mxp1.MXParser.next(MXParser.java:1093)
	at org.jivesoftware.smack.PacketReader.parsePackets(PacketReader.java:312)
	at org.jivesoftware.smack.PacketReader.access$000(PacketReader.java:48)
	at org.jivesoftware.smack.PacketReader$1.run(PacketReader.java:76)
ERROR 18:42:28,401 [Smack Packet Reader (0)] (XMPPConnectionService.java:386)  new connection state == ERROR
java.net.SocketTimeoutException: Read timed out
	at java.net.SocketInputStream.socketRead0(Native Method)
	at java.net.SocketInputStream.socketRead(Unknown Source)
	at java.net.SocketInputStream.read(Unknown Source)
	at java.net.SocketInputStream.read(Unknown Source)
	at sun.security.ssl.InputRecord.readFully(Unknown Source)
	at sun.security.ssl.InputRecord.read(Unknown Source)
	at sun.security.ssl.SSLSocketImpl.readRecord(Unknown Source)
	at sun.security.ssl.SSLSocketImpl.readDataRecord(Unknown Source)
	at sun.security.ssl.AppInputStream.read(Unknown Source)
	at sun.nio.cs.StreamDecoder.readBytes(Unknown Source)
	at sun.nio.cs.StreamDecoder.implRead(Unknown Source)
	at sun.nio.cs.StreamDecoder.read(Unknown Source)
	at java.io.InputStreamReader.read(Unknown Source)
	at java.io.BufferedReader.fill(Unknown Source)
	at java.io.BufferedReader.read1(Unknown Source)
	at java.io.BufferedReader.read(Unknown Source)
	at org.xmlpull.mxp1.MXParser.fillBuf(MXParser.java:2992)
	at org.xmlpull.mxp1.MXParser.more(MXParser.java:3046)
	at org.xmlpull.mxp1.MXParser.nextImpl(MXParser.java:1144)
	at org.xmlpull.mxp1.MXParser.next(MXParser.java:1093)
	at org.jivesoftware.smack.PacketReader.parsePackets(PacketReader.java:312)
	at org.jivesoftware.smack.PacketReader.access$000(PacketReader.java:48)
	at org.jivesoftware.smack.PacketReader$1.run(PacketReader.java:76)
INFO  22:35:27,571 [saros-DispatchContext] (NegotiationPacketListener.java:227) received invitation from oop_scal@saros-con.imp.fu-berlin.de/Saros [negotiation id: 6019234565903006073, session id: 548112568, version: 16.0.1]
INFO  22:35:30,297 [ModalContext] (SarosSessionManager.java:288) joined uninitialized Saros session
INFO  22:35:30,298 [ModalContext] (DataTransferManager.java:269) establishing connection to oop_scal@saros-con.imp.fu-berlin.de/Saros from zhang_laptopoop@saros-con.imp.fu-berlin.de/Saros using stream service XMPP-Socks5-Stream-Service
WARN  22:35:32,699 [Smack Listener Processor (1)] (SubscriptionHandler.java:128) received error presence package from saros_548112568@conference.saros-con.imp.fu-berlin.de/zhang_laptopoop@saros-con.imp.fu-berlin.de/Saros, condition: not-authorized, message: A password is required to enter this room
INFO  22:35:32,704 [saros-DispatchContext] (SarosSession.java:354) user zhang_oop2020@saros-con.imp.fu-berlin.de/Saros joined session
WARN  22:35:33,212 [pool-12-thread-1] (Socks5StreamService.java:329) [SOCKS5Transport] Received response connection without a running connect
DEBUG 22:35:33,815 [Smack Listener Processor (1)] (MultiUserChatStateManager.java:98) Incoming Message from saros_548112568@conference.saros-con.imp.fu-berlin.de/oop_scal@saros-con.imp.fu-berlin.de/Saros with state: active
DEBUG 22:35:33,815 [Smack Listener Processor (1)] (MultiUserChatStateManager.java:98) Incoming Message from saros_548112568@conference.saros-con.imp.fu-berlin.de/zhang_oop2020@saros-con.imp.fu-berlin.de/Saros with state: active
INFO  22:35:33,825 [saros-DispatchContext] (NegotiationPacketListener.java:310) received project negotiation from oop_scal@saros-con.imp.fu-berlin.de/Saros with negotiation id: 9040197267259049913
DEBUG 22:35:33,857 [Smack Listener Processor (1)] (MultiUserChatStateManager.java:98) Incoming Message from saros_548112568@conference.saros-con.imp.fu-berlin.de/oop_scal@saros-con.imp.fu-berlin.de/Saros with state: composing
DEBUG 22:35:33,858 [Smack Listener Processor (1)] (MultiUserChatStateManager.java:98) Incoming Message from saros_548112568@conference.saros-con.imp.fu-berlin.de/oop_scal@saros-con.imp.fu-berlin.de/Saros with state: inactive
DEBUG 22:35:34,238 [Smack Listener Processor (1)] (MultiUserChatStateManager.java:98) Incoming Message from saros_548112568@conference.saros-con.imp.fu-berlin.de/zhang_laptopoop@saros-con.imp.fu-berlin.de/Saros with state: active
DEBUG 22:35:37,618 [Smack Listener Processor (1)] (MultiUserChatStateManager.java:98) Incoming Message from saros_548112568@conference.saros-con.imp.fu-berlin.de/oop_scal@saros-con.imp.fu-berlin.de/Saros with state: composing
DEBUG 22:35:37,675 [Smack Listener Processor (1)] (MultiUserChatStateManager.java:98) Incoming Message from saros_548112568@conference.saros-con.imp.fu-berlin.de/oop_scal@saros-con.imp.fu-berlin.de/Saros with state: inactive
DEBUG 22:35:40,053 [Smack Listener Processor (1)] (MultiUserChatStateManager.java:98) Incoming Message from saros_548112568@conference.saros-con.imp.fu-berlin.de/oop_scal@saros-con.imp.fu-berlin.de/Saros with state: composing
DEBUG 22:35:40,303 [Smack Listener Processor (1)] (MultiUserChatStateManager.java:98) Incoming Message from saros_548112568@conference.saros-con.imp.fu-berlin.de/oop_scal@saros-con.imp.fu-berlin.de/Saros with state: inactive
DEBUG 22:35:40,996 [Smack Listener Processor (1)] (MultiUserChatStateManager.java:98) Incoming Message from saros_548112568@conference.saros-con.imp.fu-berlin.de/oop_scal@saros-con.imp.fu-berlin.de/Saros with state: composing
DEBUG 22:35:41,203 [Smack Listener Processor (1)] (MultiUserChatStateManager.java:98) Incoming Message from saros_548112568@conference.saros-con.imp.fu-berlin.de/oop_scal@saros-con.imp.fu-berlin.de/Saros with state: inactive
DEBUG 22:35:41,717 [Smack Listener Processor (1)] (MultiUserChatStateManager.java:98) Incoming Message from saros_548112568@conference.saros-con.imp.fu-berlin.de/oop_scal@saros-con.imp.fu-berlin.de/Saros with state: composing
DEBUG 22:35:41,867 [Smack Listener Processor (1)] (MultiUserChatStateManager.java:98) Incoming Message from saros_548112568@conference.saros-con.imp.fu-berlin.de/oop_scal@saros-con.imp.fu-berlin.de/Saros with state: inactive
DEBUG 22:35:42,950 [Smack Listener Processor (1)] (MultiUserChatStateManager.java:98) Incoming Message from saros_548112568@conference.saros-con.imp.fu-berlin.de/oop_scal@saros-con.imp.fu-berlin.de/Saros with state: composing
DEBUG 22:35:43,096 [Smack Listener Processor (1)] (MultiUserChatStateManager.java:98) Incoming Message from saros_548112568@conference.saros-con.imp.fu-berlin.de/oop_scal@saros-con.imp.fu-berlin.de/Saros with state: inactive
DEBUG 22:35:45,031 [Smack Listener Processor (1)] (MultiUserChatStateManager.java:98) Incoming Message from saros_548112568@conference.saros-con.imp.fu-berlin.de/oop_scal@saros-con.imp.fu-berlin.de/Saros with state: composing
DEBUG 22:35:45,602 [Smack Listener Processor (1)] (MultiUserChatStateManager.java:98) Incoming Message from saros_548112568@conference.saros-con.imp.fu-berlin.de/oop_scal@saros-con.imp.fu-berlin.de/Saros with state: inactive
INFO  22:35:49,136 [saros-DispatchContext] (SarosSession.java:389) user oop_scal@saros-con.imp.fu-berlin.de/Saros now has Projects and can process IResourceActivities
INFO  00:51:11,508 [saros-stop-host] (SarosSessionManager.java:332) session stopped
INFO  02:38:55,289 [saros-shutdown] (ContainerContext.java:205) disposing context...
INFO  02:38:55,289 [saros-shutdown] (ContainerContext.java:209) successfully disposed context
INFO  02:38:55,511 [Framework stop] (Saros.java:137) Stopping Saros 16.0.1
