INFO  17:32:28,645 [Worker-17: Session Startup] (ConsistencyAction.java:172) Starting Saros 16.0.1 running:
  Java Version: 1.8.0_221
  Java Vendor: Oracle Corporation
  Eclipse Runtime Version: 3.17.100.v20200203-0917
  Operating System: Windows 10 (10.0)
  Hardware Architecture: amd64
INFO  17:32:28,665 [Worker-17: Session Startup] (ConsistencyAction.java:172) initializing context...
INFO  17:32:29,348 [Worker-17: Session Startup] (ConsistencyAction.java:172) initializing preference default values
INFO  17:32:29,381 [Worker-17: Session Startup] (ConsistencyAction.java:172) successfully initialized context
WARN  17:33:30,711 [Worker-17: Session Startup] (ConsistencyAction.java:172) watchdog client component is not available, cannot perform inconsistency notification
DEBUG 17:33:31,987 [Smack Listener Processor (0)] (MultiUserChatStateManager.java:98) Incoming Message from saros_2101589627@conference.saros-con.imp.fu-berlin.de/zhang_oop2020@saros-con.imp.fu-berlin.de/Saros with state: active
INFO  17:33:32,195 [Worker-17: Session Startup] (SarosSessionManager.java:272) session started
INFO  17:33:37,862 [Worker-6: Inviting oop_scal@saros-con.imp.fu-berlin.de (oop_scal@saros-con.imp.fu-berlin.de)...] (SarosSession.java:354) user oop_scal@saros-con.imp.fu-berlin.de/Saros joined session
DEBUG 17:33:38,404 [Smack Listener Processor (0)] (MultiUserChatStateManager.java:98) Incoming Message from saros_2101589627@conference.saros-con.imp.fu-berlin.de/oop_scal@saros-con.imp.fu-berlin.de/Saros with state: active
INFO  17:33:45,244 [Worker-12: Synchronizing projects] (SarosSession.java:360) user oop_scal@saros-con.imp.fu-berlin.de/Saros started queuing projects and can receive IResourceActivities
INFO  17:33:46,056 [Worker-12: Synchronizing projects] (SarosSession.java:389) user oop_scal@saros-con.imp.fu-berlin.de/Saros now has Projects and can process IResourceActivities
DEBUG 17:33:50,385 [Smack Listener Processor (0)] (MultiUserChatStateManager.java:98) Incoming Message from saros_2101589627@conference.saros-con.imp.fu-berlin.de/oop_scal@saros-con.imp.fu-berlin.de/Saros with state: composing
DEBUG 17:33:51,324 [Smack Listener Processor (0)] (MultiUserChatStateManager.java:98) Incoming Message from saros_2101589627@conference.saros-con.imp.fu-berlin.de/oop_scal@saros-con.imp.fu-berlin.de/Saros with state: inactive
DEBUG 17:33:57,682 [Smack Listener Processor (0)] (MultiUserChatStateManager.java:98) Incoming Message from saros_2101589627@conference.saros-con.imp.fu-berlin.de/oop_scal@saros-con.imp.fu-berlin.de/Saros with state: composing
DEBUG 17:33:58,326 [Smack Listener Processor (0)] (MultiUserChatStateManager.java:98) Incoming Message from saros_2101589627@conference.saros-con.imp.fu-berlin.de/oop_scal@saros-con.imp.fu-berlin.de/Saros with state: inactive
DEBUG 17:33:59,959 [Smack Listener Processor (0)] (MultiUserChatStateManager.java:98) Incoming Message from saros_2101589627@conference.saros-con.imp.fu-berlin.de/oop_scal@saros-con.imp.fu-berlin.de/Saros with state: composing
DEBUG 17:34:00,004 [Smack Listener Processor (0)] (MultiUserChatStateManager.java:98) Incoming Message from saros_2101589627@conference.saros-con.imp.fu-berlin.de/oop_scal@saros-con.imp.fu-berlin.de/Saros with state: inactive
DEBUG 17:34:01,096 [Smack Listener Processor (0)] (MultiUserChatStateManager.java:98) Incoming Message from saros_2101589627@conference.saros-con.imp.fu-berlin.de/oop_scal@saros-con.imp.fu-berlin.de/Saros with state: composing
DEBUG 17:34:01,141 [Smack Listener Processor (0)] (MultiUserChatStateManager.java:98) Incoming Message from saros_2101589627@conference.saros-con.imp.fu-berlin.de/oop_scal@saros-con.imp.fu-berlin.de/Saros with state: inactive
DEBUG 17:34:01,359 [Smack Listener Processor (0)] (MultiUserChatStateManager.java:98) Incoming Message from saros_2101589627@conference.saros-con.imp.fu-berlin.de/oop_scal@saros-con.imp.fu-berlin.de/Saros with state: composing
DEBUG 17:34:01,496 [Smack Listener Processor (0)] (MultiUserChatStateManager.java:98) Incoming Message from saros_2101589627@conference.saros-con.imp.fu-berlin.de/oop_scal@saros-con.imp.fu-berlin.de/Saros with state: inactive
DEBUG 17:34:01,801 [Smack Listener Processor (0)] (MultiUserChatStateManager.java:98) Incoming Message from saros_2101589627@conference.saros-con.imp.fu-berlin.de/oop_scal@saros-con.imp.fu-berlin.de/Saros with state: composing
DEBUG 17:34:01,802 [Smack Listener Processor (0)] (MultiUserChatStateManager.java:98) Incoming Message from saros_2101589627@conference.saros-con.imp.fu-berlin.de/oop_scal@saros-con.imp.fu-berlin.de/Saros with state: inactive
DEBUG 17:34:01,802 [Smack Listener Processor (0)] (MultiUserChatStateManager.java:98) Incoming Message from saros_2101589627@conference.saros-con.imp.fu-berlin.de/oop_scal@saros-con.imp.fu-berlin.de/Saros with state: composing
DEBUG 17:34:02,470 [Smack Listener Processor (0)] (MultiUserChatStateManager.java:98) Incoming Message from saros_2101589627@conference.saros-con.imp.fu-berlin.de/oop_scal@saros-con.imp.fu-berlin.de/Saros with state: inactive
DEBUG 17:34:02,471 [Smack Listener Processor (0)] (MultiUserChatStateManager.java:98) Incoming Message from saros_2101589627@conference.saros-con.imp.fu-berlin.de/oop_scal@saros-con.imp.fu-berlin.de/Saros with state: composing
DEBUG 17:34:02,471 [Smack Listener Processor (0)] (MultiUserChatStateManager.java:98) Incoming Message from saros_2101589627@conference.saros-con.imp.fu-berlin.de/oop_scal@saros-con.imp.fu-berlin.de/Saros with state: inactive
DEBUG 17:34:03,509 [Smack Listener Processor (0)] (MultiUserChatStateManager.java:98) Incoming Message from saros_2101589627@conference.saros-con.imp.fu-berlin.de/oop_scal@saros-con.imp.fu-berlin.de/Saros with state: composing
DEBUG 17:34:05,195 [Smack Listener Processor (0)] (MultiUserChatStateManager.java:98) Incoming Message from saros_2101589627@conference.saros-con.imp.fu-berlin.de/oop_scal@saros-con.imp.fu-berlin.de/Saros with state: inactive
WARN  17:54:00,946 [main] (TextEditActivity.java:312) NoOp Text edit: new '' old ''
ERROR 18:29:09,914 [main] (FolderActivityConsumer.java:67) failed to execute folder activity: FolderCreatedActivity [path=SPath [project=P/FB_project (EclipseProjectImpl), projectRelativePath=src/main/java/univpm/OOP2020/Body]]
org.eclipse.core.internal.resources.ResourceException(/FB_project/src/main/java/univpm/OOP2020/body)[275]: java.lang.Exception: A resource exists with a different case: '/FB_project/src/main/java/univpm/OOP2020/body'.
	at org.eclipse.core.internal.resources.ResourceException.provideStackTrace(ResourceException.java:42)
	at org.eclipse.core.internal.resources.ResourceException.<init>(ResourceException.java:38)
	at org.eclipse.core.internal.resources.Resource.checkDoesNotExist(Resource.java:318)
	at org.eclipse.core.internal.resources.Resource.checkDoesNotExist(Resource.java:296)
	at org.eclipse.core.internal.resources.Folder.assertCreateRequirements(Folder.java:33)
	at org.eclipse.core.internal.resources.Folder.create(Folder.java:93)
	at org.eclipse.core.internal.resources.Folder.create(Folder.java:121)
	at saros.util.FileUtils.create(FileUtils.java:86)
	at saros.project.FolderActivityConsumer.receive(FolderActivityConsumer.java:65)
	at saros.activities.FolderCreatedActivity.dispatch(FolderCreatedActivity.java:19)
	at saros.session.AbstractActivityConsumer.exec(AbstractActivityConsumer.java:79)
	at saros.project.FolderActivityConsumer.exec(FolderActivityConsumer.java:49)
	at saros.session.internal.SarosSession$2.execute(SarosSession.java:193)
	at saros.session.internal.ActivityHandler$3.run(ActivityHandler.java:358)
	at saros.util.ThreadUtils$1.run(ThreadUtils.java:34)
	at org.eclipse.swt.widgets.RunnableLock.run(RunnableLock.java:40)
	at org.eclipse.swt.widgets.Synchronizer.runAsyncMessages(Synchronizer.java:185)
	at org.eclipse.swt.widgets.Display.runAsyncMessages(Display.java:3897)
	at org.eclipse.swt.widgets.Display.readAndDispatch(Display.java:3527)
	at org.eclipse.e4.ui.internal.workbench.swt.PartRenderingEngine$5.run(PartRenderingEngine.java:1160)
	at org.eclipse.core.databinding.observable.Realm.runWithDefault(Realm.java:338)
	at org.eclipse.e4.ui.internal.workbench.swt.PartRenderingEngine.run(PartRenderingEngine.java:1049)
	at org.eclipse.e4.ui.internal.workbench.E4Workbench.createAndRunUI(E4Workbench.java:155)
	at org.eclipse.ui.internal.Workbench.lambda$3(Workbench.java:658)
	at org.eclipse.core.databinding.observable.Realm.runWithDefault(Realm.java:338)
	at org.eclipse.ui.internal.Workbench.createAndRunWorkbench(Workbench.java:557)
	at org.eclipse.ui.PlatformUI.createAndRunWorkbench(PlatformUI.java:154)
	at org.eclipse.ui.internal.ide.application.IDEApplication.start(IDEApplication.java:150)
	at org.eclipse.equinox.internal.app.EclipseAppHandle.run(EclipseAppHandle.java:203)
	at org.eclipse.core.runtime.internal.adaptor.EclipseAppLauncher.runApplication(EclipseAppLauncher.java:137)
	at org.eclipse.core.runtime.internal.adaptor.EclipseAppLauncher.start(EclipseAppLauncher.java:107)
	at org.eclipse.core.runtime.adaptor.EclipseStarter.run(EclipseStarter.java:401)
	at org.eclipse.core.runtime.adaptor.EclipseStarter.run(EclipseStarter.java:255)
	at sun.reflect.NativeMethodAccessorImpl.invoke0(Native Method)
	at sun.reflect.NativeMethodAccessorImpl.invoke(Unknown Source)
	at sun.reflect.DelegatingMethodAccessorImpl.invoke(Unknown Source)
	at java.lang.reflect.Method.invoke(Unknown Source)
	at org.eclipse.equinox.launcher.Main.invokeFramework(Main.java:657)
	at org.eclipse.equinox.launcher.Main.basicRun(Main.java:594)
	at org.eclipse.equinox.launcher.Main.run(Main.java:1447)
ERROR 18:29:09,971 [main] (FileActivityConsumer.java:67) failed to execute file activity: FileActivity [dst:path=SPath [project=P/FB_project (EclipseProjectImpl), projectRelativePath=src/main/java/univpm/OOP2020/Body/request_body.java], src:path=SPath [project=P/FB_project (EclipseProjectImpl), projectRelativePath=src/main/java/univpm/OOP2020/body/request_body.java], type=MOVED, encoding=N/A, content=1162 byte(s)]
org.eclipse.core.internal.resources.ResourceException(/FB_project/src/main/java/univpm/OOP2020/body)[275]: java.lang.Exception: A resource exists with a different case: '/FB_project/src/main/java/univpm/OOP2020/body'.
	at org.eclipse.core.internal.resources.ResourceException.provideStackTrace(ResourceException.java:42)
	at org.eclipse.core.internal.resources.ResourceException.<init>(ResourceException.java:38)
	at org.eclipse.core.internal.resources.Resource.checkDoesNotExist(Resource.java:318)
	at org.eclipse.core.internal.resources.Resource.checkDoesNotExist(Resource.java:296)
	at org.eclipse.core.internal.resources.Folder.assertCreateRequirements(Folder.java:33)
	at org.eclipse.core.internal.resources.Folder.create(Folder.java:93)
	at org.eclipse.core.internal.resources.Folder.create(Folder.java:121)
	at saros.util.FileUtils.mkdirs(FileUtils.java:70)
	at saros.project.FileActivityConsumer.handleFileMove(FileActivityConsumer.java:134)
	at saros.project.FileActivityConsumer.handleFileActivity(FileActivityConsumer.java:87)
	at saros.project.FileActivityConsumer.receive(FileActivityConsumer.java:65)
	at saros.activities.FileActivity.dispatch(FileActivity.java:168)
	at saros.session.AbstractActivityConsumer.exec(AbstractActivityConsumer.java:79)
	at saros.project.FileActivityConsumer.exec(FileActivityConsumer.java:56)
	at saros.session.internal.SarosSession$2.execute(SarosSession.java:193)
	at saros.session.internal.ActivityHandler$3.run(ActivityHandler.java:358)
	at saros.util.ThreadUtils$1.run(ThreadUtils.java:34)
	at org.eclipse.swt.widgets.RunnableLock.run(RunnableLock.java:40)
	at org.eclipse.swt.widgets.Synchronizer.runAsyncMessages(Synchronizer.java:185)
	at org.eclipse.swt.widgets.Display.runAsyncMessages(Display.java:3897)
	at org.eclipse.swt.widgets.Display.readAndDispatch(Display.java:3527)
	at org.eclipse.e4.ui.internal.workbench.swt.PartRenderingEngine$5.run(PartRenderingEngine.java:1160)
	at org.eclipse.core.databinding.observable.Realm.runWithDefault(Realm.java:338)
	at org.eclipse.e4.ui.internal.workbench.swt.PartRenderingEngine.run(PartRenderingEngine.java:1049)
	at org.eclipse.e4.ui.internal.workbench.E4Workbench.createAndRunUI(E4Workbench.java:155)
	at org.eclipse.ui.internal.Workbench.lambda$3(Workbench.java:658)
	at org.eclipse.core.databinding.observable.Realm.runWithDefault(Realm.java:338)
	at org.eclipse.ui.internal.Workbench.createAndRunWorkbench(Workbench.java:557)
	at org.eclipse.ui.PlatformUI.createAndRunWorkbench(PlatformUI.java:154)
	at org.eclipse.ui.internal.ide.application.IDEApplication.start(IDEApplication.java:150)
	at org.eclipse.equinox.internal.app.EclipseAppHandle.run(EclipseAppHandle.java:203)
	at org.eclipse.core.runtime.internal.adaptor.EclipseAppLauncher.runApplication(EclipseAppLauncher.java:137)
	at org.eclipse.core.runtime.internal.adaptor.EclipseAppLauncher.start(EclipseAppLauncher.java:107)
	at org.eclipse.core.runtime.adaptor.EclipseStarter.run(EclipseStarter.java:401)
	at org.eclipse.core.runtime.adaptor.EclipseStarter.run(EclipseStarter.java:255)
	at sun.reflect.NativeMethodAccessorImpl.invoke0(Native Method)
	at sun.reflect.NativeMethodAccessorImpl.invoke(Unknown Source)
	at sun.reflect.DelegatingMethodAccessorImpl.invoke(Unknown Source)
	at java.lang.reflect.Method.invoke(Unknown Source)
	at org.eclipse.equinox.launcher.Main.invokeFramework(Main.java:657)
	at org.eclipse.equinox.launcher.Main.basicRun(Main.java:594)
	at org.eclipse.equinox.launcher.Main.run(Main.java:1447)
ERROR 18:30:26,914 [main] (FolderActivityConsumer.java:67) failed to execute folder activity: FolderCreatedActivity [path=SPath [project=P/FB_project (EclipseProjectImpl), projectRelativePath=src/main/java/univpm/OOP2020/Model]]
org.eclipse.core.internal.resources.ResourceException(/FB_project/src/main/java/univpm/OOP2020/model)[275]: java.lang.Exception: A resource exists with a different case: '/FB_project/src/main/java/univpm/OOP2020/model'.
	at org.eclipse.core.internal.resources.ResourceException.provideStackTrace(ResourceException.java:42)
	at org.eclipse.core.internal.resources.ResourceException.<init>(ResourceException.java:38)
	at org.eclipse.core.internal.resources.Resource.checkDoesNotExist(Resource.java:318)
	at org.eclipse.core.internal.resources.Resource.checkDoesNotExist(Resource.java:296)
	at org.eclipse.core.internal.resources.Folder.assertCreateRequirements(Folder.java:33)
	at org.eclipse.core.internal.resources.Folder.create(Folder.java:93)
	at org.eclipse.core.internal.resources.Folder.create(Folder.java:121)
	at saros.util.FileUtils.create(FileUtils.java:86)
	at saros.project.FolderActivityConsumer.receive(FolderActivityConsumer.java:65)
	at saros.activities.FolderCreatedActivity.dispatch(FolderCreatedActivity.java:19)
	at saros.session.AbstractActivityConsumer.exec(AbstractActivityConsumer.java:79)
	at saros.project.FolderActivityConsumer.exec(FolderActivityConsumer.java:49)
	at saros.session.internal.SarosSession$2.execute(SarosSession.java:193)
	at saros.session.internal.ActivityHandler$3.run(ActivityHandler.java:358)
	at saros.util.ThreadUtils$1.run(ThreadUtils.java:34)
	at org.eclipse.swt.widgets.RunnableLock.run(RunnableLock.java:40)
	at org.eclipse.swt.widgets.Synchronizer.runAsyncMessages(Synchronizer.java:185)
	at org.eclipse.swt.widgets.Display.runAsyncMessages(Display.java:3897)
	at org.eclipse.swt.widgets.Display.readAndDispatch(Display.java:3527)
	at org.eclipse.e4.ui.internal.workbench.swt.PartRenderingEngine$5.run(PartRenderingEngine.java:1160)
	at org.eclipse.core.databinding.observable.Realm.runWithDefault(Realm.java:338)
	at org.eclipse.e4.ui.internal.workbench.swt.PartRenderingEngine.run(PartRenderingEngine.java:1049)
	at org.eclipse.e4.ui.internal.workbench.E4Workbench.createAndRunUI(E4Workbench.java:155)
	at org.eclipse.ui.internal.Workbench.lambda$3(Workbench.java:658)
	at org.eclipse.core.databinding.observable.Realm.runWithDefault(Realm.java:338)
	at org.eclipse.ui.internal.Workbench.createAndRunWorkbench(Workbench.java:557)
	at org.eclipse.ui.PlatformUI.createAndRunWorkbench(PlatformUI.java:154)
	at org.eclipse.ui.internal.ide.application.IDEApplication.start(IDEApplication.java:150)
	at org.eclipse.equinox.internal.app.EclipseAppHandle.run(EclipseAppHandle.java:203)
	at org.eclipse.core.runtime.internal.adaptor.EclipseAppLauncher.runApplication(EclipseAppLauncher.java:137)
	at org.eclipse.core.runtime.internal.adaptor.EclipseAppLauncher.start(EclipseAppLauncher.java:107)
	at org.eclipse.core.runtime.adaptor.EclipseStarter.run(EclipseStarter.java:401)
	at org.eclipse.core.runtime.adaptor.EclipseStarter.run(EclipseStarter.java:255)
	at sun.reflect.NativeMethodAccessorImpl.invoke0(Native Method)
	at sun.reflect.NativeMethodAccessorImpl.invoke(Unknown Source)
	at sun.reflect.DelegatingMethodAccessorImpl.invoke(Unknown Source)
	at java.lang.reflect.Method.invoke(Unknown Source)
	at org.eclipse.equinox.launcher.Main.invokeFramework(Main.java:657)
	at org.eclipse.equinox.launcher.Main.basicRun(Main.java:594)
	at org.eclipse.equinox.launcher.Main.run(Main.java:1447)
ERROR 18:30:27,183 [main] (FileActivityConsumer.java:67) failed to execute file activity: FileActivity [dst:path=SPath [project=P/FB_project (EclipseProjectImpl), projectRelativePath=src/main/java/univpm/OOP2020/Model/ALL_post.java], src:path=SPath [project=P/FB_project (EclipseProjectImpl), projectRelativePath=src/main/java/univpm/OOP2020/model/ALL_post.java], type=MOVED, encoding=N/A, content=2522 byte(s)]
org.eclipse.core.internal.resources.ResourceException(/FB_project/src/main/java/univpm/OOP2020/model)[275]: java.lang.Exception: A resource exists with a different case: '/FB_project/src/main/java/univpm/OOP2020/model'.
	at org.eclipse.core.internal.resources.ResourceException.provideStackTrace(ResourceException.java:42)
	at org.eclipse.core.internal.resources.ResourceException.<init>(ResourceException.java:38)
	at org.eclipse.core.internal.resources.Resource.checkDoesNotExist(Resource.java:318)
	at org.eclipse.core.internal.resources.Resource.checkDoesNotExist(Resource.java:296)
	at org.eclipse.core.internal.resources.Folder.assertCreateRequirements(Folder.java:33)
	at org.eclipse.core.internal.resources.Folder.create(Folder.java:93)
	at org.eclipse.core.internal.resources.Folder.create(Folder.java:121)
	at saros.util.FileUtils.mkdirs(FileUtils.java:70)
	at saros.project.FileActivityConsumer.handleFileMove(FileActivityConsumer.java:134)
	at saros.project.FileActivityConsumer.handleFileActivity(FileActivityConsumer.java:87)
	at saros.project.FileActivityConsumer.receive(FileActivityConsumer.java:65)
	at saros.activities.FileActivity.dispatch(FileActivity.java:168)
	at saros.session.AbstractActivityConsumer.exec(AbstractActivityConsumer.java:79)
	at saros.project.FileActivityConsumer.exec(FileActivityConsumer.java:56)
	at saros.session.internal.SarosSession$2.execute(SarosSession.java:193)
	at saros.session.internal.ActivityHandler$3.run(ActivityHandler.java:358)
	at saros.util.ThreadUtils$1.run(ThreadUtils.java:34)
	at org.eclipse.swt.widgets.RunnableLock.run(RunnableLock.java:40)
	at org.eclipse.swt.widgets.Synchronizer.runAsyncMessages(Synchronizer.java:185)
	at org.eclipse.swt.widgets.Display.runAsyncMessages(Display.java:3897)
	at org.eclipse.swt.widgets.Display.readAndDispatch(Display.java:3527)
	at org.eclipse.e4.ui.internal.workbench.swt.PartRenderingEngine$5.run(PartRenderingEngine.java:1160)
	at org.eclipse.core.databinding.observable.Realm.runWithDefault(Realm.java:338)
	at org.eclipse.e4.ui.internal.workbench.swt.PartRenderingEngine.run(PartRenderingEngine.java:1049)
	at org.eclipse.e4.ui.internal.workbench.E4Workbench.createAndRunUI(E4Workbench.java:155)
	at org.eclipse.ui.internal.Workbench.lambda$3(Workbench.java:658)
	at org.eclipse.core.databinding.observable.Realm.runWithDefault(Realm.java:338)
	at org.eclipse.ui.internal.Workbench.createAndRunWorkbench(Workbench.java:557)
	at org.eclipse.ui.PlatformUI.createAndRunWorkbench(PlatformUI.java:154)
	at org.eclipse.ui.internal.ide.application.IDEApplication.start(IDEApplication.java:150)
	at org.eclipse.equinox.internal.app.EclipseAppHandle.run(EclipseAppHandle.java:203)
	at org.eclipse.core.runtime.internal.adaptor.EclipseAppLauncher.runApplication(EclipseAppLauncher.java:137)
	at org.eclipse.core.runtime.internal.adaptor.EclipseAppLauncher.start(EclipseAppLauncher.java:107)
	at org.eclipse.core.runtime.adaptor.EclipseStarter.run(EclipseStarter.java:401)
	at org.eclipse.core.runtime.adaptor.EclipseStarter.run(EclipseStarter.java:255)
	at sun.reflect.NativeMethodAccessorImpl.invoke0(Native Method)
	at sun.reflect.NativeMethodAccessorImpl.invoke(Unknown Source)
	at sun.reflect.DelegatingMethodAccessorImpl.invoke(Unknown Source)
	at java.lang.reflect.Method.invoke(Unknown Source)
	at org.eclipse.equinox.launcher.Main.invokeFramework(Main.java:657)
	at org.eclipse.equinox.launcher.Main.basicRun(Main.java:594)
	at org.eclipse.equinox.launcher.Main.run(Main.java:1447)
ERROR 18:30:27,184 [main] (FileActivityConsumer.java:67) failed to execute file activity: FileActivity [dst:path=SPath [project=P/FB_project (EclipseProjectImpl), projectRelativePath=src/main/java/univpm/OOP2020/Model/FB_page_info.java], src:path=SPath [project=P/FB_project (EclipseProjectImpl), projectRelativePath=src/main/java/univpm/OOP2020/model/FB_page_info.java], type=MOVED, encoding=N/A, content=6799 byte(s)]
org.eclipse.core.internal.resources.ResourceException(/FB_project/src/main/java/univpm/OOP2020/model)[275]: java.lang.Exception: A resource exists with a different case: '/FB_project/src/main/java/univpm/OOP2020/model'.
	at org.eclipse.core.internal.resources.ResourceException.provideStackTrace(ResourceException.java:42)
	at org.eclipse.core.internal.resources.ResourceException.<init>(ResourceException.java:38)
	at org.eclipse.core.internal.resources.Resource.checkDoesNotExist(Resource.java:318)
	at org.eclipse.core.internal.resources.Resource.checkDoesNotExist(Resource.java:296)
	at org.eclipse.core.internal.resources.Folder.assertCreateRequirements(Folder.java:33)
	at org.eclipse.core.internal.resources.Folder.create(Folder.java:93)
	at org.eclipse.core.internal.resources.Folder.create(Folder.java:121)
	at saros.util.FileUtils.mkdirs(FileUtils.java:70)
	at saros.project.FileActivityConsumer.handleFileMove(FileActivityConsumer.java:134)
	at saros.project.FileActivityConsumer.handleFileActivity(FileActivityConsumer.java:87)
	at saros.project.FileActivityConsumer.receive(FileActivityConsumer.java:65)
	at saros.activities.FileActivity.dispatch(FileActivity.java:168)
	at saros.session.AbstractActivityConsumer.exec(AbstractActivityConsumer.java:79)
	at saros.project.FileActivityConsumer.exec(FileActivityConsumer.java:56)
	at saros.session.internal.SarosSession$2.execute(SarosSession.java:193)
	at saros.session.internal.ActivityHandler$3.run(ActivityHandler.java:358)
	at saros.util.ThreadUtils$1.run(ThreadUtils.java:34)
	at org.eclipse.swt.widgets.RunnableLock.run(RunnableLock.java:40)
	at org.eclipse.swt.widgets.Synchronizer.runAsyncMessages(Synchronizer.java:185)
	at org.eclipse.swt.widgets.Display.runAsyncMessages(Display.java:3897)
	at org.eclipse.swt.widgets.Display.readAndDispatch(Display.java:3527)
	at org.eclipse.e4.ui.internal.workbench.swt.PartRenderingEngine$5.run(PartRenderingEngine.java:1160)
	at org.eclipse.core.databinding.observable.Realm.runWithDefault(Realm.java:338)
	at org.eclipse.e4.ui.internal.workbench.swt.PartRenderingEngine.run(PartRenderingEngine.java:1049)
	at org.eclipse.e4.ui.internal.workbench.E4Workbench.createAndRunUI(E4Workbench.java:155)
	at org.eclipse.ui.internal.Workbench.lambda$3(Workbench.java:658)
	at org.eclipse.core.databinding.observable.Realm.runWithDefault(Realm.java:338)
	at org.eclipse.ui.internal.Workbench.createAndRunWorkbench(Workbench.java:557)
	at org.eclipse.ui.PlatformUI.createAndRunWorkbench(PlatformUI.java:154)
	at org.eclipse.ui.internal.ide.application.IDEApplication.start(IDEApplication.java:150)
	at org.eclipse.equinox.internal.app.EclipseAppHandle.run(EclipseAppHandle.java:203)
	at org.eclipse.core.runtime.internal.adaptor.EclipseAppLauncher.runApplication(EclipseAppLauncher.java:137)
	at org.eclipse.core.runtime.internal.adaptor.EclipseAppLauncher.start(EclipseAppLauncher.java:107)
	at org.eclipse.core.runtime.adaptor.EclipseStarter.run(EclipseStarter.java:401)
	at org.eclipse.core.runtime.adaptor.EclipseStarter.run(EclipseStarter.java:255)
	at sun.reflect.NativeMethodAccessorImpl.invoke0(Native Method)
	at sun.reflect.NativeMethodAccessorImpl.invoke(Unknown Source)
	at sun.reflect.DelegatingMethodAccessorImpl.invoke(Unknown Source)
	at java.lang.reflect.Method.invoke(Unknown Source)
	at org.eclipse.equinox.launcher.Main.invokeFramework(Main.java:657)
	at org.eclipse.equinox.launcher.Main.basicRun(Main.java:594)
	at org.eclipse.equinox.launcher.Main.run(Main.java:1447)
ERROR 18:30:27,186 [main] (FileActivityConsumer.java:67) failed to execute file activity: FileActivity [dst:path=SPath [project=P/FB_project (EclipseProjectImpl), projectRelativePath=src/main/java/univpm/OOP2020/Model/Statics.java], src:path=SPath [project=P/FB_project (EclipseProjectImpl), projectRelativePath=src/main/java/univpm/OOP2020/model/Statics.java], type=MOVED, encoding=N/A, content=6645 byte(s)]
org.eclipse.core.internal.resources.ResourceException(/FB_project/src/main/java/univpm/OOP2020/model)[275]: java.lang.Exception: A resource exists with a different case: '/FB_project/src/main/java/univpm/OOP2020/model'.
	at org.eclipse.core.internal.resources.ResourceException.provideStackTrace(ResourceException.java:42)
	at org.eclipse.core.internal.resources.ResourceException.<init>(ResourceException.java:38)
	at org.eclipse.core.internal.resources.Resource.checkDoesNotExist(Resource.java:318)
	at org.eclipse.core.internal.resources.Resource.checkDoesNotExist(Resource.java:296)
	at org.eclipse.core.internal.resources.Folder.assertCreateRequirements(Folder.java:33)
	at org.eclipse.core.internal.resources.Folder.create(Folder.java:93)
	at org.eclipse.core.internal.resources.Folder.create(Folder.java:121)
	at saros.util.FileUtils.mkdirs(FileUtils.java:70)
	at saros.project.FileActivityConsumer.handleFileMove(FileActivityConsumer.java:134)
	at saros.project.FileActivityConsumer.handleFileActivity(FileActivityConsumer.java:87)
	at saros.project.FileActivityConsumer.receive(FileActivityConsumer.java:65)
	at saros.activities.FileActivity.dispatch(FileActivity.java:168)
	at saros.session.AbstractActivityConsumer.exec(AbstractActivityConsumer.java:79)
	at saros.project.FileActivityConsumer.exec(FileActivityConsumer.java:56)
	at saros.session.internal.SarosSession$2.execute(SarosSession.java:193)
	at saros.session.internal.ActivityHandler$3.run(ActivityHandler.java:358)
	at saros.util.ThreadUtils$1.run(ThreadUtils.java:34)
	at org.eclipse.swt.widgets.RunnableLock.run(RunnableLock.java:40)
	at org.eclipse.swt.widgets.Synchronizer.runAsyncMessages(Synchronizer.java:185)
	at org.eclipse.swt.widgets.Display.runAsyncMessages(Display.java:3897)
	at org.eclipse.swt.widgets.Display.readAndDispatch(Display.java:3527)
	at org.eclipse.e4.ui.internal.workbench.swt.PartRenderingEngine$5.run(PartRenderingEngine.java:1160)
	at org.eclipse.core.databinding.observable.Realm.runWithDefault(Realm.java:338)
	at org.eclipse.e4.ui.internal.workbench.swt.PartRenderingEngine.run(PartRenderingEngine.java:1049)
	at org.eclipse.e4.ui.internal.workbench.E4Workbench.createAndRunUI(E4Workbench.java:155)
	at org.eclipse.ui.internal.Workbench.lambda$3(Workbench.java:658)
	at org.eclipse.core.databinding.observable.Realm.runWithDefault(Realm.java:338)
	at org.eclipse.ui.internal.Workbench.createAndRunWorkbench(Workbench.java:557)
	at org.eclipse.ui.PlatformUI.createAndRunWorkbench(PlatformUI.java:154)
	at org.eclipse.ui.internal.ide.application.IDEApplication.start(IDEApplication.java:150)
	at org.eclipse.equinox.internal.app.EclipseAppHandle.run(EclipseAppHandle.java:203)
	at org.eclipse.core.runtime.internal.adaptor.EclipseAppLauncher.runApplication(EclipseAppLauncher.java:137)
	at org.eclipse.core.runtime.internal.adaptor.EclipseAppLauncher.start(EclipseAppLauncher.java:107)
	at org.eclipse.core.runtime.adaptor.EclipseStarter.run(EclipseStarter.java:401)
	at org.eclipse.core.runtime.adaptor.EclipseStarter.run(EclipseStarter.java:255)
	at sun.reflect.NativeMethodAccessorImpl.invoke0(Native Method)
	at sun.reflect.NativeMethodAccessorImpl.invoke(Unknown Source)
	at sun.reflect.DelegatingMethodAccessorImpl.invoke(Unknown Source)
	at java.lang.reflect.Method.invoke(Unknown Source)
	at org.eclipse.equinox.launcher.Main.invokeFramework(Main.java:657)
	at org.eclipse.equinox.launcher.Main.basicRun(Main.java:594)
	at org.eclipse.equinox.launcher.Main.run(Main.java:1447)
ERROR 18:30:27,187 [main] (FileActivityConsumer.java:67) failed to execute file activity: FileActivity [dst:path=SPath [project=P/FB_project (EclipseProjectImpl), projectRelativePath=src/main/java/univpm/OOP2020/Model/page_post.java], src:path=SPath [project=P/FB_project (EclipseProjectImpl), projectRelativePath=src/main/java/univpm/OOP2020/model/page_post.java], type=MOVED, encoding=N/A, content=6066 byte(s)]
org.eclipse.core.internal.resources.ResourceException(/FB_project/src/main/java/univpm/OOP2020/model)[275]: java.lang.Exception: A resource exists with a different case: '/FB_project/src/main/java/univpm/OOP2020/model'.
	at org.eclipse.core.internal.resources.ResourceException.provideStackTrace(ResourceException.java:42)
	at org.eclipse.core.internal.resources.ResourceException.<init>(ResourceException.java:38)
	at org.eclipse.core.internal.resources.Resource.checkDoesNotExist(Resource.java:318)
	at org.eclipse.core.internal.resources.Resource.checkDoesNotExist(Resource.java:296)
	at org.eclipse.core.internal.resources.Folder.assertCreateRequirements(Folder.java:33)
	at org.eclipse.core.internal.resources.Folder.create(Folder.java:93)
	at org.eclipse.core.internal.resources.Folder.create(Folder.java:121)
	at saros.util.FileUtils.mkdirs(FileUtils.java:70)
	at saros.project.FileActivityConsumer.handleFileMove(FileActivityConsumer.java:134)
	at saros.project.FileActivityConsumer.handleFileActivity(FileActivityConsumer.java:87)
	at saros.project.FileActivityConsumer.receive(FileActivityConsumer.java:65)
	at saros.activities.FileActivity.dispatch(FileActivity.java:168)
	at saros.session.AbstractActivityConsumer.exec(AbstractActivityConsumer.java:79)
	at saros.project.FileActivityConsumer.exec(FileActivityConsumer.java:56)
	at saros.session.internal.SarosSession$2.execute(SarosSession.java:193)
	at saros.session.internal.ActivityHandler$3.run(ActivityHandler.java:358)
	at saros.util.ThreadUtils$1.run(ThreadUtils.java:34)
	at org.eclipse.swt.widgets.RunnableLock.run(RunnableLock.java:40)
	at org.eclipse.swt.widgets.Synchronizer.runAsyncMessages(Synchronizer.java:185)
	at org.eclipse.swt.widgets.Display.runAsyncMessages(Display.java:3897)
	at org.eclipse.swt.widgets.Display.readAndDispatch(Display.java:3527)
	at org.eclipse.e4.ui.internal.workbench.swt.PartRenderingEngine$5.run(PartRenderingEngine.java:1160)
	at org.eclipse.core.databinding.observable.Realm.runWithDefault(Realm.java:338)
	at org.eclipse.e4.ui.internal.workbench.swt.PartRenderingEngine.run(PartRenderingEngine.java:1049)
	at org.eclipse.e4.ui.internal.workbench.E4Workbench.createAndRunUI(E4Workbench.java:155)
	at org.eclipse.ui.internal.Workbench.lambda$3(Workbench.java:658)
	at org.eclipse.core.databinding.observable.Realm.runWithDefault(Realm.java:338)
	at org.eclipse.ui.internal.Workbench.createAndRunWorkbench(Workbench.java:557)
	at org.eclipse.ui.PlatformUI.createAndRunWorkbench(PlatformUI.java:154)
	at org.eclipse.ui.internal.ide.application.IDEApplication.start(IDEApplication.java:150)
	at org.eclipse.equinox.internal.app.EclipseAppHandle.run(EclipseAppHandle.java:203)
	at org.eclipse.core.runtime.internal.adaptor.EclipseAppLauncher.runApplication(EclipseAppLauncher.java:137)
	at org.eclipse.core.runtime.internal.adaptor.EclipseAppLauncher.start(EclipseAppLauncher.java:107)
	at org.eclipse.core.runtime.adaptor.EclipseStarter.run(EclipseStarter.java:401)
	at org.eclipse.core.runtime.adaptor.EclipseStarter.run(EclipseStarter.java:255)
	at sun.reflect.NativeMethodAccessorImpl.invoke0(Native Method)
	at sun.reflect.NativeMethodAccessorImpl.invoke(Unknown Source)
	at sun.reflect.DelegatingMethodAccessorImpl.invoke(Unknown Source)
	at java.lang.reflect.Method.invoke(Unknown Source)
	at org.eclipse.equinox.launcher.Main.invokeFramework(Main.java:657)
	at org.eclipse.equinox.launcher.Main.basicRun(Main.java:594)
	at org.eclipse.equinox.launcher.Main.run(Main.java:1447)
ERROR 18:30:28,606 [main] (RemoteWriteAccessManager.java:136) Attempting to connect to file which is not available locally: SPath [project=P/FB_project (EclipseProjectImpl), projectRelativePath=src/main/java/univpm/OOP2020/Model/FB_page_info.java]
StackTrace:
	at saros.editor.RemoteWriteAccessManager.connectDocumentProvider(RemoteWriteAccessManager.java:138)
	at saros.editor.RemoteWriteAccessManager.updateConnectionState(RemoteWriteAccessManager.java:182)
	at saros.editor.RemoteWriteAccessManager.receive(RemoteWriteAccessManager.java:79)
	at saros.activities.EditorActivity.dispatch(EditorActivity.java:106)
	at saros.session.AbstractActivityConsumer.exec(AbstractActivityConsumer.java:79)
	at saros.editor.EditorManager$2.exec(EditorManager.java:184)
	at saros.session.internal.SarosSession$2.execute(SarosSession.java:193)
	at saros.session.internal.ActivityHandler$3.run(ActivityHandler.java:358)
	at saros.util.ThreadUtils$1.run(ThreadUtils.java:34)
	at org.eclipse.swt.widgets.RunnableLock.run(RunnableLock.java:40)
	at org.eclipse.swt.widgets.Synchronizer.runAsyncMessages(Synchronizer.java:185)
	at org.eclipse.swt.widgets.Display.runAsyncMessages(Display.java:3897)
	at org.eclipse.swt.widgets.Display.readAndDispatch(Display.java:3527)
	at org.eclipse.e4.ui.internal.workbench.swt.PartRenderingEngine$5.run(PartRenderingEngine.java:1160)
	at org.eclipse.core.databinding.observable.Realm.runWithDefault(Realm.java:338)
	at org.eclipse.e4.ui.internal.workbench.swt.PartRenderingEngine.run(PartRenderingEngine.java:1049)
	at org.eclipse.e4.ui.internal.workbench.E4Workbench.createAndRunUI(E4Workbench.java:155)
	at org.eclipse.ui.internal.Workbench.lambda$3(Workbench.java:658)
	at org.eclipse.core.databinding.observable.Realm.runWithDefault(Realm.java:338)
	at org.eclipse.ui.internal.Workbench.createAndRunWorkbench(Workbench.java:557)
	at org.eclipse.ui.PlatformUI.createAndRunWorkbench(PlatformUI.java:154)
	at org.eclipse.ui.internal.ide.application.IDEApplication.start(IDEApplication.java:150)
	at org.eclipse.equinox.internal.app.EclipseAppHandle.run(EclipseAppHandle.java:203)
	at org.eclipse.core.runtime.internal.adaptor.EclipseAppLauncher.runApplication(EclipseAppLauncher.java:137)
	at org.eclipse.core.runtime.internal.adaptor.EclipseAppLauncher.start(EclipseAppLauncher.java:107)
	at org.eclipse.core.runtime.adaptor.EclipseStarter.run(EclipseStarter.java:401)
	at org.eclipse.core.runtime.adaptor.EclipseStarter.run(EclipseStarter.java:255)
	at sun.reflect.NativeMethodAccessorImpl.invoke0(Native Method)
	at sun.reflect.NativeMethodAccessorImpl.invoke(Unknown Source)
	at sun.reflect.DelegatingMethodAccessorImpl.invoke(Unknown Source)
	at java.lang.reflect.Method.invoke(Unknown Source)
	at org.eclipse.equinox.launcher.Main.invokeFramework(Main.java:657)
	at org.eclipse.equinox.launcher.Main.basicRun(Main.java:594)
	at org.eclipse.equinox.launcher.Main.run(Main.java:1447)
WARN  18:30:28,607 [main] (SharedProjectFileDecorator.java:154) resource for editor SPath [project=P/FB_project (EclipseProjectImpl), projectRelativePath=src/main/java/univpm/OOP2020/Model/FB_page_info.java] does not exist locally
ERROR 18:31:12,066 [main] (FileActivityConsumer.java:67) failed to execute file activity: FileActivity [dst:path=SPath [project=P/FB_project (EclipseProjectImpl), projectRelativePath=src/main/java/univpm/OOP2020/Service/FB_page_info.java], src:path=SPath [project=P/FB_project (EclipseProjectImpl), projectRelativePath=src/main/java/univpm/OOP2020/Model/FB_page_info.java], type=MOVED, encoding=N/A, content=6801 byte(s)]
org.eclipse.core.internal.resources.ResourceException(/FB_project/src/main/java/univpm/OOP2020/Model/FB_page_info.java)[368]: java.lang.Exception: Resource '/FB_project/src/main/java/univpm/OOP2020/Model/FB_page_info.java' does not exist.
	at org.eclipse.core.internal.resources.ResourceException.provideStackTrace(ResourceException.java:42)
	at org.eclipse.core.internal.resources.ResourceException.<init>(ResourceException.java:38)
	at org.eclipse.core.internal.resources.Resource.checkExists(Resource.java:330)
	at org.eclipse.core.internal.resources.Resource.checkAccessible(Resource.java:204)
	at org.eclipse.core.internal.resources.Resource.checkAccessibleAndLocal(Resource.java:210)
	at org.eclipse.core.internal.resources.Resource.checkMoveRequirements(Resource.java:375)
	at org.eclipse.core.internal.resources.Resource.assertMoveRequirements(Resource.java:195)
	at org.eclipse.core.internal.resources.Resource.move(Resource.java:1486)
	at org.eclipse.core.internal.resources.Resource.move(Resource.java:1471)
	at saros.util.FileUtils.move(FileUtils.java:115)
	at saros.project.FileActivityConsumer.handleFileMove(FileActivityConsumer.java:136)
	at saros.project.FileActivityConsumer.handleFileActivity(FileActivityConsumer.java:87)
	at saros.project.FileActivityConsumer.receive(FileActivityConsumer.java:65)
	at saros.activities.FileActivity.dispatch(FileActivity.java:168)
	at saros.session.AbstractActivityConsumer.exec(AbstractActivityConsumer.java:79)
	at saros.project.FileActivityConsumer.exec(FileActivityConsumer.java:56)
	at saros.session.internal.SarosSession$2.execute(SarosSession.java:193)
	at saros.session.internal.ActivityHandler$3.run(ActivityHandler.java:358)
	at saros.util.ThreadUtils$1.run(ThreadUtils.java:34)
	at org.eclipse.swt.widgets.RunnableLock.run(RunnableLock.java:40)
	at org.eclipse.swt.widgets.Synchronizer.runAsyncMessages(Synchronizer.java:185)
	at org.eclipse.swt.widgets.Display.runAsyncMessages(Display.java:3897)
	at org.eclipse.swt.widgets.Display.readAndDispatch(Display.java:3527)
	at org.eclipse.e4.ui.internal.workbench.swt.PartRenderingEngine$5.run(PartRenderingEngine.java:1160)
	at org.eclipse.core.databinding.observable.Realm.runWithDefault(Realm.java:338)
	at org.eclipse.e4.ui.internal.workbench.swt.PartRenderingEngine.run(PartRenderingEngine.java:1049)
	at org.eclipse.e4.ui.internal.workbench.E4Workbench.createAndRunUI(E4Workbench.java:155)
	at org.eclipse.ui.internal.Workbench.lambda$3(Workbench.java:658)
	at org.eclipse.core.databinding.observable.Realm.runWithDefault(Realm.java:338)
	at org.eclipse.ui.internal.Workbench.createAndRunWorkbench(Workbench.java:557)
	at org.eclipse.ui.PlatformUI.createAndRunWorkbench(PlatformUI.java:154)
	at org.eclipse.ui.internal.ide.application.IDEApplication.start(IDEApplication.java:150)
	at org.eclipse.equinox.internal.app.EclipseAppHandle.run(EclipseAppHandle.java:203)
	at org.eclipse.core.runtime.internal.adaptor.EclipseAppLauncher.runApplication(EclipseAppLauncher.java:137)
	at org.eclipse.core.runtime.internal.adaptor.EclipseAppLauncher.start(EclipseAppLauncher.java:107)
	at org.eclipse.core.runtime.adaptor.EclipseStarter.run(EclipseStarter.java:401)
	at org.eclipse.core.runtime.adaptor.EclipseStarter.run(EclipseStarter.java:255)
	at sun.reflect.NativeMethodAccessorImpl.invoke0(Native Method)
	at sun.reflect.NativeMethodAccessorImpl.invoke(Unknown Source)
	at sun.reflect.DelegatingMethodAccessorImpl.invoke(Unknown Source)
	at java.lang.reflect.Method.invoke(Unknown Source)
	at org.eclipse.equinox.launcher.Main.invokeFramework(Main.java:657)
	at org.eclipse.equinox.launcher.Main.basicRun(Main.java:594)
	at org.eclipse.equinox.launcher.Main.run(Main.java:1447)
WARN  18:31:12,160 [main] (UserEditorState.java:56) Viewport for editor which was never activated: SPath [project=P/FB_project (EclipseProjectImpl), projectRelativePath=src/main/java/univpm/OOP2020/Service/FB_page_info.java]
WARN  18:31:12,198 [main] (UserEditorState.java:71) received selection for editor which was never activated: SPath [project=P/FB_project (EclipseProjectImpl), projectRelativePath=src/main/java/univpm/OOP2020/Service/FB_page_info.java]
WARN  18:31:12,199 [main] (UserEditorState.java:56) Viewport for editor which was never activated: SPath [project=P/FB_project (EclipseProjectImpl), projectRelativePath=src/main/java/univpm/OOP2020/Service/FB_page_info.java]
ERROR 18:31:12,231 [main] (RemoteWriteAccessManager.java:136) Attempting to connect to file which is not available locally: SPath [project=P/FB_project (EclipseProjectImpl), projectRelativePath=src/main/java/univpm/OOP2020/Service/FB_page_info.java]
StackTrace:
	at saros.editor.RemoteWriteAccessManager.connectDocumentProvider(RemoteWriteAccessManager.java:138)
	at saros.editor.RemoteWriteAccessManager.updateConnectionState(RemoteWriteAccessManager.java:182)
	at saros.editor.RemoteWriteAccessManager.receive(RemoteWriteAccessManager.java:79)
	at saros.activities.EditorActivity.dispatch(EditorActivity.java:106)
	at saros.session.AbstractActivityConsumer.exec(AbstractActivityConsumer.java:79)
	at saros.editor.EditorManager$2.exec(EditorManager.java:184)
	at saros.session.internal.SarosSession$2.execute(SarosSession.java:193)
	at saros.session.internal.ActivityHandler$3.run(ActivityHandler.java:358)
	at saros.util.ThreadUtils$1.run(ThreadUtils.java:34)
	at org.eclipse.swt.widgets.RunnableLock.run(RunnableLock.java:40)
	at org.eclipse.swt.widgets.Synchronizer.runAsyncMessages(Synchronizer.java:185)
	at org.eclipse.swt.widgets.Display.runAsyncMessages(Display.java:3897)
	at org.eclipse.swt.widgets.Display.readAndDispatch(Display.java:3527)
	at org.eclipse.e4.ui.internal.workbench.swt.PartRenderingEngine$5.run(PartRenderingEngine.java:1160)
	at org.eclipse.core.databinding.observable.Realm.runWithDefault(Realm.java:338)
	at org.eclipse.e4.ui.internal.workbench.swt.PartRenderingEngine.run(PartRenderingEngine.java:1049)
	at org.eclipse.e4.ui.internal.workbench.E4Workbench.createAndRunUI(E4Workbench.java:155)
	at org.eclipse.ui.internal.Workbench.lambda$3(Workbench.java:658)
	at org.eclipse.core.databinding.observable.Realm.runWithDefault(Realm.java:338)
	at org.eclipse.ui.internal.Workbench.createAndRunWorkbench(Workbench.java:557)
	at org.eclipse.ui.PlatformUI.createAndRunWorkbench(PlatformUI.java:154)
	at org.eclipse.ui.internal.ide.application.IDEApplication.start(IDEApplication.java:150)
	at org.eclipse.equinox.internal.app.EclipseAppHandle.run(EclipseAppHandle.java:203)
	at org.eclipse.core.runtime.internal.adaptor.EclipseAppLauncher.runApplication(EclipseAppLauncher.java:137)
	at org.eclipse.core.runtime.internal.adaptor.EclipseAppLauncher.start(EclipseAppLauncher.java:107)
	at org.eclipse.core.runtime.adaptor.EclipseStarter.run(EclipseStarter.java:401)
	at org.eclipse.core.runtime.adaptor.EclipseStarter.run(EclipseStarter.java:255)
	at sun.reflect.NativeMethodAccessorImpl.invoke0(Native Method)
	at sun.reflect.NativeMethodAccessorImpl.invoke(Unknown Source)
	at sun.reflect.DelegatingMethodAccessorImpl.invoke(Unknown Source)
	at java.lang.reflect.Method.invoke(Unknown Source)
	at org.eclipse.equinox.launcher.Main.invokeFramework(Main.java:657)
	at org.eclipse.equinox.launcher.Main.basicRun(Main.java:594)
	at org.eclipse.equinox.launcher.Main.run(Main.java:1447)
WARN  18:31:12,231 [main] (SharedProjectFileDecorator.java:154) resource for editor SPath [project=P/FB_project (EclipseProjectImpl), projectRelativePath=src/main/java/univpm/OOP2020/Service/FB_page_info.java] does not exist locally
ERROR 18:31:20,339 [main] (FileActivityConsumer.java:67) failed to execute file activity: FileActivity [dst:path=SPath [project=P/FB_project (EclipseProjectImpl), projectRelativePath=src/main/java/univpm/OOP2020/Service/page_post.java], src:path=SPath [project=P/FB_project (EclipseProjectImpl), projectRelativePath=src/main/java/univpm/OOP2020/Model/page_post.java], type=MOVED, encoding=N/A, content=6070 byte(s)]
org.eclipse.core.internal.resources.ResourceException(/FB_project/src/main/java/univpm/OOP2020/Model/page_post.java)[368]: java.lang.Exception: Resource '/FB_project/src/main/java/univpm/OOP2020/Model/page_post.java' does not exist.
	at org.eclipse.core.internal.resources.ResourceException.provideStackTrace(ResourceException.java:42)
	at org.eclipse.core.internal.resources.ResourceException.<init>(ResourceException.java:38)
	at org.eclipse.core.internal.resources.Resource.checkExists(Resource.java:330)
	at org.eclipse.core.internal.resources.Resource.checkAccessible(Resource.java:204)
	at org.eclipse.core.internal.resources.Resource.checkAccessibleAndLocal(Resource.java:210)
	at org.eclipse.core.internal.resources.Resource.checkMoveRequirements(Resource.java:375)
	at org.eclipse.core.internal.resources.Resource.assertMoveRequirements(Resource.java:195)
	at org.eclipse.core.internal.resources.Resource.move(Resource.java:1486)
	at org.eclipse.core.internal.resources.Resource.move(Resource.java:1471)
	at saros.util.FileUtils.move(FileUtils.java:115)
	at saros.project.FileActivityConsumer.handleFileMove(FileActivityConsumer.java:136)
	at saros.project.FileActivityConsumer.handleFileActivity(FileActivityConsumer.java:87)
	at saros.project.FileActivityConsumer.receive(FileActivityConsumer.java:65)
	at saros.activities.FileActivity.dispatch(FileActivity.java:168)
	at saros.session.AbstractActivityConsumer.exec(AbstractActivityConsumer.java:79)
	at saros.project.FileActivityConsumer.exec(FileActivityConsumer.java:56)
	at saros.session.internal.SarosSession$2.execute(SarosSession.java:193)
	at saros.session.internal.ActivityHandler$3.run(ActivityHandler.java:358)
	at saros.util.ThreadUtils$1.run(ThreadUtils.java:34)
	at org.eclipse.swt.widgets.RunnableLock.run(RunnableLock.java:40)
	at org.eclipse.swt.widgets.Synchronizer.runAsyncMessages(Synchronizer.java:185)
	at org.eclipse.swt.widgets.Display.runAsyncMessages(Display.java:3897)
	at org.eclipse.swt.widgets.Display.readAndDispatch(Display.java:3527)
	at org.eclipse.e4.ui.internal.workbench.swt.PartRenderingEngine$5.run(PartRenderingEngine.java:1160)
	at org.eclipse.core.databinding.observable.Realm.runWithDefault(Realm.java:338)
	at org.eclipse.e4.ui.internal.workbench.swt.PartRenderingEngine.run(PartRenderingEngine.java:1049)
	at org.eclipse.e4.ui.internal.workbench.E4Workbench.createAndRunUI(E4Workbench.java:155)
	at org.eclipse.ui.internal.Workbench.lambda$3(Workbench.java:658)
	at org.eclipse.core.databinding.observable.Realm.runWithDefault(Realm.java:338)
	at org.eclipse.ui.internal.Workbench.createAndRunWorkbench(Workbench.java:557)
	at org.eclipse.ui.PlatformUI.createAndRunWorkbench(PlatformUI.java:154)
	at org.eclipse.ui.internal.ide.application.IDEApplication.start(IDEApplication.java:150)
	at org.eclipse.equinox.internal.app.EclipseAppHandle.run(EclipseAppHandle.java:203)
	at org.eclipse.core.runtime.internal.adaptor.EclipseAppLauncher.runApplication(EclipseAppLauncher.java:137)
	at org.eclipse.core.runtime.internal.adaptor.EclipseAppLauncher.start(EclipseAppLauncher.java:107)
	at org.eclipse.core.runtime.adaptor.EclipseStarter.run(EclipseStarter.java:401)
	at org.eclipse.core.runtime.adaptor.EclipseStarter.run(EclipseStarter.java:255)
	at sun.reflect.NativeMethodAccessorImpl.invoke0(Native Method)
	at sun.reflect.NativeMethodAccessorImpl.invoke(Unknown Source)
	at sun.reflect.DelegatingMethodAccessorImpl.invoke(Unknown Source)
	at java.lang.reflect.Method.invoke(Unknown Source)
	at org.eclipse.equinox.launcher.Main.invokeFramework(Main.java:657)
	at org.eclipse.equinox.launcher.Main.basicRun(Main.java:594)
	at org.eclipse.equinox.launcher.Main.run(Main.java:1447)
INFO  18:33:22,551 [saros-disconnect-xmpp] (SarosSessionManager.java:332) session stopped
INFO  18:34:09,562 [saros-DispatchContext] (NegotiationPacketListener.java:227) received invitation from oop_scal@saros-con.imp.fu-berlin.de/Saros [negotiation id: 2903932142223252902, session id: 77222158, version: 16.0.1]
INFO  18:34:12,759 [ModalContext] (SarosSessionManager.java:288) joined uninitialized Saros session
INFO  18:34:12,759 [ModalContext] (DataTransferManager.java:269) establishing connection to oop_scal@saros-con.imp.fu-berlin.de/Saros from zhang_oop2020@saros-con.imp.fu-berlin.de/Saros using stream service XMPP-Socks5-Stream-Service
WARN  18:34:15,664 [Smack Listener Processor (1)] (SubscriptionHandler.java:128) received error presence package from saros_77222158@conference.saros-con.imp.fu-berlin.de/zhang_oop2020@saros-con.imp.fu-berlin.de/Saros, condition: not-authorized, message: A password is required to enter this room
INFO  18:34:16,124 [saros-DispatchContext] (NegotiationPacketListener.java:310) received project negotiation from oop_scal@saros-con.imp.fu-berlin.de/Saros with negotiation id: -2053498890600353817
DEBUG 18:34:16,828 [Smack Listener Processor (1)] (MultiUserChatStateManager.java:98) Incoming Message from saros_77222158@conference.saros-con.imp.fu-berlin.de/oop_scal@saros-con.imp.fu-berlin.de/Saros with state: active
DEBUG 18:34:17,047 [Smack Listener Processor (1)] (MultiUserChatStateManager.java:98) Incoming Message from saros_77222158@conference.saros-con.imp.fu-berlin.de/zhang_oop2020@saros-con.imp.fu-berlin.de/Saros with state: active
WARN  18:34:28,871 [pool-13-thread-1] (Socks5StreamService.java:329) [SOCKS5Transport] Received response connection without a running connect
INFO  18:34:32,875 [saros-DispatchContext] (SarosSession.java:389) user oop_scal@saros-con.imp.fu-berlin.de/Saros now has Projects and can process IResourceActivities
INFO  18:35:22,772 [saros-DispatchContext] (SarosSession.java:354) user zhang_laptopoop@saros-con.imp.fu-berlin.de/Saros joined session
DEBUG 18:35:24,355 [Smack Listener Processor (1)] (MultiUserChatStateManager.java:98) Incoming Message from saros_77222158@conference.saros-con.imp.fu-berlin.de/zhang_laptopoop@saros-con.imp.fu-berlin.de/Saros with state: active
INFO  18:35:36,810 [saros-DispatchContext] (SarosSession.java:389) user oop_scal@saros-con.imp.fu-berlin.de/Saros now has Projects and can process IResourceActivities
INFO  19:24:20,674 [main] (ConsistencyWatchdogClient.java:344) Inconsistencies have been detected
ERROR 20:01:31,339 [Smack Packet Reader (1)] (XMPPConnectionService.java:104) XMPP connection error: 
stream:error (conflict) text: Replaced by new connection
	at org.jivesoftware.smack.PacketReader.parsePackets(PacketReader.java:247)
	at org.jivesoftware.smack.PacketReader.access$000(PacketReader.java:48)
	at org.jivesoftware.smack.PacketReader$1.run(PacketReader.java:76)
ERROR 20:01:31,340 [Smack Packet Reader (1)] (XMPPConnectionService.java:386)  new connection state == ERROR
stream:error (conflict) text: Replaced by new connection
	at org.jivesoftware.smack.PacketReader.parsePackets(PacketReader.java:247)
	at org.jivesoftware.smack.PacketReader.access$000(PacketReader.java:48)
	at org.jivesoftware.smack.PacketReader$1.run(PacketReader.java:76)
ERROR 20:01:44,272 [saros-activity-sender] (ActivitySequencer.java:528) failed to sent activities: [EditorActivity(type: CLOSED, path: SPath [project=P/FB_project (EclipseProjectImpl), projectRelativePath=src/main/java/univpm/OOP2020/App/DemoApplication.java])]
java.io.IOException: not connected to a XMPP server
	at saros.net.internal.XMPPTransmitter.send(XMPPTransmitter.java:91)
	at saros.session.internal.ActivitySequencer.sendActivities(ActivitySequencer.java:526)
	at saros.session.internal.ActivitySequencer.access$3(ActivitySequencer.java:461)
	at saros.session.internal.ActivitySequencer$2.run(ActivitySequencer.java:147)
	at saros.util.ThreadUtils$1.run(ThreadUtils.java:34)
	at java.lang.Thread.run(Unknown Source)
WARN  20:01:44,287 [main] (ActivitySequencer.java:374) cannot send activity to oop_scal@saros-con.imp.fu-berlin.de/Saros because it is currently not registers, dropped activity: EditorActivity(type: CLOSED, path: SPath [project=P/FB_project (EclipseProjectImpl), projectRelativePath=src/main/java/univpm/OOP2020/App/controller/simpleRestController.java])
WARN  20:01:44,326 [main] (ActivitySequencer.java:374) cannot send activity to oop_scal@saros-con.imp.fu-berlin.de/Saros because it is currently not registers, dropped activity: EditorActivity(type: CLOSED, path: SPath [project=P/FB_project (EclipseProjectImpl), projectRelativePath=src/test/java/univpm/OOP2020/Test/OOP2020_Test.java])
WARN  20:01:44,337 [main] (ActivitySequencer.java:374) cannot send activity to oop_scal@saros-con.imp.fu-berlin.de/Saros because it is currently not registers, dropped activity: EditorActivity(type: CLOSED, path: SPath [project=P/FB_project (EclipseProjectImpl), projectRelativePath=src/main/java/univpm/OOP2020/Body/request_body.java])
WARN  20:01:44,369 [main] (ActivitySequencer.java:374) cannot send activity to oop_scal@saros-con.imp.fu-berlin.de/Saros because it is currently not registers, dropped activity: EditorActivity(type: CLOSED, path: SPath [project=P/FB_project (EclipseProjectImpl), projectRelativePath=src/main/java/univpm/OOP2020/Service/Download.java])
WARN  20:01:44,402 [main] (ActivitySequencer.java:374) cannot send activity to oop_scal@saros-con.imp.fu-berlin.de/Saros because it is currently not registers, dropped activity: EditorActivity(type: CLOSED, path: SPath [project=P/FB_project (EclipseProjectImpl), projectRelativePath=src/test/java/univpm/OOP2020/demo/DemoApplicationTests.java])
WARN  20:01:44,412 [main] (ActivitySequencer.java:374) cannot send activity to oop_scal@saros-con.imp.fu-berlin.de/Saros because it is currently not registers, dropped activity: EditorActivity(type: CLOSED, path: SPath [project=P/FB_project (EclipseProjectImpl), projectRelativePath=src/main/java/univpm/OOP2020/Service/ALL_post.java])
WARN  20:01:44,445 [main] (ActivitySequencer.java:374) cannot send activity to oop_scal@saros-con.imp.fu-berlin.de/Saros because it is currently not registers, dropped activity: EditorActivity(type: CLOSED, path: SPath [project=P/FB_project (EclipseProjectImpl), projectRelativePath=src/main/java/univpm/OOP2020/Model/page_post.java])
WARN  20:01:44,476 [main] (ActivitySequencer.java:374) cannot send activity to oop_scal@saros-con.imp.fu-berlin.de/Saros because it is currently not registers, dropped activity: EditorActivity(type: CLOSED, path: SPath [project=P/FB_project (EclipseProjectImpl), projectRelativePath=src/main/java/univpm/OOP2020/Model/Statics.java])
WARN  20:01:44,521 [main] (ActivitySequencer.java:374) cannot send activity to oop_scal@saros-con.imp.fu-berlin.de/Saros because it is currently not registers, dropped activity: EditorActivity(type: CLOSED, path: SPath [project=P/FB_project (EclipseProjectImpl), projectRelativePath=src/main/java/univpm/OOP2020/Service/FB_page_info.java])
INFO  20:01:45,275 [saros-kill-session-tx] (SarosSessionManager.java:332) session stopped
INFO  20:01:45,354 [saros-shutdown] (ContainerContext.java:205) disposing context...
INFO  20:01:45,356 [saros-shutdown] (ContainerContext.java:209) successfully disposed context
INFO  20:01:45,515 [Framework stop] (Saros.java:137) Stopping Saros 16.0.1
