INFO  22:33:44,916 [Smack Packet Reader (0)] (XMPPConnectionService.java:104) Starting Saros 16.0.1 running:
  Java Version: 1.8.0_231
  Java Vendor: Oracle Corporation
  Eclipse Runtime Version: 3.17.100.v20200203-0917
  Operating System: Windows 10 (10.0)
  Hardware Architecture: amd64
INFO  22:33:44,943 [Smack Packet Reader (0)] (XMPPConnectionService.java:104) initializing context...
INFO  22:33:45,618 [Smack Packet Reader (0)] (XMPPConnectionService.java:104) initializing preference default values
INFO  22:33:45,660 [Smack Packet Reader (0)] (XMPPConnectionService.java:104) successfully initialized context
ERROR 22:54:44,008 [Smack Packet Reader (0)] (XMPPConnectionService.java:104) XMPP connection error: 
stream:error (conflict) text: Replaced by new connection
	at org.jivesoftware.smack.PacketReader.parsePackets(PacketReader.java:247)
	at org.jivesoftware.smack.PacketReader.access$000(PacketReader.java:48)
	at org.jivesoftware.smack.PacketReader$1.run(PacketReader.java:76)
ERROR 22:54:44,014 [Smack Packet Reader (0)] (XMPPConnectionService.java:386)  new connection state == ERROR
stream:error (conflict) text: Replaced by new connection
	at org.jivesoftware.smack.PacketReader.parsePackets(PacketReader.java:247)
	at org.jivesoftware.smack.PacketReader.access$000(PacketReader.java:48)
	at org.jivesoftware.smack.PacketReader$1.run(PacketReader.java:76)
INFO  22:54:50,913 [saros-shutdown] (ContainerContext.java:205) disposing context...
INFO  22:54:50,914 [saros-shutdown] (ContainerContext.java:209) successfully disposed context
INFO  22:54:51,041 [Framework stop] (Saros.java:137) Stopping Saros 16.0.1
