INFO  17:01:23,927 [Worker-0: Session Startup] (ConsistencyAction.java:172) Starting Saros 16.0.1 running:
  Java Version: 1.8.0_221
  Java Vendor: Oracle Corporation
  Eclipse Runtime Version: 3.17.100.v20200203-0917
  Operating System: Windows 10 (10.0)
  Hardware Architecture: amd64
INFO  17:01:23,951 [Worker-0: Session Startup] (ConsistencyAction.java:172) initializing context...
INFO  17:01:24,592 [Worker-0: Session Startup] (ConsistencyAction.java:172) initializing preference default values
INFO  17:01:24,628 [Worker-0: Session Startup] (ConsistencyAction.java:172) successfully initialized context
WARN  17:19:50,957 [Worker-0: Session Startup] (ConsistencyAction.java:172) watchdog client component is not available, cannot perform inconsistency notification
INFO  17:19:51,970 [Worker-0: Session Startup] (SarosSessionManager.java:272) session started
DEBUG 17:19:52,201 [Smack Listener Processor (0)] (MultiUserChatStateManager.java:98) Incoming Message from saros_913590904@conference.saros-con.imp.fu-berlin.de/zhang_oop2020@saros-con.imp.fu-berlin.de/Saros with state: active
INFO  17:20:09,340 [Worker-37: Inviting oop_scal@saros-con.imp.fu-berlin.de (oop_scal@saros-con.imp.fu-berlin.de)...] (SarosSession.java:354) user oop_scal@saros-con.imp.fu-berlin.de/Saros joined session
DEBUG 17:20:09,708 [Smack Listener Processor (0)] (MultiUserChatStateManager.java:98) Incoming Message from saros_913590904@conference.saros-con.imp.fu-berlin.de/oop_scal@saros-con.imp.fu-berlin.de/Saros with state: active
INFO  17:20:31,389 [Worker-25: Synchronizing projects] (SarosSession.java:360) user oop_scal@saros-con.imp.fu-berlin.de/Saros started queuing projects and can receive IResourceActivities
INFO  17:20:34,218 [Worker-25: Synchronizing projects] (SarosSession.java:389) user oop_scal@saros-con.imp.fu-berlin.de/Saros now has Projects and can process IResourceActivities
INFO  17:27:14,238 [saros-shutdown] (SarosSessionManager.java:332) session stopped
INFO  17:27:14,392 [saros-shutdown] (ContainerContext.java:205) disposing context...
INFO  17:27:14,393 [saros-shutdown] (ContainerContext.java:209) successfully disposed context
INFO  17:27:14,497 [Framework stop] (Saros.java:137) Stopping Saros 16.0.1
