INFO  18:34:27,734 [saros-DispatchContext] (NegotiationPacketListener.java:227) Starting Saros 16.0.1 running:
  Java Version: 1.8.0_251
  Java Vendor: Oracle Corporation
  Eclipse Runtime Version: 3.17.100.v20200203-0917
  Operating System: Windows 10 (10.0)
  Hardware Architecture: amd64
INFO  18:34:27,761 [saros-DispatchContext] (NegotiationPacketListener.java:227) initializing context...
INFO  18:34:28,394 [saros-DispatchContext] (NegotiationPacketListener.java:227) initializing preference default values
INFO  18:34:28,438 [saros-DispatchContext] (NegotiationPacketListener.java:227) successfully initialized context
INFO  18:35:13,616 [saros-DispatchContext] (NegotiationPacketListener.java:227) received invitation from oop_scal@saros-con.imp.fu-berlin.de/Saros [negotiation id: -7406833540881400665, session id: 77222158, version: 16.0.1]
INFO  18:35:21,118 [ModalContext] (SarosSessionManager.java:288) joined uninitialized Saros session
INFO  18:35:21,119 [ModalContext] (DataTransferManager.java:269) establishing connection to oop_scal@saros-con.imp.fu-berlin.de/Saros from zhang_laptopoop@saros-con.imp.fu-berlin.de/Saros using stream service XMPP-Socks5-Stream-Service
WARN  18:35:23,461 [Smack Listener Processor (0)] (SubscriptionHandler.java:128) received error presence package from saros_77222158@conference.saros-con.imp.fu-berlin.de/zhang_laptopoop@saros-con.imp.fu-berlin.de/Saros, condition: not-authorized, message: A password is required to enter this room
INFO  18:35:23,467 [saros-DispatchContext] (SarosSession.java:354) user zhang_oop2020@saros-con.imp.fu-berlin.de/Saros joined session
INFO  18:35:23,954 [saros-DispatchContext] (NegotiationPacketListener.java:310) received project negotiation from oop_scal@saros-con.imp.fu-berlin.de/Saros with negotiation id: 2544919291494544582
WARN  18:35:24,075 [pool-8-thread-1] (Socks5StreamService.java:329) [SOCKS5Transport] Received response connection without a running connect
DEBUG 18:35:24,696 [Smack Listener Processor (0)] (MultiUserChatStateManager.java:98) Incoming Message from saros_77222158@conference.saros-con.imp.fu-berlin.de/oop_scal@saros-con.imp.fu-berlin.de/Saros with state: active
DEBUG 18:35:24,698 [Smack Listener Processor (0)] (MultiUserChatStateManager.java:98) Incoming Message from saros_77222158@conference.saros-con.imp.fu-berlin.de/zhang_oop2020@saros-con.imp.fu-berlin.de/Saros with state: active
DEBUG 18:35:25,098 [Smack Listener Processor (0)] (MultiUserChatStateManager.java:98) Incoming Message from saros_77222158@conference.saros-con.imp.fu-berlin.de/zhang_laptopoop@saros-con.imp.fu-berlin.de/Saros with state: active
INFO  18:35:37,465 [saros-DispatchContext] (SarosSession.java:389) user oop_scal@saros-con.imp.fu-berlin.de/Saros now has Projects and can process IResourceActivities
WARN  19:24:20,808 [main] (UserEditorState.java:56) Viewport for editor which was never activated: SPath [project=P/FB_project (EclipseProjectImpl), projectRelativePath=src/main/java/univpm/OOP2020/Service/ALL_post.java]
INFO  19:24:21,278 [main] (ConsistencyWatchdogClient.java:344) Inconsistencies have been detected
INFO  20:01:40,223 [saros-DispatchContext] (SarosSession.java:468) user zhang_oop2020@saros-con.imp.fu-berlin.de/Saros left session
INFO  20:01:57,505 [saros-stop-host] (SarosSessionManager.java:332) session stopped
INFO  22:31:55,429 [saros-shutdown] (ContainerContext.java:205) disposing context...
INFO  22:31:55,430 [saros-shutdown] (ContainerContext.java:209) successfully disposed context
INFO  22:31:55,581 [Framework stop] (Saros.java:137) Stopping Saros 16.0.1
