INFO  17:56:46,483 [saros-DispatchContext] (NegotiationPacketListener.java:227) Starting Saros 16.0.1 running:
  Java Version: 1.8.0_221
  Java Vendor: Oracle Corporation
  Eclipse Runtime Version: 3.17.100.v20200203-0917
  Operating System: Windows 10 (10.0)
  Hardware Architecture: amd64
INFO  17:56:46,506 [saros-DispatchContext] (NegotiationPacketListener.java:227) initializing context...
INFO  17:56:47,487 [saros-DispatchContext] (NegotiationPacketListener.java:227) initializing preference default values
INFO  17:56:47,528 [saros-DispatchContext] (NegotiationPacketListener.java:227) successfully initialized context
INFO  17:58:36,148 [saros-DispatchContext] (NegotiationPacketListener.java:227) received invitation from oop_scal@saros-con.imp.fu-berlin.de/Saros [negotiation id: 4749458503869935110, session id: 1483149611, version: 16.0.1]
INFO  17:58:37,774 [ModalContext] (SarosSessionManager.java:288) joined uninitialized Saros session
INFO  17:58:37,774 [ModalContext] (DataTransferManager.java:269) establishing connection to oop_scal@saros-con.imp.fu-berlin.de/Saros from zhang_oop2020@saros-con.imp.fu-berlin.de/Saros using stream service XMPP-Socks5-Stream-Service
WARN  17:58:51,619 [Smack Listener Processor (0)] (SubscriptionHandler.java:128) received error presence package from saros_1483149611@conference.saros-con.imp.fu-berlin.de/zhang_oop2020@saros-con.imp.fu-berlin.de/Saros, condition: not-authorized, message: A password is required to enter this room
DEBUG 17:58:51,736 [Smack Listener Processor (0)] (MultiUserChatStateManager.java:98) Incoming Message from saros_1483149611@conference.saros-con.imp.fu-berlin.de/oop_scal@saros-con.imp.fu-berlin.de/Saros with state: active
DEBUG 17:58:51,738 [Smack Listener Processor (0)] (MultiUserChatStateManager.java:98) Incoming Message from saros_1483149611@conference.saros-con.imp.fu-berlin.de/oop_scal@saros-con.imp.fu-berlin.de/Saros with state: composing
DEBUG 17:58:51,739 [Smack Listener Processor (0)] (MultiUserChatStateManager.java:98) Incoming Message from saros_1483149611@conference.saros-con.imp.fu-berlin.de/oop_scal@saros-con.imp.fu-berlin.de/Saros with state: inactive
DEBUG 17:58:51,919 [Smack Listener Processor (0)] (MultiUserChatStateManager.java:98) Incoming Message from saros_1483149611@conference.saros-con.imp.fu-berlin.de/zhang_oop2020@saros-con.imp.fu-berlin.de/Saros with state: active
INFO  17:58:52,505 [saros-DispatchContext] (NegotiationPacketListener.java:310) received project negotiation from oop_scal@saros-con.imp.fu-berlin.de/Saros with negotiation id: -5579409408635443987
DEBUG 17:59:05,558 [Smack Listener Processor (0)] (MultiUserChatStateManager.java:98) Incoming Message from saros_1483149611@conference.saros-con.imp.fu-berlin.de/oop_scal@saros-con.imp.fu-berlin.de/Saros with state: composing
DEBUG 17:59:06,147 [Smack Listener Processor (0)] (MultiUserChatStateManager.java:98) Incoming Message from saros_1483149611@conference.saros-con.imp.fu-berlin.de/oop_scal@saros-con.imp.fu-berlin.de/Saros with state: inactive
INFO  17:59:16,808 [saros-DispatchContext] (SarosSession.java:389) user oop_scal@saros-con.imp.fu-berlin.de/Saros now has Projects and can process IResourceActivities
INFO  18:28:13,169 [saros-upnp-resolver-cfg] (UPnPServiceImpl.java:291) discovered 1 gateway(s)
WARN  18:56:21,205 [main] (TextEditActivity.java:312) NoOp Text edit: new '' old ''
ERROR 20:07:04,499 [saros-client-network-watchdog] (ClientSessionTimeoutHandler.java:77) no ping received, reached timeout = 300000
INFO  20:07:04,510 [saros-kill-session-rx] (SarosSessionManager.java:332) session stopped
INFO  20:08:30,235 [saros-shutdown] (ContainerContext.java:205) disposing context...
INFO  20:08:30,236 [saros-shutdown] (ContainerContext.java:209) successfully disposed context
INFO  20:08:30,353 [Framework stop] (Saros.java:137) Stopping Saros 16.0.1
