INFO  22:17:49,560 [saros-DispatchContext] (NegotiationPacketListener.java:227) Starting Saros 16.0.1 running:
  Java Version: 1.8.0_251
  Java Vendor: Oracle Corporation
  Eclipse Runtime Version: 3.17.100.v20200203-0917
  Operating System: Windows 10 (10.0)
  Hardware Architecture: amd64
INFO  22:17:49,591 [saros-DispatchContext] (NegotiationPacketListener.java:227) initializing context...
INFO  22:17:50,210 [saros-DispatchContext] (NegotiationPacketListener.java:227) initializing preference default values
INFO  22:17:50,254 [saros-DispatchContext] (NegotiationPacketListener.java:227) successfully initialized context
INFO  22:18:31,144 [saros-DispatchContext] (NegotiationPacketListener.java:227) received invitation from oop_scal@saros-con.imp.fu-berlin.de/Saros [negotiation id: -8466128698640615388, session id: 1483149611, version: 16.0.1]
INFO  22:18:33,312 [ModalContext] (SarosSessionManager.java:288) joined uninitialized Saros session
INFO  22:18:33,314 [ModalContext] (DataTransferManager.java:269) establishing connection to oop_scal@saros-con.imp.fu-berlin.de/Saros from zhang_laptopoop@saros-con.imp.fu-berlin.de/Saros using stream service XMPP-Socks5-Stream-Service
WARN  22:18:44,982 [Smack Listener Processor (0)] (SubscriptionHandler.java:128) received error presence package from saros_1483149611@conference.saros-con.imp.fu-berlin.de/zhang_laptopoop@saros-con.imp.fu-berlin.de/Saros, condition: not-authorized, message: A password is required to enter this room
DEBUG 22:18:45,058 [Smack Listener Processor (0)] (MultiUserChatStateManager.java:98) Incoming Message from saros_1483149611@conference.saros-con.imp.fu-berlin.de/zhang_oop2020@saros-con.imp.fu-berlin.de/Saros with state: active
INFO  22:18:45,148 [saros-DispatchContext] (SarosSession.java:354) user zhang_oop2020@saros-con.imp.fu-berlin.de/Saros joined session
DEBUG 22:18:45,277 [Smack Listener Processor (0)] (MultiUserChatStateManager.java:98) Incoming Message from saros_1483149611@conference.saros-con.imp.fu-berlin.de/zhang_laptopoop@saros-con.imp.fu-berlin.de/Saros with state: active
INFO  22:18:46,427 [saros-DispatchContext] (NegotiationPacketListener.java:310) received project negotiation from oop_scal@saros-con.imp.fu-berlin.de/Saros with negotiation id: -4886710170440090706
INFO  22:18:57,829 [saros-DispatchContext] (SarosSession.java:389) user oop_scal@saros-con.imp.fu-berlin.de/Saros now has Projects and can process IResourceActivities
INFO  22:19:04,413 [saros-DispatchContext] (SarosSession.java:389) user oop_scal@saros-con.imp.fu-berlin.de/Saros now has Projects and can process IResourceActivities
WARN  22:22:12,256 [main] (UserEditorState.java:56) Viewport for editor which was never activated: SPath [project=P/FBdemo (EclipseProjectImpl), projectRelativePath=src/main/java/univpm/esempio/model/page_post.java]
WARN  22:22:12,336 [main] (UserEditorState.java:56) Viewport for editor which was never activated: SPath [project=P/FBdemo (EclipseProjectImpl), projectRelativePath=src/main/java/univpm/esempio/model/page_post.java]
INFO  22:36:51,850 [saros-stop-host] (SarosSessionManager.java:332) session stopped
INFO  22:38:28,943 [saros-DispatchContext] (NegotiationPacketListener.java:227) received invitation from oop_scal@saros-con.imp.fu-berlin.de/Saros [negotiation id: 4094506895239149747, session id: 1936351386, version: 16.0.1]
INFO  22:38:30,810 [ModalContext] (SarosSessionManager.java:288) joined uninitialized Saros session
INFO  22:38:30,811 [ModalContext] (DataTransferManager.java:269) establishing connection to oop_scal@saros-con.imp.fu-berlin.de/Saros from zhang_laptopoop@saros-con.imp.fu-berlin.de/Saros using stream service XMPP-Socks5-Stream-Service
WARN  22:38:34,240 [Smack Listener Processor (0)] (SubscriptionHandler.java:128) received error presence package from saros_1936351386@conference.saros-con.imp.fu-berlin.de/zhang_laptopoop@saros-con.imp.fu-berlin.de/Saros, condition: not-authorized, message: A password is required to enter this room
DEBUG 22:38:34,344 [Smack Listener Processor (0)] (MultiUserChatStateManager.java:98) Incoming Message from saros_1936351386@conference.saros-con.imp.fu-berlin.de/oop_scal@saros-con.imp.fu-berlin.de/Saros with state: active
DEBUG 22:38:34,345 [Smack Listener Processor (0)] (MultiUserChatStateManager.java:98) Incoming Message from saros_1936351386@conference.saros-con.imp.fu-berlin.de/zhang_oop2020@saros-con.imp.fu-berlin.de/Saros with state: active
INFO  22:38:34,390 [saros-DispatchContext] (SarosSession.java:354) user zhang_oop2020@saros-con.imp.fu-berlin.de/Saros joined session
DEBUG 22:38:34,564 [Smack Listener Processor (0)] (MultiUserChatStateManager.java:98) Incoming Message from saros_1936351386@conference.saros-con.imp.fu-berlin.de/zhang_laptopoop@saros-con.imp.fu-berlin.de/Saros with state: active
INFO  22:38:35,350 [saros-DispatchContext] (NegotiationPacketListener.java:310) received project negotiation from oop_scal@saros-con.imp.fu-berlin.de/Saros with negotiation id: 1904218579338843716
INFO  22:38:40,078 [saros-DispatchContext] (SarosSession.java:389) user oop_scal@saros-con.imp.fu-berlin.de/Saros now has Projects and can process IResourceActivities
WARN  22:38:40,359 [Worker-8: Building] (SharedResourcesManager.java:332) Resource changed while paused:
C(0) /
C(0) /FBdemo
A /FBdemo/target
A * /FBdemo/target/classes
A /FBdemo/target/classes/application.properties
A * /FBdemo/target/test-classes

WARN  23:01:52,274 [main] (TextEditActivity.java:312) NoOp Text edit: new '' old ''
INFO  00:11:04,709 [saros-stop-host] (SarosSessionManager.java:332) session stopped
