INFO  22:09:16,087 [saros-DispatchContext] (NegotiationPacketListener.java:227) Starting Saros 16.0.1 running:
  Java Version: 1.8.0_221
  Java Vendor: Oracle Corporation
  Eclipse Runtime Version: 3.17.100.v20200203-0917
  Operating System: Windows 10 (10.0)
  Hardware Architecture: amd64
INFO  22:09:16,114 [saros-DispatchContext] (NegotiationPacketListener.java:227) initializing context...
INFO  22:09:17,077 [saros-DispatchContext] (NegotiationPacketListener.java:227) initializing preference default values
INFO  22:09:17,109 [saros-DispatchContext] (NegotiationPacketListener.java:227) successfully initialized context
INFO  22:17:58,584 [saros-DispatchContext] (NegotiationPacketListener.java:227) received invitation from oop_scal@saros-con.imp.fu-berlin.de/Saros [negotiation id: 2300800256441246903, session id: 1483149611, version: 16.0.1]
INFO  22:18:27,862 [ModalContext] (SarosSessionManager.java:288) joined uninitialized Saros session
INFO  22:18:27,863 [ModalContext] (DataTransferManager.java:269) establishing connection to oop_scal@saros-con.imp.fu-berlin.de/Saros from zhang_oop2020@saros-con.imp.fu-berlin.de/Saros using stream service XMPP-Socks5-Stream-Service
INFO  22:18:42,561 [saros-DispatchContext] (NegotiationPacketListener.java:310) received project negotiation from oop_scal@saros-con.imp.fu-berlin.de/Saros with negotiation id: -5324835344329606937
DEBUG 22:18:42,649 [Smack Listener Processor (0)] (MultiUserChatStateManager.java:98) Incoming Message from saros_1483149611@conference.saros-con.imp.fu-berlin.de/zhang_oop2020@saros-con.imp.fu-berlin.de/Saros with state: active
INFO  22:18:45,110 [saros-DispatchContext] (SarosSession.java:354) user zhang_laptopoop@saros-con.imp.fu-berlin.de/Saros joined session
DEBUG 22:18:45,280 [Smack Listener Processor (0)] (MultiUserChatStateManager.java:98) Incoming Message from saros_1483149611@conference.saros-con.imp.fu-berlin.de/zhang_laptopoop@saros-con.imp.fu-berlin.de/Saros with state: active
INFO  22:18:57,668 [saros-DispatchContext] (SarosSession.java:389) user oop_scal@saros-con.imp.fu-berlin.de/Saros now has Projects and can process IResourceActivities
INFO  22:19:04,412 [saros-DispatchContext] (SarosSession.java:389) user oop_scal@saros-con.imp.fu-berlin.de/Saros now has Projects and can process IResourceActivities
WARN  22:19:05,885 [Worker-37: Building] (SharedResourcesManager.java:332) Resource changed while paused:
C(0) /
C(0) /FBdemo
A /FBdemo/target
A * /FBdemo/target/classes
A /FBdemo/target/classes/application.properties
A * /FBdemo/target/test-classes

ERROR 22:22:10,514 [main] (EditorManager.java:703) TextEditActivity refers to file which is not available locally: TextEditActivity(start: [TextPosition - line number: 68, in-line offset: 2], new text line delta: 0, new text offset delta: 0, new: '', replaced text line delta: 0, replaced text offset delta: 1, old: '/', path: SPath [project=P/FBdemo (EclipseProjectImpl), projectRelativePath=src/main/java/univpm/esempio/demo/page_post.java], src: oop_scal@saros-con.imp.fu-berlin.de/Saros)
WARN  22:22:12,266 [main] (UserEditorState.java:56) Viewport for editor which was never activated: SPath [project=P/FBdemo (EclipseProjectImpl), projectRelativePath=src/main/java/univpm/esempio/model/page_post.java]
WARN  22:22:12,345 [main] (UserEditorState.java:56) Viewport for editor which was never activated: SPath [project=P/FBdemo (EclipseProjectImpl), projectRelativePath=src/main/java/univpm/esempio/model/page_post.java]
WARN  22:22:35,460 [main] (TextEditActivity.java:312) NoOp Text edit: new '' old ''
INFO  22:36:51,877 [saros-stop-host] (SarosSessionManager.java:332) session stopped
INFO  22:37:00,466 [saros-DispatchContext] (NegotiationPacketListener.java:227) received invitation from oop_scal@saros-con.imp.fu-berlin.de/Saros [negotiation id: -698709338713411538, session id: 1936351386, version: 16.0.1]
INFO  22:37:02,216 [ModalContext] (SarosSessionManager.java:288) joined uninitialized Saros session
INFO  22:37:02,216 [ModalContext] (DataTransferManager.java:269) establishing connection to oop_scal@saros-con.imp.fu-berlin.de/Saros from zhang_oop2020@saros-con.imp.fu-berlin.de/Saros using stream service XMPP-Socks5-Stream-Service
WARN  22:37:06,102 [Smack Listener Processor (0)] (SubscriptionHandler.java:128) received error presence package from saros_1936351386@conference.saros-con.imp.fu-berlin.de/zhang_oop2020@saros-con.imp.fu-berlin.de/Saros, condition: not-authorized, message: A password is required to enter this room
DEBUG 22:37:06,226 [Smack Listener Processor (0)] (MultiUserChatStateManager.java:98) Incoming Message from saros_1936351386@conference.saros-con.imp.fu-berlin.de/oop_scal@saros-con.imp.fu-berlin.de/Saros with state: active
DEBUG 22:37:06,445 [Smack Listener Processor (0)] (MultiUserChatStateManager.java:98) Incoming Message from saros_1936351386@conference.saros-con.imp.fu-berlin.de/zhang_oop2020@saros-con.imp.fu-berlin.de/Saros with state: active
INFO  22:37:06,729 [saros-DispatchContext] (NegotiationPacketListener.java:310) received project negotiation from oop_scal@saros-con.imp.fu-berlin.de/Saros with negotiation id: 5811025656731522185
INFO  22:37:13,937 [saros-DispatchContext] (SarosSession.java:389) user oop_scal@saros-con.imp.fu-berlin.de/Saros now has Projects and can process IResourceActivities
WARN  22:37:14,674 [Worker-36: Building] (SharedResourcesManager.java:332) Resource changed while paused:
C(0) /
C(0) /FBdemo
A /FBdemo/target
A * /FBdemo/target/classes
A /FBdemo/target/classes/application.properties
A * /FBdemo/target/test-classes

INFO  22:38:34,378 [saros-DispatchContext] (SarosSession.java:354) user zhang_laptopoop@saros-con.imp.fu-berlin.de/Saros joined session
DEBUG 22:38:34,589 [Smack Listener Processor (0)] (MultiUserChatStateManager.java:98) Incoming Message from saros_1936351386@conference.saros-con.imp.fu-berlin.de/zhang_laptopoop@saros-con.imp.fu-berlin.de/Saros with state: active
INFO  22:38:40,152 [saros-DispatchContext] (SarosSession.java:389) user oop_scal@saros-con.imp.fu-berlin.de/Saros now has Projects and can process IResourceActivities
WARN  22:47:08,611 [main] (TextEditActivity.java:312) NoOp Text edit: new '' old ''
WARN  22:47:08,804 [main] (TextEditActivity.java:312) NoOp Text edit: new '' old ''
INFO  00:11:04,850 [saros-stop-host] (SarosSessionManager.java:332) session stopped
WARN  00:11:05,333 [Smack Listener Processor (0)] (SubscriptionHandler.java:128) received error presence package from saros_1936351386@conference.saros-con.imp.fu-berlin.de/zhang_oop2020@saros-con.imp.fu-berlin.de/Saros, condition: item-not-found, message: Conference room does not exist
INFO  00:11:11,770 [saros-shutdown] (ContainerContext.java:205) disposing context...
INFO  00:11:11,771 [saros-shutdown] (ContainerContext.java:209) successfully disposed context
INFO  00:11:11,881 [Framework stop] (Saros.java:137) Stopping Saros 16.0.1
