ERROR 19:57:19,429 [Smack Packet Reader (0)] (XMPPConnectionService.java:104) XMPP connection error: 
stream:error (conflict) text: Replaced by new connection
	at org.jivesoftware.smack.PacketReader.parsePackets(PacketReader.java:247)
	at org.jivesoftware.smack.PacketReader.access$000(PacketReader.java:48)
	at org.jivesoftware.smack.PacketReader$1.run(PacketReader.java:76)
ERROR 19:57:19,436 [Smack Packet Reader (0)] (XMPPConnectionService.java:386)  new connection state == ERROR
stream:error (conflict) text: Replaced by new connection
	at org.jivesoftware.smack.PacketReader.parsePackets(PacketReader.java:247)
	at org.jivesoftware.smack.PacketReader.access$000(PacketReader.java:48)
	at org.jivesoftware.smack.PacketReader$1.run(PacketReader.java:76)
WARN  21:24:26,673 [Smack Listener Processor (1)] (SubscriptionHandler.java:128) received error presence package from saros_655353235@conference.saros-con.imp.fu-berlin.de/zhang_oop2020@saros-con.imp.fu-berlin.de/Saros, condition: not-authorized, message: A password is required to enter this room
WARN  21:24:38,263 [pool-13-thread-1] (Socks5StreamService.java:329) [SOCKS5Transport] Received response connection without a running connect
WARN  00:31:59,981 [main] (TextEditActivity.java:312) NoOp Text edit: new '' old ''
WARN  01:30:38,572 [main] (FileActivityConsumer.java:151) could not delete file L/FB_project/target/classes/univpm/OOP2020/App/DemoApplication.class because it does not exist
WARN  01:30:38,572 [main] (FileActivityConsumer.java:151) could not delete file L/FB_project/target/classes/univpm/OOP2020/App/controller/simpleRestController.class because it does not exist
WARN  01:30:38,572 [main] (FileActivityConsumer.java:151) could not delete file L/FB_project/target/classes/univpm/OOP2020/Body/request_body.class because it does not exist
WARN  01:30:38,572 [main] (FileActivityConsumer.java:151) could not delete file L/FB_project/target/classes/univpm/OOP2020/Model/Impression.class because it does not exist
WARN  01:30:38,573 [main] (FileActivityConsumer.java:151) could not delete file L/FB_project/target/classes/univpm/OOP2020/Model/Metric_values.class because it does not exist
WARN  01:30:38,573 [main] (FileActivityConsumer.java:151) could not delete file L/FB_project/target/classes/univpm/OOP2020/Model/Property.class because it does not exist
WARN  01:30:38,573 [main] (FileActivityConsumer.java:151) could not delete file L/FB_project/target/classes/univpm/OOP2020/Model/Reactions.class because it does not exist
WARN  01:30:38,574 [main] (FileActivityConsumer.java:151) could not delete file L/FB_project/target/classes/univpm/OOP2020/Model/Statics.class because it does not exist
WARN  01:30:38,574 [main] (FileActivityConsumer.java:151) could not delete file L/FB_project/target/classes/univpm/OOP2020/Model/page_post.class because it does not exist
WARN  01:30:38,574 [main] (FileActivityConsumer.java:151) could not delete file L/FB_project/target/classes/univpm/OOP2020/Service/ALL_post.class because it does not exist
WARN  01:30:38,574 [main] (FileActivityConsumer.java:151) could not delete file L/FB_project/target/classes/univpm/OOP2020/Service/Download.class because it does not exist
WARN  01:30:38,574 [main] (FileActivityConsumer.java:151) could not delete file L/FB_project/target/classes/univpm/OOP2020/Service/FB_page_info.class because it does not exist
WARN  01:30:38,574 [main] (FileActivityConsumer.java:151) could not delete file L/FB_project/target/test-classes/univpm/OOP2020/Test/OOP_2020_Test.class because it does not exist
WARN  01:30:38,575 [main] (FileActivityConsumer.java:151) could not delete file L/FB_project/target/test-classes/univpm/OOP2020/demo/DemoApplicationTests.class because it does not exist
