INFO  19:20:35,787 [Smack Packet Reader (0)] (XMPPConnectionService.java:104) Starting Saros 16.0.1 running:
  Java Version: 1.8.0_231
  Java Vendor: Oracle Corporation
  Eclipse Runtime Version: 3.17.100.v20200203-0917
  Operating System: Windows 10 (10.0)
  Hardware Architecture: amd64
INFO  19:20:35,819 [Smack Packet Reader (0)] (XMPPConnectionService.java:104) initializing context...
INFO  19:20:36,574 [Smack Packet Reader (0)] (XMPPConnectionService.java:104) initializing preference default values
INFO  19:20:36,629 [Smack Packet Reader (0)] (XMPPConnectionService.java:104) successfully initialized context
ERROR 19:57:19,429 [Smack Packet Reader (0)] (XMPPConnectionService.java:104) XMPP connection error: 
stream:error (conflict) text: Replaced by new connection
	at org.jivesoftware.smack.PacketReader.parsePackets(PacketReader.java:247)
	at org.jivesoftware.smack.PacketReader.access$000(PacketReader.java:48)
	at org.jivesoftware.smack.PacketReader$1.run(PacketReader.java:76)
ERROR 19:57:19,436 [Smack Packet Reader (0)] (XMPPConnectionService.java:386)  new connection state == ERROR
stream:error (conflict) text: Replaced by new connection
	at org.jivesoftware.smack.PacketReader.parsePackets(PacketReader.java:247)
	at org.jivesoftware.smack.PacketReader.access$000(PacketReader.java:48)
	at org.jivesoftware.smack.PacketReader$1.run(PacketReader.java:76)
INFO  21:24:20,393 [saros-DispatchContext] (NegotiationPacketListener.java:227) received invitation from oop_scal@saros-con.imp.fu-berlin.de/Saros [negotiation id: 5434561910914130719, session id: 655353235, version: 16.0.1]
INFO  21:24:22,152 [ModalContext] (SarosSessionManager.java:288) joined uninitialized Saros session
INFO  21:24:22,152 [ModalContext] (DataTransferManager.java:269) establishing connection to oop_scal@saros-con.imp.fu-berlin.de/Saros from zhang_oop2020@saros-con.imp.fu-berlin.de/Saros using stream service XMPP-Socks5-Stream-Service
WARN  21:24:26,673 [Smack Listener Processor (1)] (SubscriptionHandler.java:128) received error presence package from saros_655353235@conference.saros-con.imp.fu-berlin.de/zhang_oop2020@saros-con.imp.fu-berlin.de/Saros, condition: not-authorized, message: A password is required to enter this room
DEBUG 21:24:26,981 [Smack Listener Processor (1)] (MultiUserChatStateManager.java:98) Incoming Message from saros_655353235@conference.saros-con.imp.fu-berlin.de/zhang_oop2020@saros-con.imp.fu-berlin.de/Saros with state: active
INFO  21:24:27,184 [saros-DispatchContext] (NegotiationPacketListener.java:310) received project negotiation from oop_scal@saros-con.imp.fu-berlin.de/Saros with negotiation id: 6062987665769648937
WARN  21:24:38,263 [pool-13-thread-1] (Socks5StreamService.java:329) [SOCKS5Transport] Received response connection without a running connect
INFO  21:24:45,116 [saros-DispatchContext] (SarosSession.java:389) user oop_scal@saros-con.imp.fu-berlin.de/Saros now has Projects and can process IResourceActivities
WARN  00:31:59,981 [main] (TextEditActivity.java:312) NoOp Text edit: new '' old ''
WARN  01:30:38,572 [main] (FileActivityConsumer.java:151) could not delete file L/FB_project/target/classes/univpm/OOP2020/App/DemoApplication.class because it does not exist
WARN  01:30:38,572 [main] (FileActivityConsumer.java:151) could not delete file L/FB_project/target/classes/univpm/OOP2020/App/controller/simpleRestController.class because it does not exist
WARN  01:30:38,572 [main] (FileActivityConsumer.java:151) could not delete file L/FB_project/target/classes/univpm/OOP2020/Body/request_body.class because it does not exist
WARN  01:30:38,572 [main] (FileActivityConsumer.java:151) could not delete file L/FB_project/target/classes/univpm/OOP2020/Model/Impression.class because it does not exist
WARN  01:30:38,573 [main] (FileActivityConsumer.java:151) could not delete file L/FB_project/target/classes/univpm/OOP2020/Model/Metric_values.class because it does not exist
WARN  01:30:38,573 [main] (FileActivityConsumer.java:151) could not delete file L/FB_project/target/classes/univpm/OOP2020/Model/Property.class because it does not exist
WARN  01:30:38,573 [main] (FileActivityConsumer.java:151) could not delete file L/FB_project/target/classes/univpm/OOP2020/Model/Reactions.class because it does not exist
WARN  01:30:38,574 [main] (FileActivityConsumer.java:151) could not delete file L/FB_project/target/classes/univpm/OOP2020/Model/Statics.class because it does not exist
WARN  01:30:38,574 [main] (FileActivityConsumer.java:151) could not delete file L/FB_project/target/classes/univpm/OOP2020/Model/page_post.class because it does not exist
WARN  01:30:38,574 [main] (FileActivityConsumer.java:151) could not delete file L/FB_project/target/classes/univpm/OOP2020/Service/ALL_post.class because it does not exist
WARN  01:30:38,574 [main] (FileActivityConsumer.java:151) could not delete file L/FB_project/target/classes/univpm/OOP2020/Service/Download.class because it does not exist
WARN  01:30:38,574 [main] (FileActivityConsumer.java:151) could not delete file L/FB_project/target/classes/univpm/OOP2020/Service/FB_page_info.class because it does not exist
WARN  01:30:38,574 [main] (FileActivityConsumer.java:151) could not delete file L/FB_project/target/test-classes/univpm/OOP2020/Test/OOP_2020_Test.class because it does not exist
WARN  01:30:38,575 [main] (FileActivityConsumer.java:151) could not delete file L/FB_project/target/test-classes/univpm/OOP2020/demo/DemoApplicationTests.class because it does not exist
INFO  01:34:56,180 [saros-shutdown] (SarosSessionManager.java:332) session stopped
INFO  01:34:56,341 [saros-shutdown] (ContainerContext.java:205) disposing context...
INFO  01:34:56,342 [saros-shutdown] (ContainerContext.java:209) successfully disposed context
INFO  01:34:56,506 [Framework stop] (Saros.java:137) Stopping Saros 16.0.1
