INFO  20:41:47,009 [saros-connect-xmpp] (?:?) Starting Saros 16.0.1 running:
  Java Version: 1.8.0_221
  Java Vendor: Oracle Corporation
  Eclipse Runtime Version: 3.17.100.v20200203-0917
  Operating System: Windows 10 (10.0)
  Hardware Architecture: amd64
INFO  20:41:47,029 [saros-connect-xmpp] (?:?) initializing context...
INFO  20:41:47,262 [saros-connect-xmpp] (?:?) initializing preference default values
INFO  20:41:47,294 [saros-connect-xmpp] (?:?) successfully initialized context
INFO  20:42:01,374 [saros-connect-xmpp] (?:?) discovered 1 gateway(s)
ERROR 20:48:23,175 [saros-connect-xmpp] (?:?)  new connection state == ERROR
SASL authentication DIGEST-MD5 failed: not-authorized: 
	at org.jivesoftware.smack.SASLAuthentication.authenticate(SASLAuthentication.java:342)
	at org.jivesoftware.smack.XMPPConnection.login(XMPPConnection.java:243)
	at saros.net.xmpp.XMPPConnectionService.connect(XMPPConnectionService.java:266)
	at saros.communication.connection.ConnectionHandler.connectXMPPInternal(ConnectionHandler.java:219)
	at saros.communication.connection.ConnectionHandler.connect(ConnectionHandler.java:150)
	at saros.ui.util.XMPPConnectionSupport.lambda$0(XMPPConnectionSupport.java:181)
	at saros.util.ThreadUtils$1.run(ThreadUtils.java:34)
	at java.lang.Thread.run(Unknown Source)
INFO  20:48:59,826 [saros-shutdown] (ContainerContext.java:205) disposing context...
INFO  20:48:59,827 [saros-shutdown] (ContainerContext.java:209) successfully disposed context
INFO  20:48:59,975 [Framework stop] (Saros.java:137) Stopping Saros 16.0.1
