INFO  22:03:28,915 [Smack Listener Processor (0)] (SingleUserChatService.java:80) Starting Saros 16.0.1 running:
  Java Version: 1.8.0_221
  Java Vendor: Oracle Corporation
  Eclipse Runtime Version: 3.17.100.v20200203-0917
  Operating System: Windows 10 (10.0)
  Hardware Architecture: amd64
INFO  22:03:28,936 [Smack Listener Processor (0)] (SingleUserChatService.java:80) initializing context...
INFO  22:03:29,864 [Smack Listener Processor (0)] (SingleUserChatService.java:80) initializing preference default values
INFO  22:03:29,892 [Smack Listener Processor (0)] (SingleUserChatService.java:80) successfully initialized context
INFO  22:06:59,190 [Smack Listener Processor (0)] (SingleUserChatService.java:80) chat created between zhang_oop2020@saros-con.imp.fu-berlin.de/Saros <->oop_scal@saros-con.imp.fu-berlin.de/Saros, created local: false
INFO  22:06:59,194 [Smack Listener Processor (0)] (SingleUserChatService.java:107) skipping notification of listeners because the chat already exists
INFO  22:07:10,228 [Smack Listener Processor (0)] (SingleUserChatService.java:80) chat created between zhang_oop2020@saros-con.imp.fu-berlin.de/Saros <->oop_scal@saros-con.imp.fu-berlin.de/Saros, created local: false
INFO  22:07:10,229 [Smack Listener Processor (0)] (SingleUserChatService.java:107) skipping notification of listeners because the chat already exists
ERROR 22:08:14,184 [Smack Packet Reader (0)] (XMPPConnectionService.java:104) XMPP connection error: 
stream:error (conflict) text: Replaced by new connection
	at org.jivesoftware.smack.PacketReader.parsePackets(PacketReader.java:247)
	at org.jivesoftware.smack.PacketReader.access$000(PacketReader.java:48)
	at org.jivesoftware.smack.PacketReader$1.run(PacketReader.java:76)
ERROR 22:08:14,189 [Smack Packet Reader (0)] (XMPPConnectionService.java:386)  new connection state == ERROR
stream:error (conflict) text: Replaced by new connection
	at org.jivesoftware.smack.PacketReader.parsePackets(PacketReader.java:247)
	at org.jivesoftware.smack.PacketReader.access$000(PacketReader.java:48)
	at org.jivesoftware.smack.PacketReader$1.run(PacketReader.java:76)
INFO  22:09:42,210 [Smack Listener Processor (1)] (SingleUserChatService.java:80) chat created between zhang_oop2020@saros-con.imp.fu-berlin.de/Saros <->oop_scal@saros-con.imp.fu-berlin.de/Saros, created local: false
INFO  22:09:42,211 [Smack Listener Processor (1)] (SingleUserChatService.java:107) skipping notification of listeners because the chat already exists
ERROR 22:09:54,218 [main] (ThreadUtils.java:36) Internal Error:
org.eclipse.swt.SWTException: Widget is disposed
	at org.eclipse.swt.SWT.error(SWT.java:4723)
	at org.eclipse.swt.SWT.error(SWT.java:4638)
	at org.eclipse.swt.SWT.error(SWT.java:4609)
	at org.eclipse.swt.widgets.Widget.error(Widget.java:432)
	at org.eclipse.swt.widgets.Widget.checkWidget(Widget.java:351)
	at org.eclipse.swt.widgets.Widget.getData(Widget.java:497)
	at saros.ui.widgets.chat.ChatRoomsComposite.selectExistentTab(ChatRoomsComposite.java:571)
	at saros.ui.widgets.chat.ChatRoomsComposite.openChat(ChatRoomsComposite.java:491)
	at saros.ui.widgets.chat.ChatControl$5$1.run(ChatControl.java:234)
	at saros.util.ThreadUtils$1.run(ThreadUtils.java:34)
	at org.eclipse.swt.widgets.RunnableLock.run(RunnableLock.java:40)
	at org.eclipse.swt.widgets.Synchronizer.runAsyncMessages(Synchronizer.java:185)
	at org.eclipse.swt.widgets.Display.runAsyncMessages(Display.java:3897)
	at org.eclipse.swt.widgets.Display.readAndDispatch(Display.java:3527)
	at org.eclipse.e4.ui.internal.workbench.swt.PartRenderingEngine$5.run(PartRenderingEngine.java:1160)
	at org.eclipse.core.databinding.observable.Realm.runWithDefault(Realm.java:338)
	at org.eclipse.e4.ui.internal.workbench.swt.PartRenderingEngine.run(PartRenderingEngine.java:1049)
	at org.eclipse.e4.ui.internal.workbench.E4Workbench.createAndRunUI(E4Workbench.java:155)
	at org.eclipse.ui.internal.Workbench.lambda$3(Workbench.java:658)
	at org.eclipse.core.databinding.observable.Realm.runWithDefault(Realm.java:338)
	at org.eclipse.ui.internal.Workbench.createAndRunWorkbench(Workbench.java:557)
	at org.eclipse.ui.PlatformUI.createAndRunWorkbench(PlatformUI.java:154)
	at org.eclipse.ui.internal.ide.application.IDEApplication.start(IDEApplication.java:150)
	at org.eclipse.equinox.internal.app.EclipseAppHandle.run(EclipseAppHandle.java:203)
	at org.eclipse.core.runtime.internal.adaptor.EclipseAppLauncher.runApplication(EclipseAppLauncher.java:137)
	at org.eclipse.core.runtime.internal.adaptor.EclipseAppLauncher.start(EclipseAppLauncher.java:107)
	at org.eclipse.core.runtime.adaptor.EclipseStarter.run(EclipseStarter.java:401)
	at org.eclipse.core.runtime.adaptor.EclipseStarter.run(EclipseStarter.java:255)
	at sun.reflect.NativeMethodAccessorImpl.invoke0(Native Method)
	at sun.reflect.NativeMethodAccessorImpl.invoke(Unknown Source)
	at sun.reflect.DelegatingMethodAccessorImpl.invoke(Unknown Source)
	at java.lang.reflect.Method.invoke(Unknown Source)
	at org.eclipse.equinox.launcher.Main.invokeFramework(Main.java:657)
	at org.eclipse.equinox.launcher.Main.basicRun(Main.java:594)
	at org.eclipse.equinox.launcher.Main.run(Main.java:1447)
ERROR 22:09:54,219 [main] (ThreadUtils.java:37) Original caller:
StackTrace:
	at saros.util.ThreadUtils.wrapSafe(ThreadUtils.java:28)
	at saros.ui.util.SWTUtils.runSafeSWTAsync(SWTUtils.java:124)
	at saros.ui.widgets.chat.ChatControl$5.messageReceived(ChatControl.java:226)
	at saros.communication.chat.AbstractChat.notifyJIDMessageReceived(AbstractChat.java:63)
	at saros.communication.chat.single.SingleUserChat$1.processMessage(SingleUserChat.java:36)
	at saros.communication.chat.single.SingleUserChat.sendMessage(SingleUserChat.java:138)
	at saros.communication.chat.single.SingleUserChat.sendMessage(SingleUserChat.java:154)
	at saros.ui.widgets.chat.ChatControl.sendMessage(ChatControl.java:687)
	at saros.ui.widgets.chat.ChatControl.access$2(ChatControl.java:683)
	at saros.ui.widgets.chat.ChatControl$2.keyPressed(ChatControl.java:148)
	at org.eclipse.swt.widgets.TypedListener.handleEvent(TypedListener.java:171)
	at org.eclipse.swt.widgets.EventTable.sendEvent(EventTable.java:89)
	at org.eclipse.swt.widgets.Display.sendEvent(Display.java:4105)
	at org.eclipse.swt.widgets.Widget.sendEvent(Widget.java:1037)
	at org.eclipse.swt.widgets.Widget.sendEvent(Widget.java:1061)
	at org.eclipse.swt.widgets.Widget.sendEvent(Widget.java:1046)
	at org.eclipse.swt.widgets.Widget.sendKeyEvent(Widget.java:1088)
	at org.eclipse.swt.widgets.Widget.sendKeyEvent(Widget.java:1084)
	at org.eclipse.swt.widgets.Widget.wmChar(Widget.java:1471)
	at org.eclipse.swt.widgets.Control.WM_CHAR(Control.java:4840)
	at org.eclipse.swt.widgets.Canvas.WM_CHAR(Canvas.java:340)
	at org.eclipse.swt.widgets.Control.windowProc(Control.java:4718)
	at org.eclipse.swt.widgets.Canvas.windowProc(Canvas.java:335)
	at org.eclipse.swt.widgets.Display.windowProc(Display.java:4749)
	at org.eclipse.swt.internal.win32.OS.DispatchMessage(Native Method)
	at org.eclipse.swt.widgets.Display.readAndDispatch(Display.java:3522)
	at org.eclipse.e4.ui.internal.workbench.swt.PartRenderingEngine$5.run(PartRenderingEngine.java:1160)
	at org.eclipse.core.databinding.observable.Realm.runWithDefault(Realm.java:338)
	at org.eclipse.e4.ui.internal.workbench.swt.PartRenderingEngine.run(PartRenderingEngine.java:1049)
	at org.eclipse.e4.ui.internal.workbench.E4Workbench.createAndRunUI(E4Workbench.java:155)
	at org.eclipse.ui.internal.Workbench.lambda$3(Workbench.java:658)
	at org.eclipse.core.databinding.observable.Realm.runWithDefault(Realm.java:338)
	at org.eclipse.ui.internal.Workbench.createAndRunWorkbench(Workbench.java:557)
	at org.eclipse.ui.PlatformUI.createAndRunWorkbench(PlatformUI.java:154)
	at org.eclipse.ui.internal.ide.application.IDEApplication.start(IDEApplication.java:150)
	at org.eclipse.equinox.internal.app.EclipseAppHandle.run(EclipseAppHandle.java:203)
	at org.eclipse.core.runtime.internal.adaptor.EclipseAppLauncher.runApplication(EclipseAppLauncher.java:137)
	at org.eclipse.core.runtime.internal.adaptor.EclipseAppLauncher.start(EclipseAppLauncher.java:107)
	at org.eclipse.core.runtime.adaptor.EclipseStarter.run(EclipseStarter.java:401)
	at org.eclipse.core.runtime.adaptor.EclipseStarter.run(EclipseStarter.java:255)
	at sun.reflect.NativeMethodAccessorImpl.invoke0(Native Method)
	at sun.reflect.NativeMethodAccessorImpl.invoke(Unknown Source)
	at sun.reflect.DelegatingMethodAccessorImpl.invoke(Unknown Source)
	at java.lang.reflect.Method.invoke(Unknown Source)
	at org.eclipse.equinox.launcher.Main.invokeFramework(Main.java:657)
	at org.eclipse.equinox.launcher.Main.basicRun(Main.java:594)
	at org.eclipse.equinox.launcher.Main.run(Main.java:1447)
INFO  22:10:47,865 [Smack Listener Processor (1)] (SingleUserChatService.java:80) chat created between zhang_oop2020@saros-con.imp.fu-berlin.de/Saros <->oop_scal@saros-con.imp.fu-berlin.de/Saros, created local: false
INFO  22:10:47,865 [Smack Listener Processor (1)] (SingleUserChatService.java:107) skipping notification of listeners because the chat already exists
INFO  22:11:34,882 [saros-DispatchContext] (NegotiationPacketListener.java:227) received invitation from oop_scal@saros-con.imp.fu-berlin.de/Saros [negotiation id: -5380069827593489096, session id: 793772333, version: 16.0.1]
INFO  22:11:37,668 [ModalContext] (SarosSessionManager.java:288) joined uninitialized Saros session
INFO  22:11:37,669 [ModalContext] (DataTransferManager.java:269) establishing connection to oop_scal@saros-con.imp.fu-berlin.de/Saros from zhang_oop2020@saros-con.imp.fu-berlin.de/Saros using stream service XMPP-Socks5-Stream-Service
WARN  22:11:53,454 [Smack Listener Processor (1)] (SubscriptionHandler.java:128) received error presence package from saros_793772333@conference.saros-con.imp.fu-berlin.de/zhang_oop2020@saros-con.imp.fu-berlin.de/Saros, condition: not-authorized, message: A password is required to enter this room
DEBUG 22:11:54,004 [Smack Listener Processor (1)] (MultiUserChatStateManager.java:98) Incoming Message from saros_793772333@conference.saros-con.imp.fu-berlin.de/zhang_oop2020@saros-con.imp.fu-berlin.de/Saros with state: active
INFO  22:11:54,967 [Smack Listener Processor (1)] (SingleUserChatService.java:80) chat created between zhang_oop2020@saros-con.imp.fu-berlin.de/Saros <->oop_scal@saros-con.imp.fu-berlin.de/Saros, created local: false
INFO  22:11:54,967 [Smack Listener Processor (1)] (SingleUserChatService.java:107) skipping notification of listeners because the chat already exists
INFO  22:11:55,186 [saros-DispatchContext] (NegotiationPacketListener.java:310) received project negotiation from oop_scal@saros-con.imp.fu-berlin.de/Saros with negotiation id: 4514644347467577664
INFO  22:12:07,726 [saros-DispatchContext] (SarosSession.java:389) user oop_scal@saros-con.imp.fu-berlin.de/Saros now has Projects and can process IResourceActivities
INFO  22:12:21,010 [Smack Listener Processor (1)] (SingleUserChatService.java:80) chat created between zhang_oop2020@saros-con.imp.fu-berlin.de/Saros <->oop_scal@saros-con.imp.fu-berlin.de/Saros, created local: false
INFO  22:12:21,010 [Smack Listener Processor (1)] (SingleUserChatService.java:107) skipping notification of listeners because the chat already exists
INFO  22:12:35,261 [Smack Listener Processor (1)] (SingleUserChatService.java:80) chat created between zhang_oop2020@saros-con.imp.fu-berlin.de/Saros <->oop_scal@saros-con.imp.fu-berlin.de/Saros, created local: false
INFO  22:12:35,261 [Smack Listener Processor (1)] (SingleUserChatService.java:107) skipping notification of listeners because the chat already exists
DEBUG 22:12:47,018 [Smack Listener Processor (1)] (MultiUserChatStateManager.java:98) Incoming Message from saros_793772333@conference.saros-con.imp.fu-berlin.de/oop_scal@saros-con.imp.fu-berlin.de/Saros with state: composing
DEBUG 22:12:48,050 [Smack Listener Processor (1)] (MultiUserChatStateManager.java:98) Incoming Message from saros_793772333@conference.saros-con.imp.fu-berlin.de/oop_scal@saros-con.imp.fu-berlin.de/Saros with state: inactive
DEBUG 22:13:01,891 [Smack Listener Processor (1)] (MultiUserChatStateManager.java:98) Incoming Message from saros_793772333@conference.saros-con.imp.fu-berlin.de/oop_scal@saros-con.imp.fu-berlin.de/Saros with state: composing
DEBUG 22:13:03,052 [Smack Listener Processor (1)] (MultiUserChatStateManager.java:98) Incoming Message from saros_793772333@conference.saros-con.imp.fu-berlin.de/oop_scal@saros-con.imp.fu-berlin.de/Saros with state: inactive
DEBUG 22:13:06,294 [Smack Listener Processor (1)] (MultiUserChatStateManager.java:98) Incoming Message from saros_793772333@conference.saros-con.imp.fu-berlin.de/oop_scal@saros-con.imp.fu-berlin.de/Saros with state: composing
DEBUG 22:13:06,719 [Smack Listener Processor (1)] (MultiUserChatStateManager.java:98) Incoming Message from saros_793772333@conference.saros-con.imp.fu-berlin.de/zhang_oop2020@saros-con.imp.fu-berlin.de/Saros with state: composing
DEBUG 22:13:07,373 [Smack Listener Processor (1)] (MultiUserChatStateManager.java:98) Incoming Message from saros_793772333@conference.saros-con.imp.fu-berlin.de/zhang_oop2020@saros-con.imp.fu-berlin.de/Saros with state: inactive
DEBUG 22:13:08,965 [Smack Listener Processor (1)] (MultiUserChatStateManager.java:98) Incoming Message from saros_793772333@conference.saros-con.imp.fu-berlin.de/oop_scal@saros-con.imp.fu-berlin.de/Saros with state: inactive
DEBUG 22:49:51,497 [Smack Listener Processor (1)] (MultiUserChatStateManager.java:98) Incoming Message from saros_793772333@conference.saros-con.imp.fu-berlin.de/oop_scal@saros-con.imp.fu-berlin.de/Saros with state: composing
DEBUG 22:49:52,155 [Smack Listener Processor (1)] (MultiUserChatStateManager.java:98) Incoming Message from saros_793772333@conference.saros-con.imp.fu-berlin.de/oop_scal@saros-con.imp.fu-berlin.de/Saros with state: inactive
ERROR 22:50:24,048 [Smack Packet Reader (1)] (XMPPConnectionService.java:104) XMPP connection error: 
stream:error (conflict) text: Replaced by new connection
	at org.jivesoftware.smack.PacketReader.parsePackets(PacketReader.java:247)
	at org.jivesoftware.smack.PacketReader.access$000(PacketReader.java:48)
	at org.jivesoftware.smack.PacketReader$1.run(PacketReader.java:76)
ERROR 22:50:24,049 [Smack Packet Reader (1)] (XMPPConnectionService.java:386)  new connection state == ERROR
stream:error (conflict) text: Replaced by new connection
	at org.jivesoftware.smack.PacketReader.parsePackets(PacketReader.java:247)
	at org.jivesoftware.smack.PacketReader.access$000(PacketReader.java:48)
	at org.jivesoftware.smack.PacketReader$1.run(PacketReader.java:76)
ERROR 22:50:54,031 [saros-activity-sender] (ActivitySequencer.java:528) failed to sent activities: [JupiterActivity(timestamp: [38,38], operation: Noop(0,''), source: zhang_oop2020@saros-con.imp.fu-berlin.de/Saros), JupiterActivity(timestamp: [38,38], operation: Noop(0,''), source: zhang_oop2020@saros-con.imp.fu-berlin.de/Saros)]
java.io.IOException: not connected to a XMPP server
	at saros.net.internal.XMPPTransmitter.send(XMPPTransmitter.java:91)
	at saros.session.internal.ActivitySequencer.sendActivities(ActivitySequencer.java:526)
	at saros.session.internal.ActivitySequencer.access$3(ActivitySequencer.java:461)
	at saros.session.internal.ActivitySequencer$2.run(ActivitySequencer.java:147)
	at saros.util.ThreadUtils$1.run(ThreadUtils.java:34)
	at java.lang.Thread.run(Unknown Source)
INFO  22:50:54,040 [saros-kill-session-tx] (SarosSessionManager.java:332) session stopped
WARN  22:50:54,164 [main] (MultiUserChat.java:194) could not leave or destroy room: SAROS_793772333@conference.saros-con.imp.fu-berlin.de
java.lang.IllegalStateException: Not connected to server.
	at org.jivesoftware.smack.XMPPConnection.sendPacket(XMPPConnection.java:483)
	at org.jivesoftware.smackx.muc.MultiUserChat.leave(MultiUserChat.java:548)
	at saros.communication.chat.muc.MultiUserChat.disconnect(MultiUserChat.java:192)
	at saros.communication.chat.muc.MultiUserChatService.destroyChat(MultiUserChatService.java:132)
	at saros.ui.widgets.chat.ChatRoomsComposite$3$3.run(ChatRoomsComposite.java:250)
	at saros.util.ThreadUtils$1.run(ThreadUtils.java:34)
	at org.eclipse.swt.widgets.RunnableLock.run(RunnableLock.java:40)
	at org.eclipse.swt.widgets.Synchronizer.runAsyncMessages(Synchronizer.java:185)
	at org.eclipse.swt.widgets.Display.runAsyncMessages(Display.java:3897)
	at org.eclipse.swt.widgets.Display.readAndDispatch(Display.java:3527)
	at org.eclipse.e4.ui.internal.workbench.swt.PartRenderingEngine$5.run(PartRenderingEngine.java:1160)
	at org.eclipse.core.databinding.observable.Realm.runWithDefault(Realm.java:338)
	at org.eclipse.e4.ui.internal.workbench.swt.PartRenderingEngine.run(PartRenderingEngine.java:1049)
	at org.eclipse.e4.ui.internal.workbench.E4Workbench.createAndRunUI(E4Workbench.java:155)
	at org.eclipse.ui.internal.Workbench.lambda$3(Workbench.java:658)
	at org.eclipse.core.databinding.observable.Realm.runWithDefault(Realm.java:338)
	at org.eclipse.ui.internal.Workbench.createAndRunWorkbench(Workbench.java:557)
	at org.eclipse.ui.PlatformUI.createAndRunWorkbench(PlatformUI.java:154)
	at org.eclipse.ui.internal.ide.application.IDEApplication.start(IDEApplication.java:150)
	at org.eclipse.equinox.internal.app.EclipseAppHandle.run(EclipseAppHandle.java:203)
	at org.eclipse.core.runtime.internal.adaptor.EclipseAppLauncher.runApplication(EclipseAppLauncher.java:137)
	at org.eclipse.core.runtime.internal.adaptor.EclipseAppLauncher.start(EclipseAppLauncher.java:107)
	at org.eclipse.core.runtime.adaptor.EclipseStarter.run(EclipseStarter.java:401)
	at org.eclipse.core.runtime.adaptor.EclipseStarter.run(EclipseStarter.java:255)
	at sun.reflect.NativeMethodAccessorImpl.invoke0(Native Method)
	at sun.reflect.NativeMethodAccessorImpl.invoke(Unknown Source)
	at sun.reflect.DelegatingMethodAccessorImpl.invoke(Unknown Source)
	at java.lang.reflect.Method.invoke(Unknown Source)
	at org.eclipse.equinox.launcher.Main.invokeFramework(Main.java:657)
	at org.eclipse.equinox.launcher.Main.basicRun(Main.java:594)
	at org.eclipse.equinox.launcher.Main.run(Main.java:1447)
INFO  22:55:02,574 [saros-DispatchContext] (NegotiationPacketListener.java:227) received invitation from oop_scal@saros-con.imp.fu-berlin.de/Saros [negotiation id: 2297443159902520431, session id: 793772333, version: 16.0.1]
INFO  22:55:04,601 [ModalContext] (SarosSessionManager.java:288) joined uninitialized Saros session
INFO  22:55:04,602 [ModalContext] (DataTransferManager.java:269) establishing connection to oop_scal@saros-con.imp.fu-berlin.de/Saros from zhang_oop2020@saros-con.imp.fu-berlin.de/Saros using stream service XMPP-Socks5-Stream-Service
WARN  22:55:14,168 [Smack Listener Processor (2)] (SubscriptionHandler.java:128) received error presence package from saros_793772333@conference.saros-con.imp.fu-berlin.de/zhang_oop2020@saros-con.imp.fu-berlin.de/Saros, condition: not-authorized, message: A password is required to enter this room
DEBUG 22:55:14,338 [Smack Listener Processor (2)] (MultiUserChatStateManager.java:98) Incoming Message from saros_793772333@conference.saros-con.imp.fu-berlin.de/oop_scal@saros-con.imp.fu-berlin.de/Saros with state: inactive
DEBUG 22:55:14,339 [Smack Listener Processor (2)] (MultiUserChatStateManager.java:98) Incoming Message from saros_793772333@conference.saros-con.imp.fu-berlin.de/oop_scal@saros-con.imp.fu-berlin.de/Saros with state: composing
DEBUG 22:55:14,339 [Smack Listener Processor (2)] (MultiUserChatStateManager.java:98) Incoming Message from saros_793772333@conference.saros-con.imp.fu-berlin.de/zhang_oop2020@saros-con.imp.fu-berlin.de/Saros with state: composing
DEBUG 22:55:14,339 [Smack Listener Processor (2)] (MultiUserChatStateManager.java:98) Incoming Message from saros_793772333@conference.saros-con.imp.fu-berlin.de/zhang_oop2020@saros-con.imp.fu-berlin.de/Saros with state: inactive
DEBUG 22:55:14,339 [Smack Listener Processor (2)] (MultiUserChatStateManager.java:98) Incoming Message from saros_793772333@conference.saros-con.imp.fu-berlin.de/oop_scal@saros-con.imp.fu-berlin.de/Saros with state: inactive
DEBUG 22:55:14,339 [Smack Listener Processor (2)] (MultiUserChatStateManager.java:98) Incoming Message from saros_793772333@conference.saros-con.imp.fu-berlin.de/oop_scal@saros-con.imp.fu-berlin.de/Saros with state: composing
DEBUG 22:55:14,384 [Smack Listener Processor (2)] (MultiUserChatStateManager.java:98) Incoming Message from saros_793772333@conference.saros-con.imp.fu-berlin.de/oop_scal@saros-con.imp.fu-berlin.de/Saros with state: inactive
DEBUG 22:55:14,385 [Smack Listener Processor (2)] (MultiUserChatStateManager.java:98) Incoming Message from saros_793772333@conference.saros-con.imp.fu-berlin.de/zhang_oop2020@saros-con.imp.fu-berlin.de/Saros with state: active
DEBUG 22:55:14,385 [Smack Listener Processor (2)] (MultiUserChatStateManager.java:98) Incoming Message from saros_793772333@conference.saros-con.imp.fu-berlin.de/zhang_oop2020@saros-con.imp.fu-berlin.de/Saros with state: composing
DEBUG 22:55:14,385 [Smack Listener Processor (2)] (MultiUserChatStateManager.java:98) Incoming Message from saros_793772333@conference.saros-con.imp.fu-berlin.de/zhang_oop2020@saros-con.imp.fu-berlin.de/Saros with state: inactive
DEBUG 22:55:14,385 [Smack Listener Processor (2)] (MultiUserChatStateManager.java:98) Incoming Message from saros_793772333@conference.saros-con.imp.fu-berlin.de/zhang_oop2020@saros-con.imp.fu-berlin.de/Saros with state: composing
DEBUG 22:55:14,386 [Smack Listener Processor (2)] (MultiUserChatStateManager.java:98) Incoming Message from saros_793772333@conference.saros-con.imp.fu-berlin.de/zhang_oop2020@saros-con.imp.fu-berlin.de/Saros with state: inactive
DEBUG 22:55:14,386 [Smack Listener Processor (2)] (MultiUserChatStateManager.java:98) Incoming Message from saros_793772333@conference.saros-con.imp.fu-berlin.de/oop_scal@saros-con.imp.fu-berlin.de/Saros with state: composing
DEBUG 22:55:14,386 [Smack Listener Processor (2)] (MultiUserChatStateManager.java:98) Incoming Message from saros_793772333@conference.saros-con.imp.fu-berlin.de/oop_scal@saros-con.imp.fu-berlin.de/Saros with state: inactive
DEBUG 22:55:14,558 [Smack Listener Processor (2)] (MultiUserChatStateManager.java:98) Incoming Message from saros_793772333@conference.saros-con.imp.fu-berlin.de/zhang_oop2020@saros-con.imp.fu-berlin.de/Saros with state: active
INFO  22:55:15,209 [saros-DispatchContext] (NegotiationPacketListener.java:310) received project negotiation from oop_scal@saros-con.imp.fu-berlin.de/Saros with negotiation id: 2403717679917295877
INFO  22:57:01,171 [saros-DispatchContext] (SarosSession.java:389) user oop_scal@saros-con.imp.fu-berlin.de/Saros now has Projects and can process IResourceActivities
WARN  23:36:08,816 [main] (TextEditActivity.java:312) NoOp Text edit: new '' old ''
WARN  23:36:08,952 [main] (TextEditActivity.java:312) NoOp Text edit: new '' old ''
WARN  23:36:11,402 [main] (TextEditActivity.java:312) NoOp Text edit: new '' old ''
WARN  23:36:11,553 [main] (TextEditActivity.java:312) NoOp Text edit: new '' old ''
INFO  00:06:15,805 [saros-stop-host] (SarosSessionManager.java:332) session stopped
WARN  00:06:16,231 [Smack Listener Processor (2)] (SubscriptionHandler.java:128) received error presence package from saros_793772333@conference.saros-con.imp.fu-berlin.de/zhang_oop2020@saros-con.imp.fu-berlin.de/Saros, condition: item-not-found, message: Conference room does not exist
INFO  00:06:28,624 [saros-shutdown] (ContainerContext.java:205) disposing context...
INFO  00:06:28,625 [saros-shutdown] (ContainerContext.java:209) successfully disposed context
INFO  00:06:28,715 [Framework stop] (Saros.java:137) Stopping Saros 16.0.1
