INFO  22:32:27,627 [saros-connect-xmpp] (?:?) Starting Saros 16.0.1 running:
  Java Version: 1.8.0_251
  Java Vendor: Oracle Corporation
  Eclipse Runtime Version: 3.17.100.v20200203-0917
  Operating System: Windows 10 (10.0)
  Hardware Architecture: amd64
INFO  22:32:27,648 [saros-connect-xmpp] (?:?) initializing context...
INFO  22:32:27,919 [saros-connect-xmpp] (?:?) initializing preference default values
INFO  22:32:27,970 [saros-connect-xmpp] (?:?) successfully initialized context
INFO  22:32:47,524 [saros-connect-xmpp] (?:?) discovered 0 gateway(s)
INFO  22:55:00,700 [saros-DispatchContext] (NegotiationPacketListener.java:227) received invitation from oop_scal@saros-con.imp.fu-berlin.de/Saros [negotiation id: 6311516308759008278, session id: 215249103, version: 16.0.1]
INFO  22:55:06,224 [ModalContext] (SarosSessionManager.java:288) joined uninitialized Saros session
INFO  22:55:06,225 [ModalContext] (DataTransferManager.java:269) establishing connection to oop_scal@saros-con.imp.fu-berlin.de/Saros from zhang_oop2020@saros-con.imp.fu-berlin.de/Saros using stream service XMPP-Socks5-Stream-Service
WARN  22:55:18,236 [Smack Listener Processor (0)] (SubscriptionHandler.java:128) received error presence package from saros_215249103@conference.saros-con.imp.fu-berlin.de/zhang_oop2020@saros-con.imp.fu-berlin.de/Saros, condition: not-authorized, message: A password is required to enter this room
DEBUG 22:55:18,329 [Smack Listener Processor (0)] (MultiUserChatStateManager.java:98) Incoming Message from saros_215249103@conference.saros-con.imp.fu-berlin.de/oop_scal@saros-con.imp.fu-berlin.de/Saros with state: active
DEBUG 22:55:18,489 [Smack Listener Processor (0)] (MultiUserChatStateManager.java:98) Incoming Message from saros_215249103@conference.saros-con.imp.fu-berlin.de/zhang_oop2020@saros-con.imp.fu-berlin.de/Saros with state: active
INFO  22:55:20,051 [saros-DispatchContext] (NegotiationPacketListener.java:310) received project negotiation from oop_scal@saros-con.imp.fu-berlin.de/Saros with negotiation id: 3257095841834226242
INFO  22:55:31,570 [saros-DispatchContext] (SarosSession.java:389) user oop_scal@saros-con.imp.fu-berlin.de/Saros now has Projects and can process IResourceActivities
WARN  23:16:52,986 [main] (TextEditActivity.java:312) NoOp Text edit: new '' old ''
WARN  00:05:48,750 [main] (UserEditorState.java:71) received selection for editor which was never activated: SPath [project=P/FBdemo (EclipseProjectImpl), projectRelativePath=src/main/java/univpm/esempio/App/DemoApplication.java]
INFO  00:08:34,573 [saros-shutdown] (SarosSessionManager.java:332) session stopped
INFO  00:08:34,738 [saros-shutdown] (ContainerContext.java:205) disposing context...
INFO  00:08:34,740 [saros-shutdown] (ContainerContext.java:209) successfully disposed context
INFO  00:08:34,880 [Framework stop] (Saros.java:137) Stopping Saros 16.0.1
