WARN  17:12:03,669 [Worker-84: Session Startup] (ConsistencyAction.java:172) watchdog client component is not available, cannot perform inconsistency notification
WARN  19:24:35,495 [main] (EditorAPI.java:638) Viewport Range Problem in org.eclipse.jdt.internal.ui.javaeditor.CompilationUnitEditor$AdaptedSourceViewer@76e87fa0: Bottom == 0 < Top == 88
WARN  19:24:35,497 [main] (EditorAPI.java:638) Viewport Range Problem in org.eclipse.jdt.internal.ui.javaeditor.CompilationUnitEditor$AdaptedSourceViewer@76e87fa0: Bottom == 0 < Top == 88
WARN  19:24:35,498 [main] (EditorAPI.java:638) Viewport Range Problem in org.eclipse.jdt.internal.ui.javaeditor.CompilationUnitEditor$AdaptedSourceViewer@76e87fa0: Bottom == 0 < Top == 88
WARN  19:24:35,500 [main] (EditorAPI.java:638) Viewport Range Problem in org.eclipse.jdt.internal.ui.javaeditor.CompilationUnitEditor$AdaptedSourceViewer@76e87fa0: Bottom == 0 < Top == 88
WARN  19:24:35,500 [main] (EditorAPI.java:638) Viewport Range Problem in org.eclipse.jdt.internal.ui.javaeditor.CompilationUnitEditor$AdaptedSourceViewer@76e87fa0: Bottom == 0 < Top == 88
WARN  19:24:35,502 [main] (EditorAPI.java:638) Viewport Range Problem in org.eclipse.jdt.internal.ui.javaeditor.CompilationUnitEditor$AdaptedSourceViewer@76e87fa0: Bottom == 0 < Top == 88
WARN  19:24:35,503 [main] (EditorAPI.java:638) Viewport Range Problem in org.eclipse.jdt.internal.ui.javaeditor.CompilationUnitEditor$AdaptedSourceViewer@76e87fa0: Bottom == 0 < Top == 88
WARN  19:24:35,503 [main] (EditorAPI.java:638) Viewport Range Problem in org.eclipse.jdt.internal.ui.javaeditor.CompilationUnitEditor$AdaptedSourceViewer@76e87fa0: Bottom == 0 < Top == 88
WARN  19:24:35,504 [main] (EditorAPI.java:638) Viewport Range Problem in org.eclipse.jdt.internal.ui.javaeditor.CompilationUnitEditor$AdaptedSourceViewer@76e87fa0: Bottom == 0 < Top == 88
WARN  19:24:35,505 [main] (EditorAPI.java:638) Viewport Range Problem in org.eclipse.jdt.internal.ui.javaeditor.CompilationUnitEditor$AdaptedSourceViewer@76e87fa0: Bottom == 0 < Top == 88
WARN  19:24:35,506 [main] (EditorAPI.java:638) Viewport Range Problem in org.eclipse.jdt.internal.ui.javaeditor.CompilationUnitEditor$AdaptedSourceViewer@76e87fa0: Bottom == 0 < Top == 88
WARN  19:24:35,507 [main] (EditorAPI.java:638) Viewport Range Problem in org.eclipse.jdt.internal.ui.javaeditor.CompilationUnitEditor$AdaptedSourceViewer@76e87fa0: Bottom == 0 < Top == 88
WARN  19:24:35,507 [main] (EditorAPI.java:638) Viewport Range Problem in org.eclipse.jdt.internal.ui.javaeditor.CompilationUnitEditor$AdaptedSourceViewer@76e87fa0: Bottom == 0 < Top == 88
WARN  19:24:35,508 [main] (EditorAPI.java:638) Viewport Range Problem in org.eclipse.jdt.internal.ui.javaeditor.CompilationUnitEditor$AdaptedSourceViewer@76e87fa0: Bottom == 0 < Top == 88
WARN  19:24:35,513 [main] (EditorAPI.java:638) Viewport Range Problem in org.eclipse.jdt.internal.ui.javaeditor.CompilationUnitEditor$AdaptedSourceViewer@76e87fa0: Bottom == 0 < Top == 88
ERROR 20:04:03,144 [BinaryChannel-oop_scal] (BinaryChannelConnection.java:103) [mode=SOCKS5 (D), id=saros-main-session] oop_scal@saros-con.imp.fu-berlin.de/Saros network error: Read timed out
java.net.SocketTimeoutException: Read timed out
	at java.net.SocketInputStream.socketRead0(Native Method)
	at java.net.SocketInputStream.socketRead(Unknown Source)
	at java.net.SocketInputStream.read(Unknown Source)
	at java.net.SocketInputStream.read(Unknown Source)
	at java.io.BufferedInputStream.fill(Unknown Source)
	at java.io.BufferedInputStream.read(Unknown Source)
	at java.io.DataInputStream.readUnsignedByte(Unknown Source)
	at saros.net.internal.BinaryChannelConnection.readNextXMPPExtension(BinaryChannelConnection.java:293)
	at saros.net.internal.BinaryChannelConnection.access$1(BinaryChannelConnection.java:289)
	at saros.net.internal.BinaryChannelConnection$ReceiverThread.run(BinaryChannelConnection.java:94)
ERROR 20:04:03,603 [saros-activity-sender] (ActivitySequencer.java:528) failed to sent activities: [EditorActivity(type: ACTIVATED, path: SPath [project=P/FBdemo (EclipseProjectImpl), projectRelativePath=src/main/java/univpm/esempio/App/controller/simpleRestController.java])]
java.io.IOException: not connected to oop_scal@saros-con.imp.fu-berlin.de/Saros [connection identifier=saros-main-session]
	at saros.net.internal.XMPPTransmitter.send(XMPPTransmitter.java:96)
	at saros.session.internal.ActivitySequencer.sendActivities(ActivitySequencer.java:526)
	at saros.session.internal.ActivitySequencer.access$3(ActivitySequencer.java:461)
	at saros.session.internal.ActivitySequencer$2.run(ActivitySequencer.java:147)
	at saros.util.ThreadUtils$1.run(ThreadUtils.java:34)
	at java.lang.Thread.run(Unknown Source)
WARN  20:04:03,765 [main] (EditorAPI.java:505) Could not calculate the line offset for the given text position [TextPosition - line number: 104, in-line offset: 2] in the document org.eclipse.core.internal.filebuffers.SynchronizableDocument@567422e6
org.eclipse.jface.text.BadLocationException
	at org.eclipse.jface.text.TreeLineTracker.fail(TreeLineTracker.java:1054)
	at org.eclipse.jface.text.TreeLineTracker.offsetByLine(TreeLineTracker.java:335)
	at org.eclipse.jface.text.TreeLineTracker.getLineOffset(TreeLineTracker.java:1111)
	at org.eclipse.jface.text.AbstractLineTracker.getLineOffset(AbstractLineTracker.java:161)
	at org.eclipse.jface.text.AbstractDocument.getLineOffset(AbstractDocument.java:876)
	at org.eclipse.core.internal.filebuffers.SynchronizableDocument.getLineOffset(SynchronizableDocument.java:323)
	at saros.editor.internal.EditorAPI.calculateOffsetInternal(EditorAPI.java:502)
	at saros.editor.internal.EditorAPI.calculateOffsets(EditorAPI.java:561)
	at saros.editor.internal.LocationAnnotationManager.setSelection(LocationAnnotationManager.java:215)
	at saros.editor.EditorManager.refreshAnnotations(EditorManager.java:1379)
	at saros.editor.EditorManager.refreshAnnotations(EditorManager.java:1324)
	at saros.editor.EditorManager.access$9(EditorManager.java:1322)
	at saros.editor.EditorManager$4.userColorChanged(EditorManager.java:310)
	at saros.session.internal.SessionListenerDispatch.userColorChanged(SessionListenerDispatch.java:36)
	at saros.session.internal.SarosSession.userColorChanged(SarosSession.java:413)
	at saros.session.internal.ChangeColorManager.reassignSessionColorIDs(ChangeColorManager.java:366)
	at saros.session.internal.ChangeColorManager.access$4(ChangeColorManager.java:264)
	at saros.session.internal.ChangeColorManager$2.userLeft(ChangeColorManager.java:112)
	at saros.session.internal.SessionListenerDispatch.userLeft(SessionListenerDispatch.java:41)
	at saros.session.internal.SarosSession$7.run(SarosSession.java:458)
	at saros.util.ThreadUtils$1.run(ThreadUtils.java:34)
	at org.eclipse.swt.widgets.RunnableLock.run(RunnableLock.java:40)
	at org.eclipse.swt.widgets.Synchronizer.runAsyncMessages(Synchronizer.java:185)
	at org.eclipse.swt.widgets.Display.runAsyncMessages(Display.java:3897)
	at org.eclipse.swt.widgets.Display.readAndDispatch(Display.java:3527)
	at org.eclipse.e4.ui.internal.workbench.swt.PartRenderingEngine$5.run(PartRenderingEngine.java:1160)
	at org.eclipse.core.databinding.observable.Realm.runWithDefault(Realm.java:338)
	at org.eclipse.e4.ui.internal.workbench.swt.PartRenderingEngine.run(PartRenderingEngine.java:1049)
	at org.eclipse.e4.ui.internal.workbench.E4Workbench.createAndRunUI(E4Workbench.java:155)
	at org.eclipse.ui.internal.Workbench.lambda$3(Workbench.java:658)
	at org.eclipse.core.databinding.observable.Realm.runWithDefault(Realm.java:338)
	at org.eclipse.ui.internal.Workbench.createAndRunWorkbench(Workbench.java:557)
	at org.eclipse.ui.PlatformUI.createAndRunWorkbench(PlatformUI.java:154)
	at org.eclipse.ui.internal.ide.application.IDEApplication.start(IDEApplication.java:150)
	at org.eclipse.equinox.internal.app.EclipseAppHandle.run(EclipseAppHandle.java:203)
	at org.eclipse.core.runtime.internal.adaptor.EclipseAppLauncher.runApplication(EclipseAppLauncher.java:137)
	at org.eclipse.core.runtime.internal.adaptor.EclipseAppLauncher.start(EclipseAppLauncher.java:107)
	at org.eclipse.core.runtime.adaptor.EclipseStarter.run(EclipseStarter.java:401)
	at org.eclipse.core.runtime.adaptor.EclipseStarter.run(EclipseStarter.java:255)
	at sun.reflect.NativeMethodAccessorImpl.invoke0(Native Method)
	at sun.reflect.NativeMethodAccessorImpl.invoke(Unknown Source)
	at sun.reflect.DelegatingMethodAccessorImpl.invoke(Unknown Source)
	at java.lang.reflect.Method.invoke(Unknown Source)
	at org.eclipse.equinox.launcher.Main.invokeFramework(Main.java:657)
	at org.eclipse.equinox.launcher.Main.basicRun(Main.java:594)
	at org.eclipse.equinox.launcher.Main.run(Main.java:1447)
ERROR 20:04:03,767 [main] (ThreadUtils.java:36) Internal Error:
org.eclipse.core.runtime.AssertionFailedException: assertion failed: 
	at org.eclipse.core.runtime.Assert.isTrue(Assert.java:113)
	at org.eclipse.core.runtime.Assert.isTrue(Assert.java:99)
	at org.eclipse.jface.text.Position.<init>(Position.java:65)
	at saros.editor.internal.LocationAnnotationManager.setSelection(LocationAnnotationManager.java:247)
	at saros.editor.EditorManager.refreshAnnotations(EditorManager.java:1379)
	at saros.editor.EditorManager.refreshAnnotations(EditorManager.java:1324)
	at saros.editor.EditorManager.access$9(EditorManager.java:1322)
	at saros.editor.EditorManager$4.userColorChanged(EditorManager.java:310)
	at saros.session.internal.SessionListenerDispatch.userColorChanged(SessionListenerDispatch.java:36)
	at saros.session.internal.SarosSession.userColorChanged(SarosSession.java:413)
	at saros.session.internal.ChangeColorManager.reassignSessionColorIDs(ChangeColorManager.java:366)
	at saros.session.internal.ChangeColorManager.access$4(ChangeColorManager.java:264)
	at saros.session.internal.ChangeColorManager$2.userLeft(ChangeColorManager.java:112)
	at saros.session.internal.SessionListenerDispatch.userLeft(SessionListenerDispatch.java:41)
	at saros.session.internal.SarosSession$7.run(SarosSession.java:458)
	at saros.util.ThreadUtils$1.run(ThreadUtils.java:34)
	at org.eclipse.swt.widgets.RunnableLock.run(RunnableLock.java:40)
	at org.eclipse.swt.widgets.Synchronizer.runAsyncMessages(Synchronizer.java:185)
	at org.eclipse.swt.widgets.Display.runAsyncMessages(Display.java:3897)
	at org.eclipse.swt.widgets.Display.readAndDispatch(Display.java:3527)
	at org.eclipse.e4.ui.internal.workbench.swt.PartRenderingEngine$5.run(PartRenderingEngine.java:1160)
	at org.eclipse.core.databinding.observable.Realm.runWithDefault(Realm.java:338)
	at org.eclipse.e4.ui.internal.workbench.swt.PartRenderingEngine.run(PartRenderingEngine.java:1049)
	at org.eclipse.e4.ui.internal.workbench.E4Workbench.createAndRunUI(E4Workbench.java:155)
	at org.eclipse.ui.internal.Workbench.lambda$3(Workbench.java:658)
	at org.eclipse.core.databinding.observable.Realm.runWithDefault(Realm.java:338)
	at org.eclipse.ui.internal.Workbench.createAndRunWorkbench(Workbench.java:557)
	at org.eclipse.ui.PlatformUI.createAndRunWorkbench(PlatformUI.java:154)
	at org.eclipse.ui.internal.ide.application.IDEApplication.start(IDEApplication.java:150)
	at org.eclipse.equinox.internal.app.EclipseAppHandle.run(EclipseAppHandle.java:203)
	at org.eclipse.core.runtime.internal.adaptor.EclipseAppLauncher.runApplication(EclipseAppLauncher.java:137)
	at org.eclipse.core.runtime.internal.adaptor.EclipseAppLauncher.start(EclipseAppLauncher.java:107)
	at org.eclipse.core.runtime.adaptor.EclipseStarter.run(EclipseStarter.java:401)
	at org.eclipse.core.runtime.adaptor.EclipseStarter.run(EclipseStarter.java:255)
	at sun.reflect.NativeMethodAccessorImpl.invoke0(Native Method)
	at sun.reflect.NativeMethodAccessorImpl.invoke(Unknown Source)
	at sun.reflect.DelegatingMethodAccessorImpl.invoke(Unknown Source)
	at java.lang.reflect.Method.invoke(Unknown Source)
	at org.eclipse.equinox.launcher.Main.invokeFramework(Main.java:657)
	at org.eclipse.equinox.launcher.Main.basicRun(Main.java:594)
	at org.eclipse.equinox.launcher.Main.run(Main.java:1447)
ERROR 20:04:03,767 [main] (ThreadUtils.java:37) Original caller:
StackTrace:
	at saros.util.ThreadUtils.wrapSafe(ThreadUtils.java:28)
	at saros.session.internal.SarosSession.removeUser(SarosSession.java:453)
	at saros.session.internal.timeout.SessionTimeoutHandler$2.run(SessionTimeoutHandler.java:105)
	at saros.util.ThreadUtils$1.run(ThreadUtils.java:34)
	at java.lang.Thread.run(Unknown Source)
ERROR 22:12:17,219 [saros-activity-sender] (ActivitySequencer.java:528) failed to sent activities: [ChecksumActivity(path: SPath [project=P/FBdemo (EclipseProjectImpl), projectRelativePath=src/main/java/univpm/esempio/interf/Download.java], hash: 701065277, length: 167, jupiterTimestamp: [469,298]), ChecksumActivity(path: SPath [project=P/FBdemo (EclipseProjectImpl), projectRelativePath=src/main/java/univpm/esempio/model/FB_page_info.java], hash: 763042483, length: 3580, jupiterTimestamp: [689,319]), ChecksumActivity(path: SPath [project=P/FBdemo (EclipseProjectImpl), projectRelativePath=src/main/java/univpm/esempio/model/Statics.java], hash: -563968770, length: 3428, jupiterTimestamp: [895,680])]
java.io.IOException: not connected to zhang_laptopoop@saros-con.imp.fu-berlin.de/Saros [connection identifier=saros-main-session]
	at saros.net.internal.XMPPTransmitter.send(XMPPTransmitter.java:96)
	at saros.session.internal.ActivitySequencer.sendActivities(ActivitySequencer.java:526)
	at saros.session.internal.ActivitySequencer.access$3(ActivitySequencer.java:461)
	at saros.session.internal.ActivitySequencer$2.run(ActivitySequencer.java:147)
	at saros.util.ThreadUtils$1.run(ThreadUtils.java:34)
	at java.lang.Thread.run(Unknown Source)
WARN  23:13:12,839 [main] (TextEditActivity.java:312) NoOp Text edit: new '' old ''
WARN  23:13:15,085 [main] (TextEditActivity.java:312) NoOp Text edit: new '' old ''
ERROR 23:32:04,055 [saros-server-network-watchdog] (ServerSessionTimeoutHandler.java:105) failed to send ping to: oop_scal@saros-con.imp.fu-berlin.de/Saros
java.io.IOException: not connected to oop_scal@saros-con.imp.fu-berlin.de/Saros [connection identifier=saros-main-session]
	at saros.net.internal.XMPPTransmitter.send(XMPPTransmitter.java:96)
	at saros.session.internal.timeout.ServerSessionTimeoutHandler$3.run(ServerSessionTimeoutHandler.java:95)
	at saros.util.ThreadUtils$1.run(ThreadUtils.java:34)
	at java.lang.Thread.run(Unknown Source)
ERROR 23:32:09,207 [saros-activity-sender] (ActivitySequencer.java:528) failed to sent activities: [ChecksumActivity(path: SPath [project=P/FBdemo (EclipseProjectImpl), projectRelativePath=src/main/java/univpm/esempio/interf/Download.java], hash: -1, length: -1, jupiterTimestamp: [98,42])]
java.io.IOException: not connected to zhang_laptopoop@saros-con.imp.fu-berlin.de/Saros [connection identifier=saros-main-session]
	at saros.net.internal.XMPPTransmitter.send(XMPPTransmitter.java:96)
	at saros.session.internal.ActivitySequencer.sendActivities(ActivitySequencer.java:526)
	at saros.session.internal.ActivitySequencer.access$3(ActivitySequencer.java:461)
	at saros.session.internal.ActivitySequencer$2.run(ActivitySequencer.java:147)
	at saros.util.ThreadUtils$1.run(ThreadUtils.java:34)
	at java.lang.Thread.run(Unknown Source)
WARN  23:32:24,932 [Worker-165: Session Startup] (ConsistencyAction.java:172) watchdog client component is not available, cannot perform inconsistency notification
WARN  00:22:12,076 [main] (TextEditActivity.java:312) NoOp Text edit: new '' old ''
WARN  00:27:52,316 [main] (UserEditorState.java:56) Viewport for editor which was never activated: SPath [project=P/FB_project (EclipseProjectImpl), projectRelativePath=src/main/java/univpm/OOP2020/model/ALL_post.java]
WARN  00:27:52,322 [main] (UserEditorState.java:71) received selection for editor which was never activated: SPath [project=P/FB_project (EclipseProjectImpl), projectRelativePath=src/main/java/univpm/OOP2020/model/ALL_post.java]
WARN  00:27:52,331 [main] (UserEditorState.java:56) Viewport for editor which was never activated: SPath [project=P/FB_project (EclipseProjectImpl), projectRelativePath=src/main/java/univpm/OOP2020/model/ALL_post.java]
WARN  00:31:31,670 [main] (TextEditActivity.java:312) NoOp Text edit: new '' old ''
WARN  00:31:37,261 [main] (TextEditActivity.java:312) NoOp Text edit: new '' old ''
WARN  00:40:06,669 [main] (TextEditActivity.java:312) NoOp Text edit: new '' old ''
ERROR 00:58:07,543 [saros-activity-sender] (ActivitySequencer.java:528) failed to sent activities: [TextSelectionActivity(start line: 8, in-line offset: 36, end line: 8, in-line offset: 36, src: zhang_oop2020@saros-con.imp.fu-berlin.de/Saros, path: SPath [project=P/FB_project (EclipseProjectImpl), projectRelativePath=src/main/java/univpm/OOP2020/model/Statics.java])]
java.io.IOException: not connected to oop_scal@saros-con.imp.fu-berlin.de/Saros [connection identifier=saros-main-session]
	at saros.net.internal.XMPPTransmitter.send(XMPPTransmitter.java:96)
	at saros.session.internal.ActivitySequencer.sendActivities(ActivitySequencer.java:526)
	at saros.session.internal.ActivitySequencer.access$3(ActivitySequencer.java:461)
	at saros.session.internal.ActivitySequencer$2.run(ActivitySequencer.java:147)
	at saros.util.ThreadUtils$1.run(ThreadUtils.java:34)
	at java.lang.Thread.run(Unknown Source)
