INFO  17:12:38,559 [saros-DispatchContext] (NegotiationPacketListener.java:227) Starting Saros 16.0.1 running:
  Java Version: 1.8.0_251
  Java Vendor: Oracle Corporation
  Eclipse Runtime Version: 3.17.100.v20200203-0917
  Operating System: Windows 10 (10.0)
  Hardware Architecture: amd64
INFO  17:12:38,581 [saros-DispatchContext] (NegotiationPacketListener.java:227) initializing context...
INFO  17:12:39,193 [saros-DispatchContext] (NegotiationPacketListener.java:227) initializing preference default values
INFO  17:12:39,240 [saros-DispatchContext] (NegotiationPacketListener.java:227) successfully initialized context
INFO  17:13:19,295 [saros-DispatchContext] (NegotiationPacketListener.java:227) received invitation from zhang_oop2020@saros-con.imp.fu-berlin.de/Saros [negotiation id: -3994514475910775077, session id: 1973960528, version: 16.0.1]
INFO  17:13:21,984 [ModalContext] (SarosSessionManager.java:288) joined uninitialized Saros session
INFO  17:13:21,985 [ModalContext] (DataTransferManager.java:269) establishing connection to zhang_oop2020@saros-con.imp.fu-berlin.de/Saros from zhang_laptopoop@saros-con.imp.fu-berlin.de/Saros using stream service XMPP-Socks5-Stream-Service
WARN  17:13:24,323 [Smack Listener Processor (0)] (SubscriptionHandler.java:128) received error presence package from saros_1973960528@conference.saros-con.imp.fu-berlin.de/zhang_laptopoop@saros-con.imp.fu-berlin.de/Saros, condition: not-authorized, message: A password is required to enter this room
INFO  17:13:24,330 [saros-DispatchContext] (SarosSession.java:354) user oop_scal@saros-con.imp.fu-berlin.de/Saros joined session
INFO  17:13:24,655 [saros-DispatchContext] (NegotiationPacketListener.java:310) received project negotiation from zhang_oop2020@saros-con.imp.fu-berlin.de/Saros with negotiation id: -8321225876327246994
DEBUG 17:13:25,502 [Smack Listener Processor (0)] (MultiUserChatStateManager.java:98) Incoming Message from saros_1973960528@conference.saros-con.imp.fu-berlin.de/zhang_oop2020@saros-con.imp.fu-berlin.de/Saros with state: active
DEBUG 17:13:25,546 [Smack Listener Processor (0)] (MultiUserChatStateManager.java:98) Incoming Message from saros_1973960528@conference.saros-con.imp.fu-berlin.de/oop_scal@saros-con.imp.fu-berlin.de/Saros with state: active
DEBUG 17:13:25,716 [Smack Listener Processor (0)] (MultiUserChatStateManager.java:98) Incoming Message from saros_1973960528@conference.saros-con.imp.fu-berlin.de/zhang_laptopoop@saros-con.imp.fu-berlin.de/Saros with state: active
WARN  17:13:27,125 [pool-8-thread-1] (Socks5StreamService.java:329) [SOCKS5Transport] Received response connection without a running connect
INFO  17:13:32,185 [saros-DispatchContext] (SarosSession.java:389) user zhang_oop2020@saros-con.imp.fu-berlin.de/Saros now has Projects and can process IResourceActivities
WARN  17:58:57,598 [main] (TextEditActivity.java:312) NoOp Text edit: new '' old ''
INFO  18:13:09,684 [saros-upnp-resolver-cfg] (UPnPServiceImpl.java:291) discovered 1 gateway(s)
WARN  19:05:42,477 [main] (UserEditorState.java:71) received selection for editor which was never activated: SPath [project=P/FBdemo (EclipseProjectImpl), projectRelativePath=src/main/java/univpm/esempio/body/request_body.java]
DEBUG 19:53:44,622 [Smack Listener Processor (0)] (MultiUserChatStateManager.java:98) Incoming Message from saros_1973960528@conference.saros-con.imp.fu-berlin.de/zhang_oop2020@saros-con.imp.fu-berlin.de/Saros with state: composing
DEBUG 19:53:44,940 [Smack Listener Processor (0)] (MultiUserChatStateManager.java:98) Incoming Message from saros_1973960528@conference.saros-con.imp.fu-berlin.de/zhang_oop2020@saros-con.imp.fu-berlin.de/Saros with state: inactive
INFO  20:04:01,860 [saros-DispatchContext] (SarosSession.java:468) user oop_scal@saros-con.imp.fu-berlin.de/Saros left session
