INFO  22:48:53,341 [saros-DispatchContext] (NegotiationPacketListener.java:227) Starting Saros 16.0.1 running:
  Java Version: 1.8.0_251
  Java Vendor: Oracle Corporation
  Eclipse Runtime Version: 3.17.100.v20200203-0917
  Operating System: Windows 10 (10.0)
  Hardware Architecture: amd64
INFO  22:48:53,368 [saros-DispatchContext] (NegotiationPacketListener.java:227) initializing context...
INFO  22:48:54,014 [saros-DispatchContext] (NegotiationPacketListener.java:227) initializing preference default values
INFO  22:48:54,058 [saros-DispatchContext] (NegotiationPacketListener.java:227) successfully initialized context
INFO  22:49:22,727 [saros-DispatchContext] (NegotiationPacketListener.java:227) received invitation from zhang_oop2020@saros-con.imp.fu-berlin.de/Saros [negotiation id: -5073147215517488544, session id: 1973960528, version: 16.0.1]
INFO  22:49:24,732 [ModalContext] (SarosSessionManager.java:288) joined uninitialized Saros session
INFO  22:49:24,734 [ModalContext] (DataTransferManager.java:269) establishing connection to zhang_oop2020@saros-con.imp.fu-berlin.de/Saros from zhang_laptopoop@saros-con.imp.fu-berlin.de/Saros using stream service XMPP-Socks5-Stream-Service
WARN  22:49:27,056 [Smack Listener Processor (0)] (SubscriptionHandler.java:128) received error presence package from saros_1973960528@conference.saros-con.imp.fu-berlin.de/zhang_laptopoop@saros-con.imp.fu-berlin.de/Saros, condition: not-authorized, message: A password is required to enter this room
INFO  22:49:27,074 [saros-DispatchContext] (SarosSession.java:354) user oop_scal@saros-con.imp.fu-berlin.de/Saros joined session
DEBUG 22:49:28,236 [Smack Listener Processor (0)] (MultiUserChatStateManager.java:98) Incoming Message from saros_1973960528@conference.saros-con.imp.fu-berlin.de/zhang_oop2020@saros-con.imp.fu-berlin.de/Saros with state: active
DEBUG 22:49:28,240 [Smack Listener Processor (0)] (MultiUserChatStateManager.java:98) Incoming Message from saros_1973960528@conference.saros-con.imp.fu-berlin.de/oop_scal@saros-con.imp.fu-berlin.de/Saros with state: active
DEBUG 22:49:28,241 [Smack Listener Processor (0)] (MultiUserChatStateManager.java:98) Incoming Message from saros_1973960528@conference.saros-con.imp.fu-berlin.de/zhang_laptopoop@saros-con.imp.fu-berlin.de/Saros with state: active
DEBUG 22:49:28,242 [Smack Listener Processor (0)] (MultiUserChatStateManager.java:98) Incoming Message from saros_1973960528@conference.saros-con.imp.fu-berlin.de/zhang_oop2020@saros-con.imp.fu-berlin.de/Saros with state: composing
DEBUG 22:49:28,243 [Smack Listener Processor (0)] (MultiUserChatStateManager.java:98) Incoming Message from saros_1973960528@conference.saros-con.imp.fu-berlin.de/zhang_oop2020@saros-con.imp.fu-berlin.de/Saros with state: inactive
DEBUG 22:49:28,243 [Smack Listener Processor (0)] (MultiUserChatStateManager.java:98) Incoming Message from saros_1973960528@conference.saros-con.imp.fu-berlin.de/oop_scal@saros-con.imp.fu-berlin.de/Saros with state: active
DEBUG 22:49:28,449 [Smack Listener Processor (0)] (MultiUserChatStateManager.java:98) Incoming Message from saros_1973960528@conference.saros-con.imp.fu-berlin.de/zhang_laptopoop@saros-con.imp.fu-berlin.de/Saros with state: active
WARN  22:49:29,869 [pool-8-thread-1] (Socks5StreamService.java:329) [SOCKS5Transport] Received response connection without a running connect
INFO  22:49:31,922 [saros-DispatchContext] (NegotiationPacketListener.java:310) received project negotiation from zhang_oop2020@saros-con.imp.fu-berlin.de/Saros with negotiation id: 6024338141890918355
INFO  22:49:39,476 [saros-DispatchContext] (SarosSession.java:389) user zhang_oop2020@saros-con.imp.fu-berlin.de/Saros now has Projects and can process IResourceActivities
INFO  23:31:36,943 [main] (ConsistencyWatchdogClient.java:344) Inconsistencies have been detected
INFO  23:32:01,797 [saros-DispatchContext] (SarosSession.java:468) user oop_scal@saros-con.imp.fu-berlin.de/Saros left session
INFO  23:32:05,683 [saros-disconnect-xmpp] (SarosSessionManager.java:332) session stopped
INFO  23:32:22,819 [saros-DispatchContext] (NegotiationPacketListener.java:227) received invitation from zhang_oop2020@saros-con.imp.fu-berlin.de/Saros [negotiation id: 1568229106568223702, session id: 1134846316, version: 16.0.1]
INFO  23:32:25,197 [ModalContext] (SarosSessionManager.java:288) joined uninitialized Saros session
INFO  23:32:25,197 [ModalContext] (DataTransferManager.java:269) establishing connection to zhang_oop2020@saros-con.imp.fu-berlin.de/Saros from zhang_laptopoop@saros-con.imp.fu-berlin.de/Saros using stream service XMPP-Socks5-Stream-Service
WARN  23:32:27,545 [Smack Listener Processor (1)] (SubscriptionHandler.java:128) received error presence package from saros_1134846316@conference.saros-con.imp.fu-berlin.de/zhang_laptopoop@saros-con.imp.fu-berlin.de/Saros, condition: not-authorized, message: A password is required to enter this room
INFO  23:32:27,756 [saros-DispatchContext] (NegotiationPacketListener.java:310) received project negotiation from zhang_oop2020@saros-con.imp.fu-berlin.de/Saros with negotiation id: -8835569426832768917
WARN  23:32:27,851 [pool-13-thread-1] (Socks5StreamService.java:329) [SOCKS5Transport] Received response connection without a running connect
DEBUG 23:32:28,722 [Smack Listener Processor (1)] (MultiUserChatStateManager.java:98) Incoming Message from saros_1134846316@conference.saros-con.imp.fu-berlin.de/zhang_oop2020@saros-con.imp.fu-berlin.de/Saros with state: active
DEBUG 23:32:29,166 [Smack Listener Processor (1)] (MultiUserChatStateManager.java:98) Incoming Message from saros_1134846316@conference.saros-con.imp.fu-berlin.de/zhang_laptopoop@saros-con.imp.fu-berlin.de/Saros with state: active
INFO  23:32:36,359 [saros-DispatchContext] (SarosSession.java:389) user zhang_oop2020@saros-con.imp.fu-berlin.de/Saros now has Projects and can process IResourceActivities
INFO  23:33:41,258 [saros-DispatchContext] (SarosSession.java:354) user oop_scal@saros-con.imp.fu-berlin.de/Saros joined session
DEBUG 23:33:41,719 [Smack Listener Processor (1)] (MultiUserChatStateManager.java:98) Incoming Message from saros_1134846316@conference.saros-con.imp.fu-berlin.de/oop_scal@saros-con.imp.fu-berlin.de/Saros with state: active
DEBUG 23:36:00,966 [Smack Listener Processor (1)] (MultiUserChatStateManager.java:98) Incoming Message from saros_1134846316@conference.saros-con.imp.fu-berlin.de/zhang_laptopoop@saros-con.imp.fu-berlin.de/Saros with state: composing
DEBUG 23:36:01,320 [Smack Listener Processor (1)] (MultiUserChatStateManager.java:98) Incoming Message from saros_1134846316@conference.saros-con.imp.fu-berlin.de/zhang_laptopoop@saros-con.imp.fu-berlin.de/Saros with state: inactive
INFO  23:36:25,958 [saros-DispatchContext] (SarosSession.java:389) user zhang_oop2020@saros-con.imp.fu-berlin.de/Saros now has Projects and can process IResourceActivities
DEBUG 00:19:06,277 [Smack Listener Processor (1)] (MultiUserChatStateManager.java:98) Incoming Message from saros_1134846316@conference.saros-con.imp.fu-berlin.de/zhang_laptopoop@saros-con.imp.fu-berlin.de/Saros with state: composing
WARN  00:27:48,362 [main] (UserEditorState.java:56) Viewport for editor which was never activated: SPath [project=P/FB_project (EclipseProjectImpl), projectRelativePath=src/main/java/univpm/OOP2020/model/ALL_post.java]
ERROR 00:27:48,365 [main] (RemoteWriteAccessManager.java:136) Attempting to connect to file which is not available locally: SPath [project=P/FB_project (EclipseProjectImpl), projectRelativePath=src/main/java/univpm/OOP2020/model/ALL_post.java]
StackTrace:
	at saros.editor.RemoteWriteAccessManager.connectDocumentProvider(RemoteWriteAccessManager.java:138)
	at saros.editor.RemoteWriteAccessManager.updateConnectionState(RemoteWriteAccessManager.java:182)
	at saros.editor.RemoteWriteAccessManager.receive(RemoteWriteAccessManager.java:79)
	at saros.activities.EditorActivity.dispatch(EditorActivity.java:106)
	at saros.session.AbstractActivityConsumer.exec(AbstractActivityConsumer.java:79)
	at saros.editor.EditorManager$2.exec(EditorManager.java:184)
	at saros.session.internal.SarosSession$2.execute(SarosSession.java:193)
	at saros.session.internal.ActivityHandler$3.run(ActivityHandler.java:358)
	at saros.util.ThreadUtils$1.run(ThreadUtils.java:34)
	at org.eclipse.swt.widgets.RunnableLock.run(RunnableLock.java:40)
	at org.eclipse.swt.widgets.Synchronizer.runAsyncMessages(Synchronizer.java:185)
	at org.eclipse.swt.widgets.Display.runAsyncMessages(Display.java:3897)
	at org.eclipse.swt.widgets.Display.readAndDispatch(Display.java:3527)
	at org.eclipse.e4.ui.internal.workbench.swt.PartRenderingEngine$5.run(PartRenderingEngine.java:1160)
	at org.eclipse.core.databinding.observable.Realm.runWithDefault(Realm.java:338)
	at org.eclipse.e4.ui.internal.workbench.swt.PartRenderingEngine.run(PartRenderingEngine.java:1049)
	at org.eclipse.e4.ui.internal.workbench.E4Workbench.createAndRunUI(E4Workbench.java:155)
	at org.eclipse.ui.internal.Workbench.lambda$3(Workbench.java:658)
	at org.eclipse.core.databinding.observable.Realm.runWithDefault(Realm.java:338)
	at org.eclipse.ui.internal.Workbench.createAndRunWorkbench(Workbench.java:557)
	at org.eclipse.ui.PlatformUI.createAndRunWorkbench(PlatformUI.java:154)
	at org.eclipse.ui.internal.ide.application.IDEApplication.start(IDEApplication.java:150)
	at org.eclipse.equinox.internal.app.EclipseAppHandle.run(EclipseAppHandle.java:203)
	at org.eclipse.core.runtime.internal.adaptor.EclipseAppLauncher.runApplication(EclipseAppLauncher.java:137)
	at org.eclipse.core.runtime.internal.adaptor.EclipseAppLauncher.start(EclipseAppLauncher.java:107)
	at org.eclipse.core.runtime.adaptor.EclipseStarter.run(EclipseStarter.java:401)
	at org.eclipse.core.runtime.adaptor.EclipseStarter.run(EclipseStarter.java:255)
	at sun.reflect.NativeMethodAccessorImpl.invoke0(Native Method)
	at sun.reflect.NativeMethodAccessorImpl.invoke(Unknown Source)
	at sun.reflect.DelegatingMethodAccessorImpl.invoke(Unknown Source)
	at java.lang.reflect.Method.invoke(Unknown Source)
	at org.eclipse.equinox.launcher.Main.invokeFramework(Main.java:657)
	at org.eclipse.equinox.launcher.Main.basicRun(Main.java:594)
	at org.eclipse.equinox.launcher.Main.run(Main.java:1447)
WARN  00:27:48,366 [main] (SharedProjectFileDecorator.java:154) resource for editor SPath [project=P/FB_project (EclipseProjectImpl), projectRelativePath=src/main/java/univpm/OOP2020/model/ALL_post.java] does not exist locally
ERROR 00:27:48,566 [main] (RemoteWriteAccessManager.java:136) Attempting to connect to file which is not available locally: SPath [project=P/FB_project (EclipseProjectImpl), projectRelativePath=src/main/java/univpm/OOP2020/model/FB_page_info.java]
StackTrace:
	at saros.editor.RemoteWriteAccessManager.connectDocumentProvider(RemoteWriteAccessManager.java:138)
	at saros.editor.RemoteWriteAccessManager.updateConnectionState(RemoteWriteAccessManager.java:182)
	at saros.editor.RemoteWriteAccessManager.receive(RemoteWriteAccessManager.java:79)
	at saros.activities.EditorActivity.dispatch(EditorActivity.java:106)
	at saros.session.AbstractActivityConsumer.exec(AbstractActivityConsumer.java:79)
	at saros.editor.EditorManager$2.exec(EditorManager.java:184)
	at saros.session.internal.SarosSession$2.execute(SarosSession.java:193)
	at saros.session.internal.ActivityHandler$3.run(ActivityHandler.java:358)
	at saros.util.ThreadUtils$1.run(ThreadUtils.java:34)
	at org.eclipse.swt.widgets.RunnableLock.run(RunnableLock.java:40)
	at org.eclipse.swt.widgets.Synchronizer.runAsyncMessages(Synchronizer.java:185)
	at org.eclipse.swt.widgets.Display.runAsyncMessages(Display.java:3897)
	at org.eclipse.swt.widgets.Display.readAndDispatch(Display.java:3527)
	at org.eclipse.e4.ui.internal.workbench.swt.PartRenderingEngine$5.run(PartRenderingEngine.java:1160)
	at org.eclipse.core.databinding.observable.Realm.runWithDefault(Realm.java:338)
	at org.eclipse.e4.ui.internal.workbench.swt.PartRenderingEngine.run(PartRenderingEngine.java:1049)
	at org.eclipse.e4.ui.internal.workbench.E4Workbench.createAndRunUI(E4Workbench.java:155)
	at org.eclipse.ui.internal.Workbench.lambda$3(Workbench.java:658)
	at org.eclipse.core.databinding.observable.Realm.runWithDefault(Realm.java:338)
	at org.eclipse.ui.internal.Workbench.createAndRunWorkbench(Workbench.java:557)
	at org.eclipse.ui.PlatformUI.createAndRunWorkbench(PlatformUI.java:154)
	at org.eclipse.ui.internal.ide.application.IDEApplication.start(IDEApplication.java:150)
	at org.eclipse.equinox.internal.app.EclipseAppHandle.run(EclipseAppHandle.java:203)
	at org.eclipse.core.runtime.internal.adaptor.EclipseAppLauncher.runApplication(EclipseAppLauncher.java:137)
	at org.eclipse.core.runtime.internal.adaptor.EclipseAppLauncher.start(EclipseAppLauncher.java:107)
	at org.eclipse.core.runtime.adaptor.EclipseStarter.run(EclipseStarter.java:401)
	at org.eclipse.core.runtime.adaptor.EclipseStarter.run(EclipseStarter.java:255)
	at sun.reflect.NativeMethodAccessorImpl.invoke0(Native Method)
	at sun.reflect.NativeMethodAccessorImpl.invoke(Unknown Source)
	at sun.reflect.DelegatingMethodAccessorImpl.invoke(Unknown Source)
	at java.lang.reflect.Method.invoke(Unknown Source)
	at org.eclipse.equinox.launcher.Main.invokeFramework(Main.java:657)
	at org.eclipse.equinox.launcher.Main.basicRun(Main.java:594)
	at org.eclipse.equinox.launcher.Main.run(Main.java:1447)
WARN  00:27:48,567 [main] (SharedProjectFileDecorator.java:154) resource for editor SPath [project=P/FB_project (EclipseProjectImpl), projectRelativePath=src/main/java/univpm/OOP2020/model/FB_page_info.java] does not exist locally
WARN  00:27:48,640 [main] (UserEditorState.java:56) Viewport for editor which was never activated: SPath [project=P/FB_project (EclipseProjectImpl), projectRelativePath=src/main/java/univpm/OOP2020/model/Statics.java]
WARN  00:27:48,771 [main] (UserEditorState.java:56) Viewport for editor which was never activated: SPath [project=P/FB_project (EclipseProjectImpl), projectRelativePath=src/main/java/univpm/OOP2020/model/Statics.java]
ERROR 00:27:48,772 [main] (RemoteWriteAccessManager.java:136) Attempting to connect to file which is not available locally: SPath [project=P/FB_project (EclipseProjectImpl), projectRelativePath=src/main/java/univpm/OOP2020/model/Statics.java]
StackTrace:
	at saros.editor.RemoteWriteAccessManager.connectDocumentProvider(RemoteWriteAccessManager.java:138)
	at saros.editor.RemoteWriteAccessManager.updateConnectionState(RemoteWriteAccessManager.java:182)
	at saros.editor.RemoteWriteAccessManager.receive(RemoteWriteAccessManager.java:79)
	at saros.activities.EditorActivity.dispatch(EditorActivity.java:106)
	at saros.session.AbstractActivityConsumer.exec(AbstractActivityConsumer.java:79)
	at saros.editor.EditorManager$2.exec(EditorManager.java:184)
	at saros.session.internal.SarosSession$2.execute(SarosSession.java:193)
	at saros.session.internal.ActivityHandler$3.run(ActivityHandler.java:358)
	at saros.util.ThreadUtils$1.run(ThreadUtils.java:34)
	at org.eclipse.swt.widgets.RunnableLock.run(RunnableLock.java:40)
	at org.eclipse.swt.widgets.Synchronizer.runAsyncMessages(Synchronizer.java:185)
	at org.eclipse.swt.widgets.Display.runAsyncMessages(Display.java:3897)
	at org.eclipse.swt.widgets.Display.readAndDispatch(Display.java:3527)
	at org.eclipse.e4.ui.internal.workbench.swt.PartRenderingEngine$5.run(PartRenderingEngine.java:1160)
	at org.eclipse.core.databinding.observable.Realm.runWithDefault(Realm.java:338)
	at org.eclipse.e4.ui.internal.workbench.swt.PartRenderingEngine.run(PartRenderingEngine.java:1049)
	at org.eclipse.e4.ui.internal.workbench.E4Workbench.createAndRunUI(E4Workbench.java:155)
	at org.eclipse.ui.internal.Workbench.lambda$3(Workbench.java:658)
	at org.eclipse.core.databinding.observable.Realm.runWithDefault(Realm.java:338)
	at org.eclipse.ui.internal.Workbench.createAndRunWorkbench(Workbench.java:557)
	at org.eclipse.ui.PlatformUI.createAndRunWorkbench(PlatformUI.java:154)
	at org.eclipse.ui.internal.ide.application.IDEApplication.start(IDEApplication.java:150)
	at org.eclipse.equinox.internal.app.EclipseAppHandle.run(EclipseAppHandle.java:203)
	at org.eclipse.core.runtime.internal.adaptor.EclipseAppLauncher.runApplication(EclipseAppLauncher.java:137)
	at org.eclipse.core.runtime.internal.adaptor.EclipseAppLauncher.start(EclipseAppLauncher.java:107)
	at org.eclipse.core.runtime.adaptor.EclipseStarter.run(EclipseStarter.java:401)
	at org.eclipse.core.runtime.adaptor.EclipseStarter.run(EclipseStarter.java:255)
	at sun.reflect.NativeMethodAccessorImpl.invoke0(Native Method)
	at sun.reflect.NativeMethodAccessorImpl.invoke(Unknown Source)
	at sun.reflect.DelegatingMethodAccessorImpl.invoke(Unknown Source)
	at java.lang.reflect.Method.invoke(Unknown Source)
	at org.eclipse.equinox.launcher.Main.invokeFramework(Main.java:657)
	at org.eclipse.equinox.launcher.Main.basicRun(Main.java:594)
	at org.eclipse.equinox.launcher.Main.run(Main.java:1447)
WARN  00:27:48,772 [main] (SharedProjectFileDecorator.java:154) resource for editor SPath [project=P/FB_project (EclipseProjectImpl), projectRelativePath=src/main/java/univpm/OOP2020/model/Statics.java] does not exist locally
WARN  00:27:48,772 [main] (UserEditorState.java:56) Viewport for editor which was never activated: SPath [project=P/FB_project (EclipseProjectImpl), projectRelativePath=src/main/java/univpm/OOP2020/model/page_post.java]
WARN  00:27:48,784 [main] (UserEditorState.java:56) Viewport for editor which was never activated: SPath [project=P/FB_project (EclipseProjectImpl), projectRelativePath=src/main/java/univpm/OOP2020/model/page_post.java]
ERROR 00:27:48,796 [main] (RemoteWriteAccessManager.java:136) Attempting to connect to file which is not available locally: SPath [project=P/FB_project (EclipseProjectImpl), projectRelativePath=src/main/java/univpm/OOP2020/model/page_post.java]
StackTrace:
	at saros.editor.RemoteWriteAccessManager.connectDocumentProvider(RemoteWriteAccessManager.java:138)
	at saros.editor.RemoteWriteAccessManager.updateConnectionState(RemoteWriteAccessManager.java:182)
	at saros.editor.RemoteWriteAccessManager.receive(RemoteWriteAccessManager.java:79)
	at saros.activities.EditorActivity.dispatch(EditorActivity.java:106)
	at saros.session.AbstractActivityConsumer.exec(AbstractActivityConsumer.java:79)
	at saros.editor.EditorManager$2.exec(EditorManager.java:184)
	at saros.session.internal.SarosSession$2.execute(SarosSession.java:193)
	at saros.session.internal.ActivityHandler$3.run(ActivityHandler.java:358)
	at saros.util.ThreadUtils$1.run(ThreadUtils.java:34)
	at org.eclipse.swt.widgets.RunnableLock.run(RunnableLock.java:40)
	at org.eclipse.swt.widgets.Synchronizer.runAsyncMessages(Synchronizer.java:185)
	at org.eclipse.swt.widgets.Display.runAsyncMessages(Display.java:3897)
	at org.eclipse.swt.widgets.Display.readAndDispatch(Display.java:3527)
	at org.eclipse.e4.ui.internal.workbench.swt.PartRenderingEngine$5.run(PartRenderingEngine.java:1160)
	at org.eclipse.core.databinding.observable.Realm.runWithDefault(Realm.java:338)
	at org.eclipse.e4.ui.internal.workbench.swt.PartRenderingEngine.run(PartRenderingEngine.java:1049)
	at org.eclipse.e4.ui.internal.workbench.E4Workbench.createAndRunUI(E4Workbench.java:155)
	at org.eclipse.ui.internal.Workbench.lambda$3(Workbench.java:658)
	at org.eclipse.core.databinding.observable.Realm.runWithDefault(Realm.java:338)
	at org.eclipse.ui.internal.Workbench.createAndRunWorkbench(Workbench.java:557)
	at org.eclipse.ui.PlatformUI.createAndRunWorkbench(PlatformUI.java:154)
	at org.eclipse.ui.internal.ide.application.IDEApplication.start(IDEApplication.java:150)
	at org.eclipse.equinox.internal.app.EclipseAppHandle.run(EclipseAppHandle.java:203)
	at org.eclipse.core.runtime.internal.adaptor.EclipseAppLauncher.runApplication(EclipseAppLauncher.java:137)
	at org.eclipse.core.runtime.internal.adaptor.EclipseAppLauncher.start(EclipseAppLauncher.java:107)
	at org.eclipse.core.runtime.adaptor.EclipseStarter.run(EclipseStarter.java:401)
	at org.eclipse.core.runtime.adaptor.EclipseStarter.run(EclipseStarter.java:255)
	at sun.reflect.NativeMethodAccessorImpl.invoke0(Native Method)
	at sun.reflect.NativeMethodAccessorImpl.invoke(Unknown Source)
	at sun.reflect.DelegatingMethodAccessorImpl.invoke(Unknown Source)
	at java.lang.reflect.Method.invoke(Unknown Source)
	at org.eclipse.equinox.launcher.Main.invokeFramework(Main.java:657)
	at org.eclipse.equinox.launcher.Main.basicRun(Main.java:594)
	at org.eclipse.equinox.launcher.Main.run(Main.java:1447)
WARN  00:27:48,796 [main] (SharedProjectFileDecorator.java:154) resource for editor SPath [project=P/FB_project (EclipseProjectImpl), projectRelativePath=src/main/java/univpm/OOP2020/model/page_post.java] does not exist locally
WARN  00:27:50,001 [main] (UserEditorState.java:56) Viewport for editor which was never activated: SPath [project=P/FB_project (EclipseProjectImpl), projectRelativePath=src/main/java/univpm/OOP2020/model/ALL_post.java]
WARN  00:27:50,001 [main] (UserEditorState.java:71) received selection for editor which was never activated: SPath [project=P/FB_project (EclipseProjectImpl), projectRelativePath=src/main/java/univpm/OOP2020/model/ALL_post.java]
WARN  00:27:50,001 [main] (UserEditorState.java:56) Viewport for editor which was never activated: SPath [project=P/FB_project (EclipseProjectImpl), projectRelativePath=src/main/java/univpm/OOP2020/model/ALL_post.java]
ERROR 00:29:36,816 [main] (RemoteWriteAccessManager.java:136) Attempting to connect to file which is not available locally: SPath [project=P/FB_project (EclipseProjectImpl), projectRelativePath=src/main/java/univpm/OOP2020/App/DemoApplication.java]
StackTrace:
	at saros.editor.RemoteWriteAccessManager.connectDocumentProvider(RemoteWriteAccessManager.java:138)
	at saros.editor.RemoteWriteAccessManager.updateConnectionState(RemoteWriteAccessManager.java:182)
	at saros.editor.RemoteWriteAccessManager.receive(RemoteWriteAccessManager.java:79)
	at saros.activities.EditorActivity.dispatch(EditorActivity.java:106)
	at saros.session.AbstractActivityConsumer.exec(AbstractActivityConsumer.java:79)
	at saros.editor.EditorManager$2.exec(EditorManager.java:184)
	at saros.session.internal.SarosSession$2.execute(SarosSession.java:193)
	at saros.session.internal.ActivityHandler$3.run(ActivityHandler.java:358)
	at saros.util.ThreadUtils$1.run(ThreadUtils.java:34)
	at org.eclipse.swt.widgets.RunnableLock.run(RunnableLock.java:40)
	at org.eclipse.swt.widgets.Synchronizer.runAsyncMessages(Synchronizer.java:185)
	at org.eclipse.swt.widgets.Display.runAsyncMessages(Display.java:3897)
	at org.eclipse.swt.widgets.Display.readAndDispatch(Display.java:3527)
	at org.eclipse.e4.ui.internal.workbench.swt.PartRenderingEngine$5.run(PartRenderingEngine.java:1160)
	at org.eclipse.core.databinding.observable.Realm.runWithDefault(Realm.java:338)
	at org.eclipse.e4.ui.internal.workbench.swt.PartRenderingEngine.run(PartRenderingEngine.java:1049)
	at org.eclipse.e4.ui.internal.workbench.E4Workbench.createAndRunUI(E4Workbench.java:155)
	at org.eclipse.ui.internal.Workbench.lambda$3(Workbench.java:658)
	at org.eclipse.core.databinding.observable.Realm.runWithDefault(Realm.java:338)
	at org.eclipse.ui.internal.Workbench.createAndRunWorkbench(Workbench.java:557)
	at org.eclipse.ui.PlatformUI.createAndRunWorkbench(PlatformUI.java:154)
	at org.eclipse.ui.internal.ide.application.IDEApplication.start(IDEApplication.java:150)
	at org.eclipse.equinox.internal.app.EclipseAppHandle.run(EclipseAppHandle.java:203)
	at org.eclipse.core.runtime.internal.adaptor.EclipseAppLauncher.runApplication(EclipseAppLauncher.java:137)
	at org.eclipse.core.runtime.internal.adaptor.EclipseAppLauncher.start(EclipseAppLauncher.java:107)
	at org.eclipse.core.runtime.adaptor.EclipseStarter.run(EclipseStarter.java:401)
	at org.eclipse.core.runtime.adaptor.EclipseStarter.run(EclipseStarter.java:255)
	at sun.reflect.NativeMethodAccessorImpl.invoke0(Native Method)
	at sun.reflect.NativeMethodAccessorImpl.invoke(Unknown Source)
	at sun.reflect.DelegatingMethodAccessorImpl.invoke(Unknown Source)
	at java.lang.reflect.Method.invoke(Unknown Source)
	at org.eclipse.equinox.launcher.Main.invokeFramework(Main.java:657)
	at org.eclipse.equinox.launcher.Main.basicRun(Main.java:594)
	at org.eclipse.equinox.launcher.Main.run(Main.java:1447)
WARN  00:29:36,817 [main] (SharedProjectFileDecorator.java:154) resource for editor SPath [project=P/FB_project (EclipseProjectImpl), projectRelativePath=src/main/java/univpm/OOP2020/App/DemoApplication.java] does not exist locally
WARN  00:29:48,116 [main] (UserEditorState.java:56) Viewport for editor which was never activated: SPath [project=P/FB_project (EclipseProjectImpl), projectRelativePath=src/main/java/univpm/OOP2020/App/controller/simpleRestController.java]
WARN  00:29:48,121 [main] (UserEditorState.java:56) Viewport for editor which was never activated: SPath [project=P/FB_project (EclipseProjectImpl), projectRelativePath=src/main/java/univpm/OOP2020/App/controller/simpleRestController.java]
ERROR 00:29:48,160 [main] (RemoteWriteAccessManager.java:136) Attempting to connect to file which is not available locally: SPath [project=P/FB_project (EclipseProjectImpl), projectRelativePath=src/main/java/univpm/OOP2020/App/controller/simpleRestController.java]
StackTrace:
	at saros.editor.RemoteWriteAccessManager.connectDocumentProvider(RemoteWriteAccessManager.java:138)
	at saros.editor.RemoteWriteAccessManager.updateConnectionState(RemoteWriteAccessManager.java:182)
	at saros.editor.RemoteWriteAccessManager.receive(RemoteWriteAccessManager.java:79)
	at saros.activities.EditorActivity.dispatch(EditorActivity.java:106)
	at saros.session.AbstractActivityConsumer.exec(AbstractActivityConsumer.java:79)
	at saros.editor.EditorManager$2.exec(EditorManager.java:184)
	at saros.session.internal.SarosSession$2.execute(SarosSession.java:193)
	at saros.session.internal.ActivityHandler$3.run(ActivityHandler.java:358)
	at saros.util.ThreadUtils$1.run(ThreadUtils.java:34)
	at org.eclipse.swt.widgets.RunnableLock.run(RunnableLock.java:40)
	at org.eclipse.swt.widgets.Synchronizer.runAsyncMessages(Synchronizer.java:185)
	at org.eclipse.swt.widgets.Display.runAsyncMessages(Display.java:3897)
	at org.eclipse.swt.widgets.Display.readAndDispatch(Display.java:3527)
	at org.eclipse.e4.ui.internal.workbench.swt.PartRenderingEngine$5.run(PartRenderingEngine.java:1160)
	at org.eclipse.core.databinding.observable.Realm.runWithDefault(Realm.java:338)
	at org.eclipse.e4.ui.internal.workbench.swt.PartRenderingEngine.run(PartRenderingEngine.java:1049)
	at org.eclipse.e4.ui.internal.workbench.E4Workbench.createAndRunUI(E4Workbench.java:155)
	at org.eclipse.ui.internal.Workbench.lambda$3(Workbench.java:658)
	at org.eclipse.core.databinding.observable.Realm.runWithDefault(Realm.java:338)
	at org.eclipse.ui.internal.Workbench.createAndRunWorkbench(Workbench.java:557)
	at org.eclipse.ui.PlatformUI.createAndRunWorkbench(PlatformUI.java:154)
	at org.eclipse.ui.internal.ide.application.IDEApplication.start(IDEApplication.java:150)
	at org.eclipse.equinox.internal.app.EclipseAppHandle.run(EclipseAppHandle.java:203)
	at org.eclipse.core.runtime.internal.adaptor.EclipseAppLauncher.runApplication(EclipseAppLauncher.java:137)
	at org.eclipse.core.runtime.internal.adaptor.EclipseAppLauncher.start(EclipseAppLauncher.java:107)
	at org.eclipse.core.runtime.adaptor.EclipseStarter.run(EclipseStarter.java:401)
	at org.eclipse.core.runtime.adaptor.EclipseStarter.run(EclipseStarter.java:255)
	at sun.reflect.NativeMethodAccessorImpl.invoke0(Native Method)
	at sun.reflect.NativeMethodAccessorImpl.invoke(Unknown Source)
	at sun.reflect.DelegatingMethodAccessorImpl.invoke(Unknown Source)
	at java.lang.reflect.Method.invoke(Unknown Source)
	at org.eclipse.equinox.launcher.Main.invokeFramework(Main.java:657)
	at org.eclipse.equinox.launcher.Main.basicRun(Main.java:594)
	at org.eclipse.equinox.launcher.Main.run(Main.java:1447)
WARN  00:29:48,161 [main] (SharedProjectFileDecorator.java:154) resource for editor SPath [project=P/FB_project (EclipseProjectImpl), projectRelativePath=src/main/java/univpm/OOP2020/App/controller/simpleRestController.java] does not exist locally
WARN  00:29:56,853 [main] (UserEditorState.java:56) Viewport for editor which was never activated: SPath [project=P/FB_project (EclipseProjectImpl), projectRelativePath=src/main/java/univpmOOP2020/body/request_body.java]
ERROR 00:29:56,863 [main] (RemoteWriteAccessManager.java:136) Attempting to connect to file which is not available locally: SPath [project=P/FB_project (EclipseProjectImpl), projectRelativePath=src/main/java/univpmOOP2020/body/request_body.java]
StackTrace:
	at saros.editor.RemoteWriteAccessManager.connectDocumentProvider(RemoteWriteAccessManager.java:138)
	at saros.editor.RemoteWriteAccessManager.updateConnectionState(RemoteWriteAccessManager.java:182)
	at saros.editor.RemoteWriteAccessManager.receive(RemoteWriteAccessManager.java:79)
	at saros.activities.EditorActivity.dispatch(EditorActivity.java:106)
	at saros.session.AbstractActivityConsumer.exec(AbstractActivityConsumer.java:79)
	at saros.editor.EditorManager$2.exec(EditorManager.java:184)
	at saros.session.internal.SarosSession$2.execute(SarosSession.java:193)
	at saros.session.internal.ActivityHandler$3.run(ActivityHandler.java:358)
	at saros.util.ThreadUtils$1.run(ThreadUtils.java:34)
	at org.eclipse.swt.widgets.RunnableLock.run(RunnableLock.java:40)
	at org.eclipse.swt.widgets.Synchronizer.runAsyncMessages(Synchronizer.java:185)
	at org.eclipse.swt.widgets.Display.runAsyncMessages(Display.java:3897)
	at org.eclipse.swt.widgets.Display.readAndDispatch(Display.java:3527)
	at org.eclipse.e4.ui.internal.workbench.swt.PartRenderingEngine$5.run(PartRenderingEngine.java:1160)
	at org.eclipse.core.databinding.observable.Realm.runWithDefault(Realm.java:338)
	at org.eclipse.e4.ui.internal.workbench.swt.PartRenderingEngine.run(PartRenderingEngine.java:1049)
	at org.eclipse.e4.ui.internal.workbench.E4Workbench.createAndRunUI(E4Workbench.java:155)
	at org.eclipse.ui.internal.Workbench.lambda$3(Workbench.java:658)
	at org.eclipse.core.databinding.observable.Realm.runWithDefault(Realm.java:338)
	at org.eclipse.ui.internal.Workbench.createAndRunWorkbench(Workbench.java:557)
	at org.eclipse.ui.PlatformUI.createAndRunWorkbench(PlatformUI.java:154)
	at org.eclipse.ui.internal.ide.application.IDEApplication.start(IDEApplication.java:150)
	at org.eclipse.equinox.internal.app.EclipseAppHandle.run(EclipseAppHandle.java:203)
	at org.eclipse.core.runtime.internal.adaptor.EclipseAppLauncher.runApplication(EclipseAppLauncher.java:137)
	at org.eclipse.core.runtime.internal.adaptor.EclipseAppLauncher.start(EclipseAppLauncher.java:107)
	at org.eclipse.core.runtime.adaptor.EclipseStarter.run(EclipseStarter.java:401)
	at org.eclipse.core.runtime.adaptor.EclipseStarter.run(EclipseStarter.java:255)
	at sun.reflect.NativeMethodAccessorImpl.invoke0(Native Method)
	at sun.reflect.NativeMethodAccessorImpl.invoke(Unknown Source)
	at sun.reflect.DelegatingMethodAccessorImpl.invoke(Unknown Source)
	at java.lang.reflect.Method.invoke(Unknown Source)
	at org.eclipse.equinox.launcher.Main.invokeFramework(Main.java:657)
	at org.eclipse.equinox.launcher.Main.basicRun(Main.java:594)
	at org.eclipse.equinox.launcher.Main.run(Main.java:1447)
WARN  00:29:56,864 [main] (SharedProjectFileDecorator.java:154) resource for editor SPath [project=P/FB_project (EclipseProjectImpl), projectRelativePath=src/main/java/univpmOOP2020/body/request_body.java] does not exist locally
ERROR 00:30:04,350 [main] (RemoteWriteAccessManager.java:136) Attempting to connect to file which is not available locally: SPath [project=P/FB_project (EclipseProjectImpl), projectRelativePath=src/main/java/univpm/OOP2020/interf/Download.java]
StackTrace:
	at saros.editor.RemoteWriteAccessManager.connectDocumentProvider(RemoteWriteAccessManager.java:138)
	at saros.editor.RemoteWriteAccessManager.updateConnectionState(RemoteWriteAccessManager.java:182)
	at saros.editor.RemoteWriteAccessManager.receive(RemoteWriteAccessManager.java:79)
	at saros.activities.EditorActivity.dispatch(EditorActivity.java:106)
	at saros.session.AbstractActivityConsumer.exec(AbstractActivityConsumer.java:79)
	at saros.editor.EditorManager$2.exec(EditorManager.java:184)
	at saros.session.internal.SarosSession$2.execute(SarosSession.java:193)
	at saros.session.internal.ActivityHandler$3.run(ActivityHandler.java:358)
	at saros.util.ThreadUtils$1.run(ThreadUtils.java:34)
	at org.eclipse.swt.widgets.RunnableLock.run(RunnableLock.java:40)
	at org.eclipse.swt.widgets.Synchronizer.runAsyncMessages(Synchronizer.java:185)
	at org.eclipse.swt.widgets.Display.runAsyncMessages(Display.java:3897)
	at org.eclipse.swt.widgets.Display.readAndDispatch(Display.java:3527)
	at org.eclipse.e4.ui.internal.workbench.swt.PartRenderingEngine$5.run(PartRenderingEngine.java:1160)
	at org.eclipse.core.databinding.observable.Realm.runWithDefault(Realm.java:338)
	at org.eclipse.e4.ui.internal.workbench.swt.PartRenderingEngine.run(PartRenderingEngine.java:1049)
	at org.eclipse.e4.ui.internal.workbench.E4Workbench.createAndRunUI(E4Workbench.java:155)
	at org.eclipse.ui.internal.Workbench.lambda$3(Workbench.java:658)
	at org.eclipse.core.databinding.observable.Realm.runWithDefault(Realm.java:338)
	at org.eclipse.ui.internal.Workbench.createAndRunWorkbench(Workbench.java:557)
	at org.eclipse.ui.PlatformUI.createAndRunWorkbench(PlatformUI.java:154)
	at org.eclipse.ui.internal.ide.application.IDEApplication.start(IDEApplication.java:150)
	at org.eclipse.equinox.internal.app.EclipseAppHandle.run(EclipseAppHandle.java:203)
	at org.eclipse.core.runtime.internal.adaptor.EclipseAppLauncher.runApplication(EclipseAppLauncher.java:137)
	at org.eclipse.core.runtime.internal.adaptor.EclipseAppLauncher.start(EclipseAppLauncher.java:107)
	at org.eclipse.core.runtime.adaptor.EclipseStarter.run(EclipseStarter.java:401)
	at org.eclipse.core.runtime.adaptor.EclipseStarter.run(EclipseStarter.java:255)
	at sun.reflect.NativeMethodAccessorImpl.invoke0(Native Method)
	at sun.reflect.NativeMethodAccessorImpl.invoke(Unknown Source)
	at sun.reflect.DelegatingMethodAccessorImpl.invoke(Unknown Source)
	at java.lang.reflect.Method.invoke(Unknown Source)
	at org.eclipse.equinox.launcher.Main.invokeFramework(Main.java:657)
	at org.eclipse.equinox.launcher.Main.basicRun(Main.java:594)
	at org.eclipse.equinox.launcher.Main.run(Main.java:1447)
WARN  00:30:04,352 [main] (SharedProjectFileDecorator.java:154) resource for editor SPath [project=P/FB_project (EclipseProjectImpl), projectRelativePath=src/main/java/univpm/OOP2020/interf/Download.java] does not exist locally
ERROR 00:30:40,774 [main] (RemoteWriteAccessManager.java:136) Attempting to connect to file which is not available locally: SPath [project=P/FB_project (EclipseProjectImpl), projectRelativePath=src/test/java/univpm/OOP2020/demo/DemoApplicationTests.java]
StackTrace:
	at saros.editor.RemoteWriteAccessManager.connectDocumentProvider(RemoteWriteAccessManager.java:138)
	at saros.editor.RemoteWriteAccessManager.updateConnectionState(RemoteWriteAccessManager.java:182)
	at saros.editor.RemoteWriteAccessManager.receive(RemoteWriteAccessManager.java:79)
	at saros.activities.EditorActivity.dispatch(EditorActivity.java:106)
	at saros.session.AbstractActivityConsumer.exec(AbstractActivityConsumer.java:79)
	at saros.editor.EditorManager$2.exec(EditorManager.java:184)
	at saros.session.internal.SarosSession$2.execute(SarosSession.java:193)
	at saros.session.internal.ActivityHandler$3.run(ActivityHandler.java:358)
	at saros.util.ThreadUtils$1.run(ThreadUtils.java:34)
	at org.eclipse.swt.widgets.RunnableLock.run(RunnableLock.java:40)
	at org.eclipse.swt.widgets.Synchronizer.runAsyncMessages(Synchronizer.java:185)
	at org.eclipse.swt.widgets.Display.runAsyncMessages(Display.java:3897)
	at org.eclipse.swt.widgets.Display.readAndDispatch(Display.java:3527)
	at org.eclipse.e4.ui.internal.workbench.swt.PartRenderingEngine$5.run(PartRenderingEngine.java:1160)
	at org.eclipse.core.databinding.observable.Realm.runWithDefault(Realm.java:338)
	at org.eclipse.e4.ui.internal.workbench.swt.PartRenderingEngine.run(PartRenderingEngine.java:1049)
	at org.eclipse.e4.ui.internal.workbench.E4Workbench.createAndRunUI(E4Workbench.java:155)
	at org.eclipse.ui.internal.Workbench.lambda$3(Workbench.java:658)
	at org.eclipse.core.databinding.observable.Realm.runWithDefault(Realm.java:338)
	at org.eclipse.ui.internal.Workbench.createAndRunWorkbench(Workbench.java:557)
	at org.eclipse.ui.PlatformUI.createAndRunWorkbench(PlatformUI.java:154)
	at org.eclipse.ui.internal.ide.application.IDEApplication.start(IDEApplication.java:150)
	at org.eclipse.equinox.internal.app.EclipseAppHandle.run(EclipseAppHandle.java:203)
	at org.eclipse.core.runtime.internal.adaptor.EclipseAppLauncher.runApplication(EclipseAppLauncher.java:137)
	at org.eclipse.core.runtime.internal.adaptor.EclipseAppLauncher.start(EclipseAppLauncher.java:107)
	at org.eclipse.core.runtime.adaptor.EclipseStarter.run(EclipseStarter.java:401)
	at org.eclipse.core.runtime.adaptor.EclipseStarter.run(EclipseStarter.java:255)
	at sun.reflect.NativeMethodAccessorImpl.invoke0(Native Method)
	at sun.reflect.NativeMethodAccessorImpl.invoke(Unknown Source)
	at sun.reflect.DelegatingMethodAccessorImpl.invoke(Unknown Source)
	at java.lang.reflect.Method.invoke(Unknown Source)
	at org.eclipse.equinox.launcher.Main.invokeFramework(Main.java:657)
	at org.eclipse.equinox.launcher.Main.basicRun(Main.java:594)
	at org.eclipse.equinox.launcher.Main.run(Main.java:1447)
WARN  00:30:40,776 [main] (SharedProjectFileDecorator.java:154) resource for editor SPath [project=P/FB_project (EclipseProjectImpl), projectRelativePath=src/test/java/univpm/OOP2020/demo/DemoApplicationTests.java] does not exist locally
ERROR 00:30:47,976 [main] (RemoteWriteAccessManager.java:136) Attempting to connect to file which is not available locally: SPath [project=P/FB_project (EclipseProjectImpl), projectRelativePath=src/test/java/univpm/OOP2020/Test/Esempio_Test.java]
StackTrace:
	at saros.editor.RemoteWriteAccessManager.connectDocumentProvider(RemoteWriteAccessManager.java:138)
	at saros.editor.RemoteWriteAccessManager.updateConnectionState(RemoteWriteAccessManager.java:182)
	at saros.editor.RemoteWriteAccessManager.receive(RemoteWriteAccessManager.java:79)
	at saros.activities.EditorActivity.dispatch(EditorActivity.java:106)
	at saros.session.AbstractActivityConsumer.exec(AbstractActivityConsumer.java:79)
	at saros.editor.EditorManager$2.exec(EditorManager.java:184)
	at saros.session.internal.SarosSession$2.execute(SarosSession.java:193)
	at saros.session.internal.ActivityHandler$3.run(ActivityHandler.java:358)
	at saros.util.ThreadUtils$1.run(ThreadUtils.java:34)
	at org.eclipse.swt.widgets.RunnableLock.run(RunnableLock.java:40)
	at org.eclipse.swt.widgets.Synchronizer.runAsyncMessages(Synchronizer.java:185)
	at org.eclipse.swt.widgets.Display.runAsyncMessages(Display.java:3897)
	at org.eclipse.swt.widgets.Display.readAndDispatch(Display.java:3527)
	at org.eclipse.e4.ui.internal.workbench.swt.PartRenderingEngine$5.run(PartRenderingEngine.java:1160)
	at org.eclipse.core.databinding.observable.Realm.runWithDefault(Realm.java:338)
	at org.eclipse.e4.ui.internal.workbench.swt.PartRenderingEngine.run(PartRenderingEngine.java:1049)
	at org.eclipse.e4.ui.internal.workbench.E4Workbench.createAndRunUI(E4Workbench.java:155)
	at org.eclipse.ui.internal.Workbench.lambda$3(Workbench.java:658)
	at org.eclipse.core.databinding.observable.Realm.runWithDefault(Realm.java:338)
	at org.eclipse.ui.internal.Workbench.createAndRunWorkbench(Workbench.java:557)
	at org.eclipse.ui.PlatformUI.createAndRunWorkbench(PlatformUI.java:154)
	at org.eclipse.ui.internal.ide.application.IDEApplication.start(IDEApplication.java:150)
	at org.eclipse.equinox.internal.app.EclipseAppHandle.run(EclipseAppHandle.java:203)
	at org.eclipse.core.runtime.internal.adaptor.EclipseAppLauncher.runApplication(EclipseAppLauncher.java:137)
	at org.eclipse.core.runtime.internal.adaptor.EclipseAppLauncher.start(EclipseAppLauncher.java:107)
	at org.eclipse.core.runtime.adaptor.EclipseStarter.run(EclipseStarter.java:401)
	at org.eclipse.core.runtime.adaptor.EclipseStarter.run(EclipseStarter.java:255)
	at sun.reflect.NativeMethodAccessorImpl.invoke0(Native Method)
	at sun.reflect.NativeMethodAccessorImpl.invoke(Unknown Source)
	at sun.reflect.DelegatingMethodAccessorImpl.invoke(Unknown Source)
	at java.lang.reflect.Method.invoke(Unknown Source)
	at org.eclipse.equinox.launcher.Main.invokeFramework(Main.java:657)
	at org.eclipse.equinox.launcher.Main.basicRun(Main.java:594)
	at org.eclipse.equinox.launcher.Main.run(Main.java:1447)
WARN  00:30:47,977 [main] (SharedProjectFileDecorator.java:154) resource for editor SPath [project=P/FB_project (EclipseProjectImpl), projectRelativePath=src/test/java/univpm/OOP2020/Test/Esempio_Test.java] does not exist locally
INFO  00:58:05,184 [saros-DispatchContext] (SarosSession.java:468) user oop_scal@saros-con.imp.fu-berlin.de/Saros left session
INFO  00:58:13,544 [saros-stop-host] (SarosSessionManager.java:332) session stopped
