INFO  17:25:55,649 [ModalContext] (AddContactUtility.java:87) Starting Saros 16.0.1 running:
  Java Version: 1.8.0_221
  Java Vendor: Oracle Corporation
  Eclipse Runtime Version: 3.17.100.v20200203-0917
  Operating System: Windows 10 (10.0)
  Hardware Architecture: amd64
INFO  17:25:55,673 [ModalContext] (AddContactUtility.java:87) initializing context...
INFO  17:25:56,322 [ModalContext] (AddContactUtility.java:87) initializing preference default values
INFO  17:25:56,359 [ModalContext] (AddContactUtility.java:87) successfully initialized context
WARN  17:28:49,855 [ModalContext] (AddContactUtility.java:87) Problem while adding a contact.CancellationException User decided to add contact anyway. Problem: service-unavailable(503)
WARN  17:30:44,385 [Worker-34: Session Startup] (ConsistencyAction.java:172) watchdog client component is not available, cannot perform inconsistency notification
DEBUG 17:30:45,638 [Smack Listener Processor (1)] (MultiUserChatStateManager.java:98) Incoming Message from saros_1949994396@conference.saros-con.imp.fu-berlin.de/zhang_oop2020@saros-con.imp.fu-berlin.de/Saros with state: active
INFO  17:30:46,374 [Worker-34: Session Startup] (SarosSessionManager.java:272) session started
WARN  17:30:46,392 [Worker-38: Inviting zhang_laptopoop@saros-con.imp.fu-berlin.de (zhang_laptopoop@saros-con.imp.fu-berlin.de)...] (VersionManager.java:49) remote version not found for: XMPPContact [bareJid=zhang_laptopoop@saros-con.imp.fu-berlin.de, baseStatus=ContactStatus [mode=OFFLINE, message=null], bestResource=Resource [fullJid=zhang_laptopoop@saros-con.imp.fu-berlin.de/Saros, status=ContactStatus [mode=AVAILABLE, message=null], sarosSupport=true]]
ERROR 17:30:46,393 [Worker-38: Inviting zhang_laptopoop@saros-con.imp.fu-berlin.de (zhang_laptopoop@saros-con.imp.fu-berlin.de)...] (OutgoingSessionNegotiation.java:258) OSN [remote side: zhang_laptopoop@saros-con.imp.fu-berlin.de/Saros] : Saros versions are not compatible
ERROR 17:30:46,395 [Worker-38: Inviting zhang_laptopoop@saros-con.imp.fu-berlin.de (zhang_laptopoop@saros-con.imp.fu-berlin.de)...] (Negotiation.java:438) canceled negotiation OSN [remote side: zhang_laptopoop@saros-con.imp.fu-berlin.de/Saros], error: The Saros plugin of zhang_laptopoop@saros-con.imp.fu-berlin.de (Version 0.0.0.invalid) is not compatible with your installed Saros plugin (Version 16.0.1)
WARN  17:31:13,535 [Worker-37: Inviting zhang_laptopoop@saros-con.imp.fu-berlin.de (zhang_laptopoop@saros-con.imp.fu-berlin.de)...] (VersionManager.java:49) remote version not found for: XMPPContact [bareJid=zhang_laptopoop@saros-con.imp.fu-berlin.de, baseStatus=ContactStatus [mode=OFFLINE, message=null], bestResource=Resource [fullJid=zhang_laptopoop@saros-con.imp.fu-berlin.de/Saros, status=ContactStatus [mode=AVAILABLE, message=null], sarosSupport=true]]
ERROR 17:31:13,536 [Worker-37: Inviting zhang_laptopoop@saros-con.imp.fu-berlin.de (zhang_laptopoop@saros-con.imp.fu-berlin.de)...] (OutgoingSessionNegotiation.java:258) OSN [remote side: zhang_laptopoop@saros-con.imp.fu-berlin.de/Saros] : Saros versions are not compatible
ERROR 17:31:13,536 [Worker-37: Inviting zhang_laptopoop@saros-con.imp.fu-berlin.de (zhang_laptopoop@saros-con.imp.fu-berlin.de)...] (Negotiation.java:438) canceled negotiation OSN [remote side: zhang_laptopoop@saros-con.imp.fu-berlin.de/Saros], error: The Saros plugin of zhang_laptopoop@saros-con.imp.fu-berlin.de (Version 0.0.0.invalid) is not compatible with your installed Saros plugin (Version 16.0.1)
WARN  17:32:35,263 [Worker-51: Inviting zhang_laptopoop@saros-con.imp.fu-berlin.de (zhang_laptopoop@saros-con.imp.fu-berlin.de)...] (VersionManager.java:49) remote version not found for: XMPPContact [bareJid=zhang_laptopoop@saros-con.imp.fu-berlin.de, baseStatus=ContactStatus [mode=OFFLINE, message=null], bestResource=Resource [fullJid=zhang_laptopoop@saros-con.imp.fu-berlin.de/Saros, status=ContactStatus [mode=AVAILABLE, message=null], sarosSupport=true]]
ERROR 17:32:35,263 [Worker-51: Inviting zhang_laptopoop@saros-con.imp.fu-berlin.de (zhang_laptopoop@saros-con.imp.fu-berlin.de)...] (OutgoingSessionNegotiation.java:258) OSN [remote side: zhang_laptopoop@saros-con.imp.fu-berlin.de/Saros] : Saros versions are not compatible
ERROR 17:32:35,263 [Worker-51: Inviting zhang_laptopoop@saros-con.imp.fu-berlin.de (zhang_laptopoop@saros-con.imp.fu-berlin.de)...] (Negotiation.java:438) canceled negotiation OSN [remote side: zhang_laptopoop@saros-con.imp.fu-berlin.de/Saros], error: The Saros plugin of zhang_laptopoop@saros-con.imp.fu-berlin.de (Version 0.0.0.invalid) is not compatible with your installed Saros plugin (Version 16.0.1)
INFO  17:32:39,660 [saros-DispatchContext] (NegotiationPacketListener.java:227) received invitation from oop_scal@saros-con.imp.fu-berlin.de/Saros [negotiation id: -4807494350104273542, session id: 1203819913, version: 16.0.1]
INFO  17:32:39,660 [saros-DispatchContext] (NegotiationPacketListener.java:241) rejecting session negotiation request with id: -4807494350104273542
INFO  17:32:57,065 [saros-shutdown] (SarosSessionManager.java:332) session stopped
INFO  17:32:57,220 [saros-shutdown] (ContainerContext.java:205) disposing context...
INFO  17:32:57,221 [saros-shutdown] (ContainerContext.java:209) successfully disposed context
INFO  17:32:57,351 [Framework stop] (Saros.java:137) Stopping Saros 16.0.1
