INFO  17:33:07,049 [Smack Listener Processor (0)] (SingleUserChatService.java:80) Starting Saros 16.0.1 running:
  Java Version: 1.8.0_221
  Java Vendor: Oracle Corporation
  Eclipse Runtime Version: 3.17.100.v20200203-0917
  Operating System: Windows 10 (10.0)
  Hardware Architecture: amd64
INFO  17:33:07,070 [Smack Listener Processor (0)] (SingleUserChatService.java:80) initializing context...
INFO  17:33:07,658 [Smack Listener Processor (0)] (SingleUserChatService.java:80) initializing preference default values
INFO  17:33:07,689 [Smack Listener Processor (0)] (SingleUserChatService.java:80) successfully initialized context
INFO  17:33:20,267 [Smack Listener Processor (0)] (SingleUserChatService.java:80) chat created between zhang_oop2020@saros-con.imp.fu-berlin.de/Saros <->oop_scal@saros-con.imp.fu-berlin.de/Saros, created local: false
INFO  17:33:20,273 [Smack Listener Processor (0)] (SingleUserChatService.java:80) chat created between zhang_oop2020@saros-con.imp.fu-berlin.de/Saros <->oop_scal@saros-con.imp.fu-berlin.de/Saros, created local: false
INFO  17:33:20,273 [Smack Listener Processor (0)] (SingleUserChatService.java:107) skipping notification of listeners because the chat already exists
INFO  17:33:20,273 [Smack Listener Processor (0)] (SingleUserChatService.java:80) chat created between zhang_oop2020@saros-con.imp.fu-berlin.de/Saros <->oop_scal@saros-con.imp.fu-berlin.de/Saros, created local: false
INFO  17:33:20,273 [Smack Listener Processor (0)] (SingleUserChatService.java:107) skipping notification of listeners because the chat already exists
INFO  17:33:20,310 [Smack Listener Processor (0)] (SingleUserChatService.java:80) chat created between zhang_oop2020@saros-con.imp.fu-berlin.de/Saros <->oop_scal@saros-con.imp.fu-berlin.de/Saros, created local: false
INFO  17:33:20,310 [Smack Listener Processor (0)] (SingleUserChatService.java:107) skipping notification of listeners because the chat already exists
INFO  17:33:20,311 [Smack Listener Processor (0)] (SingleUserChatService.java:80) chat created between zhang_oop2020@saros-con.imp.fu-berlin.de/Saros <->oop_scal@saros-con.imp.fu-berlin.de/Saros, created local: false
INFO  17:33:20,311 [Smack Listener Processor (0)] (SingleUserChatService.java:107) skipping notification of listeners because the chat already exists
INFO  17:33:20,311 [Smack Listener Processor (0)] (SingleUserChatService.java:80) chat created between zhang_oop2020@saros-con.imp.fu-berlin.de/Saros <->oop_scal@saros-con.imp.fu-berlin.de/Saros, created local: false
INFO  17:33:20,311 [Smack Listener Processor (0)] (SingleUserChatService.java:107) skipping notification of listeners because the chat already exists
INFO  17:33:20,312 [Smack Listener Processor (0)] (SingleUserChatService.java:80) chat created between zhang_oop2020@saros-con.imp.fu-berlin.de/Saros <->oop_scal@saros-con.imp.fu-berlin.de/Saros, created local: false
INFO  17:33:20,312 [Smack Listener Processor (0)] (SingleUserChatService.java:107) skipping notification of listeners because the chat already exists
INFO  17:33:20,313 [Smack Listener Processor (0)] (SingleUserChatService.java:80) chat created between zhang_oop2020@saros-con.imp.fu-berlin.de/Saros <->oop_scal@saros-con.imp.fu-berlin.de/Saros, created local: false
INFO  17:33:20,313 [Smack Listener Processor (0)] (SingleUserChatService.java:107) skipping notification of listeners because the chat already exists
INFO  17:33:20,313 [Smack Listener Processor (0)] (SingleUserChatService.java:80) chat created between zhang_oop2020@saros-con.imp.fu-berlin.de/Saros <->oop_scal@saros-con.imp.fu-berlin.de/Saros, created local: false
INFO  17:33:20,314 [Smack Listener Processor (0)] (SingleUserChatService.java:107) skipping notification of listeners because the chat already exists
INFO  17:33:20,314 [Smack Listener Processor (0)] (SingleUserChatService.java:80) chat created between zhang_oop2020@saros-con.imp.fu-berlin.de/Saros <->oop_scal@saros-con.imp.fu-berlin.de/Saros, created local: false
INFO  17:33:20,315 [Smack Listener Processor (0)] (SingleUserChatService.java:107) skipping notification of listeners because the chat already exists
INFO  17:33:20,315 [Smack Listener Processor (0)] (SingleUserChatService.java:80) chat created between zhang_oop2020@saros-con.imp.fu-berlin.de/Saros <->oop_scal@saros-con.imp.fu-berlin.de/Saros, created local: false
INFO  17:33:20,315 [Smack Listener Processor (0)] (SingleUserChatService.java:107) skipping notification of listeners because the chat already exists
INFO  17:33:20,315 [Smack Listener Processor (0)] (SingleUserChatService.java:80) chat created between zhang_oop2020@saros-con.imp.fu-berlin.de/Saros <->oop_scal@saros-con.imp.fu-berlin.de/Saros, created local: false
INFO  17:33:20,316 [Smack Listener Processor (0)] (SingleUserChatService.java:107) skipping notification of listeners because the chat already exists
INFO  17:33:20,316 [Smack Listener Processor (0)] (SingleUserChatService.java:80) chat created between zhang_oop2020@saros-con.imp.fu-berlin.de/Saros <->oop_scal@saros-con.imp.fu-berlin.de/Saros, created local: false
INFO  17:33:20,316 [Smack Listener Processor (0)] (SingleUserChatService.java:107) skipping notification of listeners because the chat already exists
INFO  17:33:20,316 [Smack Listener Processor (0)] (SingleUserChatService.java:80) chat created between zhang_oop2020@saros-con.imp.fu-berlin.de/Saros <->oop_scal@saros-con.imp.fu-berlin.de/Saros, created local: false
INFO  17:33:20,316 [Smack Listener Processor (0)] (SingleUserChatService.java:107) skipping notification of listeners because the chat already exists
INFO  17:33:20,317 [Smack Listener Processor (0)] (SingleUserChatService.java:80) chat created between zhang_oop2020@saros-con.imp.fu-berlin.de/Saros <->oop_scal@saros-con.imp.fu-berlin.de/Saros, created local: false
INFO  17:33:20,317 [Smack Listener Processor (0)] (SingleUserChatService.java:107) skipping notification of listeners because the chat already exists
INFO  17:33:20,318 [Smack Listener Processor (0)] (SingleUserChatService.java:80) chat created between zhang_oop2020@saros-con.imp.fu-berlin.de/Saros <->oop_scal@saros-con.imp.fu-berlin.de/Saros, created local: false
INFO  17:33:20,318 [Smack Listener Processor (0)] (SingleUserChatService.java:107) skipping notification of listeners because the chat already exists
INFO  17:33:20,905 [Smack Listener Processor (0)] (SingleUserChatService.java:80) chat created between zhang_oop2020@saros-con.imp.fu-berlin.de/Saros <->oop_scal@saros-con.imp.fu-berlin.de/Saros, created local: false
INFO  17:33:20,905 [Smack Listener Processor (0)] (SingleUserChatService.java:107) skipping notification of listeners because the chat already exists
INFO  17:33:20,905 [Smack Listener Processor (0)] (SingleUserChatService.java:80) chat created between zhang_oop2020@saros-con.imp.fu-berlin.de/Saros <->oop_scal@saros-con.imp.fu-berlin.de/Saros, created local: false
INFO  17:33:20,905 [Smack Listener Processor (0)] (SingleUserChatService.java:107) skipping notification of listeners because the chat already exists
INFO  17:33:22,185 [Smack Listener Processor (0)] (SingleUserChatService.java:80) chat created between zhang_oop2020@saros-con.imp.fu-berlin.de/Saros <->oop_scal@saros-con.imp.fu-berlin.de/Saros, created local: false
INFO  17:33:22,185 [Smack Listener Processor (0)] (SingleUserChatService.java:107) skipping notification of listeners because the chat already exists
INFO  17:33:22,186 [Smack Listener Processor (0)] (SingleUserChatService.java:80) chat created between zhang_oop2020@saros-con.imp.fu-berlin.de/Saros <->oop_scal@saros-con.imp.fu-berlin.de/Saros, created local: false
INFO  17:33:22,186 [Smack Listener Processor (0)] (SingleUserChatService.java:107) skipping notification of listeners because the chat already exists
INFO  17:33:23,433 [Smack Listener Processor (0)] (SingleUserChatService.java:80) chat created between zhang_oop2020@saros-con.imp.fu-berlin.de/Saros <->oop_scal@saros-con.imp.fu-berlin.de/Saros, created local: false
INFO  17:33:23,433 [Smack Listener Processor (0)] (SingleUserChatService.java:107) skipping notification of listeners because the chat already exists
WARN  17:33:40,977 [Worker-6: Session Startup] (ConsistencyAction.java:172) watchdog client component is not available, cannot perform inconsistency notification
DEBUG 17:33:42,245 [Smack Listener Processor (0)] (MultiUserChatStateManager.java:98) Incoming Message from saros_801065714@conference.saros-con.imp.fu-berlin.de/zhang_oop2020@saros-con.imp.fu-berlin.de/Saros with state: active
INFO  17:33:42,982 [Worker-6: Session Startup] (SarosSessionManager.java:272) session started
INFO  17:33:49,232 [Worker-35: Inviting zhang_laptopoop@saros-con.imp.fu-berlin.de (zhang_laptopoop@saros-con.imp.fu-berlin.de)...] (SarosSession.java:354) user zhang_laptopoop@saros-con.imp.fu-berlin.de/Saros joined session
DEBUG 17:33:50,587 [Smack Listener Processor (0)] (MultiUserChatStateManager.java:98) Incoming Message from saros_801065714@conference.saros-con.imp.fu-berlin.de/zhang_laptopoop@saros-con.imp.fu-berlin.de/Saros with state: active
ERROR 17:34:12,552 [Worker-8: Inviting oop_scal@saros-con.imp.fu-berlin.de (oop_scal@saros-con.imp.fu-berlin.de)...] (Negotiation.java:450) canceled negotiation OSN [remote side: oop_scal@saros-con.imp.fu-berlin.de/Saros] because the remote side encountered an error: I am already in a Saros session and so cannot accept your invitation.
ERROR 17:34:37,527 [Worker-8: Inviting oop_scal@saros-con.imp.fu-berlin.de (oop_scal@saros-con.imp.fu-berlin.de)...] (Negotiation.java:450) canceled negotiation OSN [remote side: oop_scal@saros-con.imp.fu-berlin.de/Saros] because the remote side encountered an error: I am already in a Saros session and so cannot accept your invitation.
INFO  17:34:59,148 [Worker-18: Synchronizing projects] (SarosSession.java:360) user zhang_laptopoop@saros-con.imp.fu-berlin.de/Saros started queuing projects and can receive IResourceActivities
INFO  17:35:02,968 [Worker-18: Synchronizing projects] (SarosSession.java:389) user zhang_laptopoop@saros-con.imp.fu-berlin.de/Saros now has Projects and can process IResourceActivities
INFO  17:35:10,326 [Worker-26: Inviting oop_scal@saros-con.imp.fu-berlin.de (oop_scal@saros-con.imp.fu-berlin.de)...] (SarosSession.java:354) user oop_scal@saros-con.imp.fu-berlin.de/Saros joined session
DEBUG 17:35:10,549 [Smack Listener Processor (0)] (MultiUserChatStateManager.java:98) Incoming Message from saros_801065714@conference.saros-con.imp.fu-berlin.de/oop_scal@saros-con.imp.fu-berlin.de/Saros with state: active
INFO  17:35:26,690 [Worker-8: Synchronizing projects] (SarosSession.java:360) user oop_scal@saros-con.imp.fu-berlin.de/Saros started queuing projects and can receive IResourceActivities
INFO  17:35:29,501 [Worker-8: Synchronizing projects] (SarosSession.java:389) user oop_scal@saros-con.imp.fu-berlin.de/Saros now has Projects and can process IResourceActivities
INFO  19:35:33,004 [saros-upnp-resolver-cfg] (UPnPServiceImpl.java:291) discovered 1 gateway(s)
ERROR 20:38:04,990 [BinaryChannel-oop_scal] (BinaryChannelConnection.java:103) [mode=SOCKS5 (D), id=saros-main-session] oop_scal@saros-con.imp.fu-berlin.de/Saros network error: Read timed out
java.net.SocketTimeoutException: Read timed out
	at java.net.SocketInputStream.socketRead0(Native Method)
	at java.net.SocketInputStream.socketRead(Unknown Source)
	at java.net.SocketInputStream.read(Unknown Source)
	at java.net.SocketInputStream.read(Unknown Source)
	at java.io.BufferedInputStream.fill(Unknown Source)
	at java.io.BufferedInputStream.read(Unknown Source)
	at java.io.DataInputStream.readUnsignedByte(Unknown Source)
	at saros.net.internal.BinaryChannelConnection.readNextXMPPExtension(BinaryChannelConnection.java:293)
	at saros.net.internal.BinaryChannelConnection.access$1(BinaryChannelConnection.java:289)
	at saros.net.internal.BinaryChannelConnection$ReceiverThread.run(BinaryChannelConnection.java:94)
ERROR 20:38:06,063 [saros-activity-sender] (ActivitySequencer.java:528) failed to sent activities: [ChecksumActivity(path: SPath [project=P/FBdemo (EclipseProjectImpl), projectRelativePath=src/main/java/univpm/esempio/interf/Download.java], hash: 701065277, length: 167, jupiterTimestamp: [366,182]), ChecksumActivity(path: SPath [project=P/FBdemo (EclipseProjectImpl), projectRelativePath=src/main/java/univpm/esempio/model/ALL_post.java], hash: 1229744061, length: 1246, jupiterTimestamp: [366,182]), ChecksumActivity(path: SPath [project=P/FBdemo (EclipseProjectImpl), projectRelativePath=src/main/java/univpm/esempio/model/request_body.java], hash: 527351641, length: 289, jupiterTimestamp: [484,256]), ChecksumActivity(path: SPath [project=P/FBdemo (EclipseProjectImpl), projectRelativePath=src/main/java/univpm/esempio/App/DemoApplication.java], hash: 1431764605, length: 353, jupiterTimestamp: [366,182]), ChecksumActivity(path: SPath [project=P/FBdemo (EclipseProjectImpl), projectRelativePath=src/main/java/univpm/esempio/model/Statics.java], hash: 208517695, length: 2611, jupiterTimestamp: [590,693]), ChecksumActivity(path: SPath [project=P/FBdemo (EclipseProjectImpl), projectRelativePath=src/main/java/univpm/esempio/model/FB_page_info.java], hash: -230458960, length: 3032, jupiterTimestamp: [366,182])]
java.io.IOException: not connected to oop_scal@saros-con.imp.fu-berlin.de/Saros [connection identifier=saros-main-session]
	at saros.net.internal.XMPPTransmitter.send(XMPPTransmitter.java:96)
	at saros.session.internal.ActivitySequencer.sendActivities(ActivitySequencer.java:526)
	at saros.session.internal.ActivitySequencer.access$3(ActivitySequencer.java:461)
	at saros.session.internal.ActivitySequencer$2.run(ActivitySequencer.java:147)
	at saros.util.ThreadUtils$1.run(ThreadUtils.java:34)
	at java.lang.Thread.run(Unknown Source)
INFO  20:38:06,090 [saros-kill-user-oop_scal-tx] (SarosSession.java:468) user oop_scal@saros-con.imp.fu-berlin.de/Saros left session
ERROR 22:03:47,721 [Worker-97: Inviting oop_scal@saros-con.imp.fu-berlin.de (oop_scal@saros-con.imp.fu-berlin.de)...] (Negotiation.java:438) canceled negotiation OSN [remote side: oop_scal@saros-con.imp.fu-berlin.de], error: oop_scal@saros-con.imp.fu-berlin.de does not support Saros or the request timed out. Please try again.
INFO  22:04:11,566 [Worker-102: Inviting oop_scal@saros-con.imp.fu-berlin.de (oop_scal@saros-con.imp.fu-berlin.de)...] (SarosSession.java:354) user oop_scal@saros-con.imp.fu-berlin.de/Saros joined session
DEBUG 22:04:11,920 [Smack Listener Processor (0)] (MultiUserChatStateManager.java:98) Incoming Message from saros_801065714@conference.saros-con.imp.fu-berlin.de/oop_scal@saros-con.imp.fu-berlin.de/Saros with state: active
INFO  22:04:49,953 [Worker-98: Synchronizing projects] (SarosSession.java:360) user oop_scal@saros-con.imp.fu-berlin.de/Saros started queuing projects and can receive IResourceActivities
INFO  22:04:52,766 [Worker-98: Synchronizing projects] (SarosSession.java:389) user oop_scal@saros-con.imp.fu-berlin.de/Saros now has Projects and can process IResourceActivities
DEBUG 23:07:36,591 [Smack Listener Processor (0)] (MultiUserChatStateManager.java:98) Incoming Message from saros_801065714@conference.saros-con.imp.fu-berlin.de/zhang_laptopoop@saros-con.imp.fu-berlin.de/Saros with state: composing
DEBUG 23:07:37,342 [Smack Listener Processor (0)] (MultiUserChatStateManager.java:98) Incoming Message from saros_801065714@conference.saros-con.imp.fu-berlin.de/zhang_laptopoop@saros-con.imp.fu-berlin.de/Saros with state: inactive
INFO  23:07:47,199 [Smack Listener Processor (0)] (SingleUserChatService.java:80) chat created between zhang_oop2020@saros-con.imp.fu-berlin.de/Saros <->oop_scal@saros-con.imp.fu-berlin.de/Saros, created local: false
INFO  23:07:47,199 [Smack Listener Processor (0)] (SingleUserChatService.java:107) skipping notification of listeners because the chat already exists
INFO  23:07:50,353 [Smack Listener Processor (0)] (SingleUserChatService.java:80) chat created between zhang_oop2020@saros-con.imp.fu-berlin.de/Saros <->oop_scal@saros-con.imp.fu-berlin.de/Saros, created local: false
INFO  23:07:50,353 [Smack Listener Processor (0)] (SingleUserChatService.java:107) skipping notification of listeners because the chat already exists
DEBUG 23:08:01,952 [Smack Listener Processor (0)] (MultiUserChatStateManager.java:98) Incoming Message from saros_801065714@conference.saros-con.imp.fu-berlin.de/zhang_laptopoop@saros-con.imp.fu-berlin.de/Saros with state: composing
DEBUG 23:08:02,129 [Smack Listener Processor (0)] (MultiUserChatStateManager.java:98) Incoming Message from saros_801065714@conference.saros-con.imp.fu-berlin.de/oop_scal@saros-con.imp.fu-berlin.de/Saros with state: composing
DEBUG 23:08:02,836 [Smack Listener Processor (0)] (MultiUserChatStateManager.java:98) Incoming Message from saros_801065714@conference.saros-con.imp.fu-berlin.de/oop_scal@saros-con.imp.fu-berlin.de/Saros with state: inactive
DEBUG 23:08:02,926 [Smack Listener Processor (0)] (MultiUserChatStateManager.java:98) Incoming Message from saros_801065714@conference.saros-con.imp.fu-berlin.de/zhang_laptopoop@saros-con.imp.fu-berlin.de/Saros with state: inactive
DEBUG 23:11:25,264 [Smack Listener Processor (0)] (MultiUserChatStateManager.java:98) Incoming Message from saros_801065714@conference.saros-con.imp.fu-berlin.de/zhang_laptopoop@saros-con.imp.fu-berlin.de/Saros with state: composing
DEBUG 23:11:25,681 [Smack Listener Processor (0)] (MultiUserChatStateManager.java:98) Incoming Message from saros_801065714@conference.saros-con.imp.fu-berlin.de/zhang_laptopoop@saros-con.imp.fu-berlin.de/Saros with state: inactive
DEBUG 23:11:58,235 [Smack Listener Processor (0)] (MultiUserChatStateManager.java:98) Incoming Message from saros_801065714@conference.saros-con.imp.fu-berlin.de/zhang_laptopoop@saros-con.imp.fu-berlin.de/Saros with state: composing
DEBUG 23:11:58,427 [Smack Listener Processor (0)] (MultiUserChatStateManager.java:98) Incoming Message from saros_801065714@conference.saros-con.imp.fu-berlin.de/zhang_laptopoop@saros-con.imp.fu-berlin.de/Saros with state: inactive
WARN  23:33:47,238 [main] (TextEditActivity.java:312) NoOp Text edit: new '' old ''
DEBUG 00:10:59,418 [Smack Listener Processor (0)] (MultiUserChatStateManager.java:98) Incoming Message from saros_801065714@conference.saros-con.imp.fu-berlin.de/zhang_laptopoop@saros-con.imp.fu-berlin.de/Saros with state: composing
DEBUG 00:11:00,204 [Smack Listener Processor (0)] (MultiUserChatStateManager.java:98) Incoming Message from saros_801065714@conference.saros-con.imp.fu-berlin.de/zhang_laptopoop@saros-con.imp.fu-berlin.de/Saros with state: inactive
DEBUG 00:11:06,486 [Smack Listener Processor (0)] (MultiUserChatStateManager.java:98) Incoming Message from saros_801065714@conference.saros-con.imp.fu-berlin.de/zhang_laptopoop@saros-con.imp.fu-berlin.de/Saros with state: composing
DEBUG 00:11:06,691 [Smack Listener Processor (0)] (MultiUserChatStateManager.java:98) Incoming Message from saros_801065714@conference.saros-con.imp.fu-berlin.de/zhang_laptopoop@saros-con.imp.fu-berlin.de/Saros with state: inactive
DEBUG 00:11:12,279 [Smack Listener Processor (0)] (MultiUserChatStateManager.java:98) Incoming Message from saros_801065714@conference.saros-con.imp.fu-berlin.de/zhang_laptopoop@saros-con.imp.fu-berlin.de/Saros with state: composing
DEBUG 00:11:12,926 [Smack Listener Processor (0)] (MultiUserChatStateManager.java:98) Incoming Message from saros_801065714@conference.saros-con.imp.fu-berlin.de/zhang_laptopoop@saros-con.imp.fu-berlin.de/Saros with state: inactive
ERROR 00:23:39,717 [saros-activity-sender] (ActivitySequencer.java:528) failed to sent activities: [EditorActivity(type: CLOSED, path: SPath [project=P/FBdemo (EclipseProjectImpl), projectRelativePath=src/main/java/univpm/esempio/model/page_post.java])]
java.io.IOException: not connected to oop_scal@saros-con.imp.fu-berlin.de/Saros [connection identifier=saros-main-session]
	at saros.net.internal.XMPPTransmitter.send(XMPPTransmitter.java:96)
	at saros.session.internal.ActivitySequencer.sendActivities(ActivitySequencer.java:526)
	at saros.session.internal.ActivitySequencer.access$3(ActivitySequencer.java:461)
	at saros.session.internal.ActivitySequencer$2.run(ActivitySequencer.java:147)
	at saros.util.ThreadUtils$1.run(ThreadUtils.java:34)
	at java.lang.Thread.run(Unknown Source)
INFO  00:23:40,142 [saros-kill-user-oop_scal-tx] (SarosSession.java:468) user oop_scal@saros-con.imp.fu-berlin.de/Saros left session
INFO  00:23:50,431 [saros-remove-zhang_laptopoop@saros-con.imp.fu-berlin.de/Saros] (SarosSession.java:468) user zhang_laptopoop@saros-con.imp.fu-berlin.de/Saros left session
INFO  00:23:50,458 [saros-StopSession] (SarosSessionManager.java:332) session stopped
INFO  00:23:58,312 [saros-shutdown] (ContainerContext.java:205) disposing context...
INFO  00:23:58,312 [saros-shutdown] (ContainerContext.java:209) successfully disposed context
INFO  00:23:58,414 [Framework stop] (Saros.java:137) Stopping Saros 16.0.1
